[2.070s] Invoking command in '/home/phj/Test_cursor/05_ros2_ws_0.5/src/roomie_gui': DEBUGINFOD_URLS=https://debuginfod.ubuntu.com PS1=(ros_venv) \[\e[1;34m\](ID: ${ROS_DOMAIN_ID:-0})\[\e[1;32m\]\u\[\e[0m\]:\[\e[1;34m\]\w\[\e[0m\]$ PYTHONPATH=/home/phj/Test_cursor/05_ros2_ws_0.5/build/roomie_gui/prefix_override:/usr/lib/python3/dist-packages/colcon_core/task/python/colcon_distutils_commands:/home/phj/Test_cursor/05_ros2_ws_0.5/install/roomie_gui/lib/python3.12/site-packages:/home/phj/Test_cursor/05_ros2_ws_0.5/install/roomie_msgs/lib/python3.12/site-packages:/home/phj/Test_cursor/05_ros2_ws_0.5/install/roomie_static_obstacle/lib/python3.12/site-packages:/home/phj/Test_cursor/05_ros2_ws_0.5/install/roomie_simple_navigator/lib/python3.12/site-packages:/home/phj/Test_cursor/05_ros2_ws_0.5/install/roomie_safety_monitor/lib/python3.12/site-packages:/home/phj/Test_cursor/05_ros2_ws_0.5/install/roomie_rc_test/lib/python3.12/site-packages:/home/phj/Test_cursor/05_ros2_ws_0.5/install/roomie_rc/lib/python3.12/site-packages:/home/phj/Test_cursor/05_ros2_ws_0.5/install/roomie_gui/lib/python3.12/site-packages:/home/phj/Test_cursor/05_ros2_ws_0.5/install/roomie_ec/lib/python3.12/site-packages:/opt/ros/jazzy/lib/python3.12/site-packages VIRTUAL_ENV_PROMPT=(ros_venv) /usr/bin/python3 -W ignore:setup.py install is deprecated -W ignore:easy_install command is deprecated setup.py egg_info --egg-base ../../build/roomie_gui build --build-base /home/phj/Test_cursor/05_ros2_ws_0.5/build/roomie_gui/build install --record /home/phj/Test_cursor/05_ros2_ws_0.5/build/roomie_gui/install.log --single-version-externally-managed install_data
[2.400s] running egg_info
[2.428s] writing ../../build/roomie_gui/roomie_gui.egg-info/PKG-INFO
[2.428s] writing dependency_links to ../../build/roomie_gui/roomie_gui.egg-info/dependency_links.txt
[2.428s] writing entry points to ../../build/roomie_gui/roomie_gui.egg-info/entry_points.txt
[2.429s] writing requirements to ../../build/roomie_gui/roomie_gui.egg-info/requires.txt
[2.429s] writing top-level names to ../../build/roomie_gui/roomie_gui.egg-info/top_level.txt
[2.479s] reading manifest file '../../build/roomie_gui/roomie_gui.egg-info/SOURCES.txt'
[2.479s] writing manifest file '../../build/roomie_gui/roomie_gui.egg-info/SOURCES.txt'
[2.479s] running build
[2.480s] running build_py
[2.480s] running install
[2.486s] running install_lib
[2.513s] running install_data
[2.513s] running install_egg_info
[2.540s] removing '/home/phj/Test_cursor/05_ros2_ws_0.5/install/roomie_gui/lib/python3.12/site-packages/roomie_gui-0.0.0-py3.12.egg-info' (and everything under it)
[2.540s] Copying ../../build/roomie_gui/roomie_gui.egg-info to /home/phj/Test_cursor/05_ros2_ws_0.5/install/roomie_gui/lib/python3.12/site-packages/roomie_gui-0.0.0-py3.12.egg-info
[2.541s] running install_scripts
[2.712s] Installing obstacle_gui script to /home/phj/Test_cursor/05_ros2_ws_0.5/install/roomie_gui/lib/roomie_gui
[2.712s] writing list of installed files to '/home/phj/Test_cursor/05_ros2_ws_0.5/build/roomie_gui/install.log'
[2.756s] Invoked command in '/home/phj/Test_cursor/05_ros2_ws_0.5/src/roomie_gui' returned '0': DEBUGINFOD_URLS=https://debuginfod.ubuntu.com PS1=(ros_venv) \[\e[1;34m\](ID: ${ROS_DOMAIN_ID:-0})\[\e[1;32m\]\u\[\e[0m\]:\[\e[1;34m\]\w\[\e[0m\]$ PYTHONPATH=/home/phj/Test_cursor/05_ros2_ws_0.5/build/roomie_gui/prefix_override:/usr/lib/python3/dist-packages/colcon_core/task/python/colcon_distutils_commands:/home/phj/Test_cursor/05_ros2_ws_0.5/install/roomie_gui/lib/python3.12/site-packages:/home/phj/Test_cursor/05_ros2_ws_0.5/install/roomie_msgs/lib/python3.12/site-packages:/home/phj/Test_cursor/05_ros2_ws_0.5/install/roomie_static_obstacle/lib/python3.12/site-packages:/home/phj/Test_cursor/05_ros2_ws_0.5/install/roomie_simple_navigator/lib/python3.12/site-packages:/home/phj/Test_cursor/05_ros2_ws_0.5/install/roomie_safety_monitor/lib/python3.12/site-packages:/home/phj/Test_cursor/05_ros2_ws_0.5/install/roomie_rc_test/lib/python3.12/site-packages:/home/phj/Test_cursor/05_ros2_ws_0.5/install/roomie_rc/lib/python3.12/site-packages:/home/phj/Test_cursor/05_ros2_ws_0.5/install/roomie_gui/lib/python3.12/site-packages:/home/phj/Test_cursor/05_ros2_ws_0.5/install/roomie_ec/lib/python3.12/site-packages:/opt/ros/jazzy/lib/python3.12/site-packages VIRTUAL_ENV_PROMPT=(ros_venv) /usr/bin/python3 -W ignore:setup.py install is deprecated -W ignore:easy_install command is deprecated setup.py egg_info --egg-base ../../build/roomie_gui build --build-base /home/phj/Test_cursor/05_ros2_ws_0.5/build/roomie_gui/build install --record /home/phj/Test_cursor/05_ros2_ws_0.5/build/roomie_gui/install.log --single-version-externally-managed install_data
