[4.418s] Invoking command in '/home/phj/Test_cursor/05_ros2_ws_0.5/src/roomie_static_obstacle': AMENT_PREFIX_PATH=/home/phj/Test_cursor/05_ros2_ws_0.5/install/roomie_msgs:${AMENT_PREFIX_PATH} CMAKE_PREFIX_PATH=/home/phj/Test_cursor/05_ros2_ws_0.5/install/roomie_msgs:${CMAKE_PREFIX_PATH} DEBUGINFOD_URLS=https://debuginfod.ubuntu.com LD_LIBRARY_PATH=/home/phj/Test_cursor/05_ros2_ws_0.5/install/roomie_msgs/lib:${LD_LIBRARY_PATH} PS1=(ros_venv) \[\e[1;34m\](ID: ${ROS_DOMAIN_ID:-0})\[\e[1;32m\]\u\[\e[0m\]:\[\e[1;34m\]\w\[\e[0m\]$ PYTHONPATH=/home/phj/Test_cursor/05_ros2_ws_0.5/build/roomie_static_obstacle/prefix_override:/usr/lib/python3/dist-packages/colcon_core/task/python/colcon_distutils_commands:/home/phj/Test_cursor/05_ros2_ws_0.5/install/roomie_static_obstacle/lib/python3.12/site-packages:/home/phj/Test_cursor/05_ros2_ws_0.5/install/roomie_msgs/lib/python3.12/site-packages:${PYTHONPATH} VIRTUAL_ENV_PROMPT=(ros_venv) /usr/bin/python3 -W ignore:setup.py install is deprecated -W ignore:easy_install command is deprecated setup.py egg_info --egg-base ../../build/roomie_static_obstacle build --build-base /home/phj/Test_cursor/05_ros2_ws_0.5/build/roomie_static_obstacle/build install --record /home/phj/Test_cursor/05_ros2_ws_0.5/build/roomie_static_obstacle/install.log --single-version-externally-managed install_data
[4.848s] running egg_info
[4.849s] creating ../../build/roomie_static_obstacle/roomie_static_obstacle.egg-info
[4.885s] writing ../../build/roomie_static_obstacle/roomie_static_obstacle.egg-info/PKG-INFO
[4.886s] writing dependency_links to ../../build/roomie_static_obstacle/roomie_static_obstacle.egg-info/dependency_links.txt
[4.886s] writing entry points to ../../build/roomie_static_obstacle/roomie_static_obstacle.egg-info/entry_points.txt
[4.886s] writing requirements to ../../build/roomie_static_obstacle/roomie_static_obstacle.egg-info/requires.txt
[4.886s] writing top-level names to ../../build/roomie_static_obstacle/roomie_static_obstacle.egg-info/top_level.txt
[4.886s] writing manifest file '../../build/roomie_static_obstacle/roomie_static_obstacle.egg-info/SOURCES.txt'
[4.963s] reading manifest file '../../build/roomie_static_obstacle/roomie_static_obstacle.egg-info/SOURCES.txt'
[4.963s] writing manifest file '../../build/roomie_static_obstacle/roomie_static_obstacle.egg-info/SOURCES.txt'
[4.964s] running build
[4.964s] running build_py
[4.964s] creating /home/phj/Test_cursor/05_ros2_ws_0.5/build/roomie_static_obstacle/build
[4.964s] creating /home/phj/Test_cursor/05_ros2_ws_0.5/build/roomie_static_obstacle/build/lib
[4.964s] creating /home/phj/Test_cursor/05_ros2_ws_0.5/build/roomie_static_obstacle/build/lib/roomie_static_obstacle
[4.965s] copying roomie_static_obstacle/__init__.py -> /home/phj/Test_cursor/05_ros2_ws_0.5/build/roomie_static_obstacle/build/lib/roomie_static_obstacle
[4.965s] copying roomie_static_obstacle/route_manager_node.py -> /home/phj/Test_cursor/05_ros2_ws_0.5/build/roomie_static_obstacle/build/lib/roomie_static_obstacle
[4.965s] copying roomie_static_obstacle/config.py -> /home/phj/Test_cursor/05_ros2_ws_0.5/build/roomie_static_obstacle/build/lib/roomie_static_obstacle
[4.965s] copying roomie_static_obstacle/tuner_node.py -> /home/phj/Test_cursor/05_ros2_ws_0.5/build/roomie_static_obstacle/build/lib/roomie_static_obstacle
[4.966s] running install
[4.974s] running install_lib
[5.015s] creating /home/phj/Test_cursor/05_ros2_ws_0.5/install/roomie_static_obstacle/lib/python3.12/site-packages/roomie_static_obstacle
[5.016s] copying /home/phj/Test_cursor/05_ros2_ws_0.5/build/roomie_static_obstacle/build/lib/roomie_static_obstacle/__init__.py -> /home/phj/Test_cursor/05_ros2_ws_0.5/install/roomie_static_obstacle/lib/python3.12/site-packages/roomie_static_obstacle
[5.016s] copying /home/phj/Test_cursor/05_ros2_ws_0.5/build/roomie_static_obstacle/build/lib/roomie_static_obstacle/route_manager_node.py -> /home/phj/Test_cursor/05_ros2_ws_0.5/install/roomie_static_obstacle/lib/python3.12/site-packages/roomie_static_obstacle
[5.016s] copying /home/phj/Test_cursor/05_ros2_ws_0.5/build/roomie_static_obstacle/build/lib/roomie_static_obstacle/config.py -> /home/phj/Test_cursor/05_ros2_ws_0.5/install/roomie_static_obstacle/lib/python3.12/site-packages/roomie_static_obstacle
[5.017s] copying /home/phj/Test_cursor/05_ros2_ws_0.5/build/roomie_static_obstacle/build/lib/roomie_static_obstacle/tuner_node.py -> /home/phj/Test_cursor/05_ros2_ws_0.5/install/roomie_static_obstacle/lib/python3.12/site-packages/roomie_static_obstacle
[5.017s] byte-compiling /home/phj/Test_cursor/05_ros2_ws_0.5/install/roomie_static_obstacle/lib/python3.12/site-packages/roomie_static_obstacle/__init__.py to __init__.cpython-312.pyc
[5.018s] byte-compiling /home/phj/Test_cursor/05_ros2_ws_0.5/install/roomie_static_obstacle/lib/python3.12/site-packages/roomie_static_obstacle/route_manager_node.py to route_manager_node.cpython-312.pyc
[5.023s] byte-compiling /home/phj/Test_cursor/05_ros2_ws_0.5/install/roomie_static_obstacle/lib/python3.12/site-packages/roomie_static_obstacle/config.py to config.cpython-312.pyc
[5.025s] byte-compiling /home/phj/Test_cursor/05_ros2_ws_0.5/install/roomie_static_obstacle/lib/python3.12/site-packages/roomie_static_obstacle/tuner_node.py to tuner_node.cpython-312.pyc
[5.026s] running install_data
[5.027s] creating /home/phj/Test_cursor/05_ros2_ws_0.5/install/roomie_static_obstacle/share/ament_index
[5.027s] creating /home/phj/Test_cursor/05_ros2_ws_0.5/install/roomie_static_obstacle/share/ament_index/resource_index
[5.027s] creating /home/phj/Test_cursor/05_ros2_ws_0.5/install/roomie_static_obstacle/share/ament_index/resource_index/packages
[5.028s] copying resource/roomie_static_obstacle -> /home/phj/Test_cursor/05_ros2_ws_0.5/install/roomie_static_obstacle/share/ament_index/resource_index/packages
[5.028s] copying package.xml -> /home/phj/Test_cursor/05_ros2_ws_0.5/install/roomie_static_obstacle/share/roomie_static_obstacle
[5.028s] running install_egg_info
[5.066s] Copying ../../build/roomie_static_obstacle/roomie_static_obstacle.egg-info to /home/phj/Test_cursor/05_ros2_ws_0.5/install/roomie_static_obstacle/lib/python3.12/site-packages/roomie_static_obstacle-0.0.0-py3.12.egg-info
[5.067s] running install_scripts
[5.288s] Installing route_manager script to /home/phj/Test_cursor/05_ros2_ws_0.5/install/roomie_static_obstacle/lib/roomie_static_obstacle
[5.288s] Installing tuner_node script to /home/phj/Test_cursor/05_ros2_ws_0.5/install/roomie_static_obstacle/lib/roomie_static_obstacle
[5.289s] writing list of installed files to '/home/phj/Test_cursor/05_ros2_ws_0.5/build/roomie_static_obstacle/install.log'
[5.338s] Invoked command in '/home/phj/Test_cursor/05_ros2_ws_0.5/src/roomie_static_obstacle' returned '0': AMENT_PREFIX_PATH=/home/phj/Test_cursor/05_ros2_ws_0.5/install/roomie_msgs:${AMENT_PREFIX_PATH} CMAKE_PREFIX_PATH=/home/phj/Test_cursor/05_ros2_ws_0.5/install/roomie_msgs:${CMAKE_PREFIX_PATH} DEBUGINFOD_URLS=https://debuginfod.ubuntu.com LD_LIBRARY_PATH=/home/phj/Test_cursor/05_ros2_ws_0.5/install/roomie_msgs/lib:${LD_LIBRARY_PATH} PS1=(ros_venv) \[\e[1;34m\](ID: ${ROS_DOMAIN_ID:-0})\[\e[1;32m\]\u\[\e[0m\]:\[\e[1;34m\]\w\[\e[0m\]$ PYTHONPATH=/home/phj/Test_cursor/05_ros2_ws_0.5/build/roomie_static_obstacle/prefix_override:/usr/lib/python3/dist-packages/colcon_core/task/python/colcon_distutils_commands:/home/phj/Test_cursor/05_ros2_ws_0.5/install/roomie_static_obstacle/lib/python3.12/site-packages:/home/phj/Test_cursor/05_ros2_ws_0.5/install/roomie_msgs/lib/python3.12/site-packages:${PYTHONPATH} VIRTUAL_ENV_PROMPT=(ros_venv) /usr/bin/python3 -W ignore:setup.py install is deprecated -W ignore:easy_install command is deprecated setup.py egg_info --egg-base ../../build/roomie_static_obstacle build --build-base /home/phj/Test_cursor/05_ros2_ws_0.5/build/roomie_static_obstacle/build install --record /home/phj/Test_cursor/05_ros2_ws_0.5/build/roomie_static_obstacle/install.log --single-version-externally-managed install_data
