/home/phj/Test_cursor/05_ros2_ws_0.5/install/roomie_gc/lib/python3.12/site-packages/roomie_gc/__init__.py
/home/phj/Test_cursor/05_ros2_ws_0.5/install/roomie_gc/lib/python3.12/site-packages/roomie_gc/nodes/__init__.py
/home/phj/Test_cursor/05_ros2_ws_0.5/install/roomie_gc/lib/python3.12/site-packages/roomie_gc/nodes/roomie_gc_node.py
/home/phj/Test_cursor/05_ros2_ws_0.5/install/roomie_gc/lib/python3.12/site-packages/roomie_gc/scripts/__init__.py
/home/phj/Test_cursor/05_ros2_ws_0.5/install/roomie_gc/lib/python3.12/site-packages/roomie_gc/scripts/speed_limit_controller.py
/home/phj/Test_cursor/05_ros2_ws_0.5/install/roomie_gc/lib/python3.12/site-packages/roomie_gc/scripts/test_servers.py
/home/phj/Test_cursor/05_ros2_ws_0.5/install/roomie_gc/lib/python3.12/site-packages/roomie_gc/scripts/tracking_gui.py
/home/phj/Test_cursor/05_ros2_ws_0.5/install/roomie_gc/lib/python3.12/site-packages/roomie_gc/__pycache__/__init__.cpython-312.pyc
/home/phj/Test_cursor/05_ros2_ws_0.5/install/roomie_gc/lib/python3.12/site-packages/roomie_gc/nodes/__pycache__/__init__.cpython-312.pyc
/home/phj/Test_cursor/05_ros2_ws_0.5/install/roomie_gc/lib/python3.12/site-packages/roomie_gc/nodes/__pycache__/roomie_gc_node.cpython-312.pyc
/home/phj/Test_cursor/05_ros2_ws_0.5/install/roomie_gc/lib/python3.12/site-packages/roomie_gc/scripts/__pycache__/__init__.cpython-312.pyc
/home/phj/Test_cursor/05_ros2_ws_0.5/install/roomie_gc/lib/python3.12/site-packages/roomie_gc/scripts/__pycache__/speed_limit_controller.cpython-312.pyc
/home/phj/Test_cursor/05_ros2_ws_0.5/install/roomie_gc/lib/python3.12/site-packages/roomie_gc/scripts/__pycache__/test_servers.cpython-312.pyc
/home/phj/Test_cursor/05_ros2_ws_0.5/install/roomie_gc/lib/python3.12/site-packages/roomie_gc/scripts/__pycache__/tracking_gui.cpython-312.pyc
/home/phj/Test_cursor/05_ros2_ws_0.5/install/roomie_gc/share/ament_index/resource_index/packages/roomie_gc
/home/phj/Test_cursor/05_ros2_ws_0.5/install/roomie_gc/share/roomie_gc/package.xml
/home/phj/Test_cursor/05_ros2_ws_0.5/install/roomie_gc/share/roomie_gc/launch/roomie_gc.launch.py
/home/phj/Test_cursor/05_ros2_ws_0.5/install/roomie_gc/share/roomie_gc/launch/test_gc.launch.py
/home/phj/Test_cursor/05_ros2_ws_0.5/install/roomie_gc/lib/python3.12/site-packages/roomie_gc-0.0.0-py3.12.egg-info/SOURCES.txt
/home/phj/Test_cursor/05_ros2_ws_0.5/install/roomie_gc/lib/python3.12/site-packages/roomie_gc-0.0.0-py3.12.egg-info/requires.txt
/home/phj/Test_cursor/05_ros2_ws_0.5/install/roomie_gc/lib/python3.12/site-packages/roomie_gc-0.0.0-py3.12.egg-info/entry_points.txt
/home/phj/Test_cursor/05_ros2_ws_0.5/install/roomie_gc/lib/python3.12/site-packages/roomie_gc-0.0.0-py3.12.egg-info/zip-safe
/home/phj/Test_cursor/05_ros2_ws_0.5/install/roomie_gc/lib/python3.12/site-packages/roomie_gc-0.0.0-py3.12.egg-info/dependency_links.txt
/home/phj/Test_cursor/05_ros2_ws_0.5/install/roomie_gc/lib/python3.12/site-packages/roomie_gc-0.0.0-py3.12.egg-info/top_level.txt
/home/phj/Test_cursor/05_ros2_ws_0.5/install/roomie_gc/lib/python3.12/site-packages/roomie_gc-0.0.0-py3.12.egg-info/PKG-INFO
/home/phj/Test_cursor/05_ros2_ws_0.5/install/roomie_gc/lib/roomie_gc/roomie_gc_node
/home/phj/Test_cursor/05_ros2_ws_0.5/install/roomie_gc/lib/roomie_gc/speed_limit_controller
/home/phj/Test_cursor/05_ros2_ws_0.5/install/roomie_gc/lib/roomie_gc/test_servers
/home/phj/Test_cursor/05_ros2_ws_0.5/install/roomie_gc/lib/roomie_gc/tracking_gui
