running egg_info
writing ../../build/roomie_ec/roomie_ec.egg-info/PKG-INFO
writing dependency_links to ../../build/roomie_ec/roomie_ec.egg-info/dependency_links.txt
writing entry points to ../../build/roomie_ec/roomie_ec.egg-info/entry_points.txt
writing requirements to ../../build/roomie_ec/roomie_ec.egg-info/requires.txt
writing top-level names to ../../build/roomie_ec/roomie_ec.egg-info/top_level.txt
reading manifest file '../../build/roomie_ec/roomie_ec.egg-info/SOURCES.txt'
writing manifest file '../../build/roomie_ec/roomie_ec.egg-info/SOURCES.txt'
running build
running build_py
running install
running install_lib
running install_data
running install_egg_info
removing '/home/phj/Test_cursor/05_ros2_ws_0.5/install/roomie_ec/lib/python3.12/site-packages/roomie_ec-0.0.0-py3.12.egg-info' (and everything under it)
Copying ../../build/roomie_ec/roomie_ec.egg-info to /home/phj/Test_cursor/05_ros2_ws_0.5/install/roomie_ec/lib/python3.12/site-packages/roomie_ec-0.0.0-py3.12.egg-info
running install_scripts
Installing button_controller script to /home/phj/Test_cursor/05_ros2_ws_0.5/install/roomie_ec/lib/roomie_ec
Installing button_detector script to /home/phj/Test_cursor/05_ros2_ws_0.5/install/roomie_ec/lib/roomie_ec
Installing roomie_ec_node script to /home/phj/Test_cursor/05_ros2_ws_0.5/install/roomie_ec/lib/roomie_ec
Installing test_communication_node script to /home/phj/Test_cursor/05_ros2_ws_0.5/install/roomie_ec/lib/roomie_ec
Installing topic_monitor_node script to /home/phj/Test_cursor/05_ros2_ws_0.5/install/roomie_ec/lib/roomie_ec
writing list of installed files to '/home/phj/Test_cursor/05_ros2_ws_0.5/build/roomie_ec/install.log'
