[4.110s] Invoking command in '/home/phj/Test_cursor/05_ros2_ws_0.5/src/roomie_static_obstacle': DEBUGINFOD_URLS=https://debuginfod.ubuntu.com PS1=(ros_venv) \[\e[1;34m\](ID: ${ROS_DOMAIN_ID:-0})\[\e[1;32m\]\u\[\e[0m\]:\[\e[1;34m\]\w\[\e[0m\]$ PYTHONPATH=/home/phj/Test_cursor/05_ros2_ws_0.5/build/roomie_static_obstacle/prefix_override:/usr/lib/python3/dist-packages/colcon_core/task/python/colcon_distutils_commands:/home/phj/Test_cursor/05_ros2_ws_0.5/install/roomie_static_obstacle/lib/python3.12/site-packages:/home/phj/Test_cursor/05_ros2_ws_0.5/install/roomie_msgs/lib/python3.12/site-packages:/home/phj/Test_cursor/05_ros2_ws_0.5/install/roomie_static_obstacle/lib/python3.12/site-packages:/home/phj/Test_cursor/05_ros2_ws_0.5/install/roomie_simple_navigator/lib/python3.12/site-packages:/home/phj/Test_cursor/05_ros2_ws_0.5/install/roomie_safety_monitor/lib/python3.12/site-packages:/home/phj/Test_cursor/05_ros2_ws_0.5/install/roomie_rc_test/lib/python3.12/site-packages:/home/phj/Test_cursor/05_ros2_ws_0.5/install/roomie_gc/lib/python3.12/site-packages:/home/phj/Test_cursor/05_ros2_ws_0.5/install/roomie_rc/lib/python3.12/site-packages:/home/phj/Test_cursor/05_ros2_ws_0.5/install/roomie_gui/lib/python3.12/site-packages:/home/phj/Test_cursor/05_ros2_ws_0.5/install/roomie_ec/lib/python3.12/site-packages:/opt/ros/jazzy/lib/python3.12/site-packages VIRTUAL_ENV_PROMPT=(ros_venv) /usr/bin/python3 -W ignore:setup.py install is deprecated -W ignore:easy_install command is deprecated setup.py egg_info --egg-base ../../build/roomie_static_obstacle build --build-base /home/phj/Test_cursor/05_ros2_ws_0.5/build/roomie_static_obstacle/build install --record /home/phj/Test_cursor/05_ros2_ws_0.5/build/roomie_static_obstacle/install.log --single-version-externally-managed install_data
[4.754s] running egg_info
[4.812s] writing ../../build/roomie_static_obstacle/roomie_static_obstacle.egg-info/PKG-INFO
[4.813s] writing dependency_links to ../../build/roomie_static_obstacle/roomie_static_obstacle.egg-info/dependency_links.txt
[4.813s] writing entry points to ../../build/roomie_static_obstacle/roomie_static_obstacle.egg-info/entry_points.txt
[4.813s] writing requirements to ../../build/roomie_static_obstacle/roomie_static_obstacle.egg-info/requires.txt
[4.813s] writing top-level names to ../../build/roomie_static_obstacle/roomie_static_obstacle.egg-info/top_level.txt
[4.928s] reading manifest file '../../build/roomie_static_obstacle/roomie_static_obstacle.egg-info/SOURCES.txt'
[4.930s] writing manifest file '../../build/roomie_static_obstacle/roomie_static_obstacle.egg-info/SOURCES.txt'
[4.930s] running build
[4.930s] running build_py
[4.931s] copying roomie_static_obstacle/config.py -> /home/phj/Test_cursor/05_ros2_ws_0.5/build/roomie_static_obstacle/build/lib/roomie_static_obstacle
[4.932s] running install
[4.944s] running install_lib
[5.000s] copying /home/phj/Test_cursor/05_ros2_ws_0.5/build/roomie_static_obstacle/build/lib/roomie_static_obstacle/config.py -> /home/phj/Test_cursor/05_ros2_ws_0.5/install/roomie_static_obstacle/lib/python3.12/site-packages/roomie_static_obstacle
[5.001s] byte-compiling /home/phj/Test_cursor/05_ros2_ws_0.5/install/roomie_static_obstacle/lib/python3.12/site-packages/roomie_static_obstacle/config.py to config.cpython-312.pyc
[5.004s] running install_data
[5.004s] running install_egg_info
[5.063s] removing '/home/phj/Test_cursor/05_ros2_ws_0.5/install/roomie_static_obstacle/lib/python3.12/site-packages/roomie_static_obstacle-0.0.0-py3.12.egg-info' (and everything under it)
[5.064s] Copying ../../build/roomie_static_obstacle/roomie_static_obstacle.egg-info to /home/phj/Test_cursor/05_ros2_ws_0.5/install/roomie_static_obstacle/lib/python3.12/site-packages/roomie_static_obstacle-0.0.0-py3.12.egg-info
[5.066s] running install_scripts
[5.371s] Installing route_manager script to /home/phj/Test_cursor/05_ros2_ws_0.5/install/roomie_static_obstacle/lib/roomie_static_obstacle
[5.371s] Installing tuner_node script to /home/phj/Test_cursor/05_ros2_ws_0.5/install/roomie_static_obstacle/lib/roomie_static_obstacle
[5.372s] writing list of installed files to '/home/phj/Test_cursor/05_ros2_ws_0.5/build/roomie_static_obstacle/install.log'
[5.585s] Invoked command in '/home/phj/Test_cursor/05_ros2_ws_0.5/src/roomie_static_obstacle' returned '0': DEBUGINFOD_URLS=https://debuginfod.ubuntu.com PS1=(ros_venv) \[\e[1;34m\](ID: ${ROS_DOMAIN_ID:-0})\[\e[1;32m\]\u\[\e[0m\]:\[\e[1;34m\]\w\[\e[0m\]$ PYTHONPATH=/home/phj/Test_cursor/05_ros2_ws_0.5/build/roomie_static_obstacle/prefix_override:/usr/lib/python3/dist-packages/colcon_core/task/python/colcon_distutils_commands:/home/phj/Test_cursor/05_ros2_ws_0.5/install/roomie_static_obstacle/lib/python3.12/site-packages:/home/phj/Test_cursor/05_ros2_ws_0.5/install/roomie_msgs/lib/python3.12/site-packages:/home/phj/Test_cursor/05_ros2_ws_0.5/install/roomie_static_obstacle/lib/python3.12/site-packages:/home/phj/Test_cursor/05_ros2_ws_0.5/install/roomie_simple_navigator/lib/python3.12/site-packages:/home/phj/Test_cursor/05_ros2_ws_0.5/install/roomie_safety_monitor/lib/python3.12/site-packages:/home/phj/Test_cursor/05_ros2_ws_0.5/install/roomie_rc_test/lib/python3.12/site-packages:/home/phj/Test_cursor/05_ros2_ws_0.5/install/roomie_gc/lib/python3.12/site-packages:/home/phj/Test_cursor/05_ros2_ws_0.5/install/roomie_rc/lib/python3.12/site-packages:/home/phj/Test_cursor/05_ros2_ws_0.5/install/roomie_gui/lib/python3.12/site-packages:/home/phj/Test_cursor/05_ros2_ws_0.5/install/roomie_ec/lib/python3.12/site-packages:/opt/ros/jazzy/lib/python3.12/site-packages VIRTUAL_ENV_PROMPT=(ros_venv) /usr/bin/python3 -W ignore:setup.py install is deprecated -W ignore:easy_install command is deprecated setup.py egg_info --egg-base ../../build/roomie_static_obstacle build --build-base /home/phj/Test_cursor/05_ros2_ws_0.5/build/roomie_static_obstacle/build install --record /home/phj/Test_cursor/05_ros2_ws_0.5/build/roomie_static_obstacle/install.log --single-version-externally-managed install_data
