running egg_info
writing ../../build/roomie_gc/roomie_gc.egg-info/PKG-INFO
writing dependency_links to ../../build/roomie_gc/roomie_gc.egg-info/dependency_links.txt
writing entry points to ../../build/roomie_gc/roomie_gc.egg-info/entry_points.txt
writing requirements to ../../build/roomie_gc/roomie_gc.egg-info/requires.txt
writing top-level names to ../../build/roomie_gc/roomie_gc.egg-info/top_level.txt
reading manifest file '../../build/roomie_gc/roomie_gc.egg-info/SOURCES.txt'
writing manifest file '../../build/roomie_gc/roomie_gc.egg-info/SOURCES.txt'
running build
running build_py
copying roomie_gc/nodes/roomie_gc_node.py -> /home/phj/Test_cursor/05_ros2_ws_0.5/build/roomie_gc/build/lib/roomie_gc/nodes
copying roomie_gc/scripts/slowdown_test.py -> /home/phj/Test_cursor/05_ros2_ws_0.5/build/roomie_gc/build/lib/roomie_gc/scripts
running install
running install_lib
copying /home/phj/Test_cursor/05_ros2_ws_0.5/build/roomie_gc/build/lib/roomie_gc/scripts/slowdown_test.py -> /home/phj/Test_cursor/05_ros2_ws_0.5/install/roomie_gc/lib/python3.12/site-packages/roomie_gc/scripts
copying /home/phj/Test_cursor/05_ros2_ws_0.5/build/roomie_gc/build/lib/roomie_gc/nodes/roomie_gc_node.py -> /home/phj/Test_cursor/05_ros2_ws_0.5/install/roomie_gc/lib/python3.12/site-packages/roomie_gc/nodes
byte-compiling /home/phj/Test_cursor/05_ros2_ws_0.5/install/roomie_gc/lib/python3.12/site-packages/roomie_gc/scripts/slowdown_test.py to slowdown_test.cpython-312.pyc
byte-compiling /home/phj/Test_cursor/05_ros2_ws_0.5/install/roomie_gc/lib/python3.12/site-packages/roomie_gc/nodes/roomie_gc_node.py to roomie_gc_node.cpython-312.pyc
running install_data
running install_egg_info
removing '/home/phj/Test_cursor/05_ros2_ws_0.5/install/roomie_gc/lib/python3.12/site-packages/roomie_gc-0.0.0-py3.12.egg-info' (and everything under it)
Copying ../../build/roomie_gc/roomie_gc.egg-info to /home/phj/Test_cursor/05_ros2_ws_0.5/install/roomie_gc/lib/python3.12/site-packages/roomie_gc-0.0.0-py3.12.egg-info
running install_scripts
Installing roomie_gc_node script to /home/phj/Test_cursor/05_ros2_ws_0.5/install/roomie_gc/lib/roomie_gc
Installing slowdown_test script to /home/phj/Test_cursor/05_ros2_ws_0.5/install/roomie_gc/lib/roomie_gc
Installing test_servers script to /home/phj/Test_cursor/05_ros2_ws_0.5/install/roomie_gc/lib/roomie_gc
writing list of installed files to '/home/phj/Test_cursor/05_ros2_ws_0.5/build/roomie_gc/install.log'
