[0.091s] DEBUG:colcon:Command line arguments: ['/usr/bin/colcon', 'build']
[0.092s] DEBUG:colcon:Parsed command line arguments: Namespace(log_base=None, log_level=None, verb_name='build', build_base='build', install_base='install', merge_install=False, symlink_install=False, test_result_base=None, continue_on_error=False, executor='parallel', parallel_workers=12, event_handlers=None, ignore_user_meta=False, metas=['./colcon.meta'], base_paths=['.'], packages_ignore=None, packages_ignore_regex=None, paths=None, packages_up_to=None, packages_up_to_regex=None, packages_above=None, packages_above_and_dependencies=None, packages_above_depth=None, packages_select_by_dep=None, packages_skip_by_dep=None, packages_skip_up_to=None, packages_select_build_failed=False, packages_skip_build_finished=False, packages_select_test_failures=False, packages_skip_test_passed=False, packages_select=None, packages_skip=None, packages_select_regex=None, packages_skip_regex=None, packages_start=None, packages_end=None, allow_overriding=[], cmake_args=None, cmake_target=None, cmake_target_skip_unavailable=False, cmake_clean_cache=False, cmake_clean_first=False, cmake_force_configure=False, ament_cmake_args=None, catkin_cmake_args=None, catkin_skip_building_tests=False, mixin_files=None, mixin=None, verb_parser=<colcon_mixin.mixin.mixin_argument.MixinArgumentDecorator object at 0x709b9a9bc5c0>, verb_extension=<colcon_core.verb.build.BuildVerb object at 0x709b9aadc3b0>, main=<bound method BuildVerb.main of <colcon_core.verb.build.BuildVerb object at 0x709b9aadc3b0>>, mixin_verb=('build',))
[0.121s] Level 1:colcon.colcon_core.package_discovery:discover_packages(colcon_meta) check parameters
[0.121s] Level 1:colcon.colcon_core.package_discovery:discover_packages(recursive) check parameters
[0.121s] Level 1:colcon.colcon_core.package_discovery:discover_packages(ignore) check parameters
[0.121s] Level 1:colcon.colcon_core.package_discovery:discover_packages(path) check parameters
[0.121s] Level 1:colcon.colcon_core.package_discovery:discover_packages(colcon_meta) discover
[0.121s] Level 1:colcon.colcon_core.package_discovery:discover_packages(recursive) discover
[0.121s] INFO:colcon.colcon_core.package_discovery:Crawling recursively for packages in '/home/phj/Test_cursor/05_ros2_ws_0.5'
[0.121s] Level 1:colcon.colcon_core.package_identification:_identify(.) by extensions ['ignore', 'ignore_ament_install']
[0.121s] Level 1:colcon.colcon_core.package_identification:_identify(.) by extension 'ignore'
[0.121s] Level 1:colcon.colcon_core.package_identification:_identify(.) by extension 'ignore_ament_install'
[0.121s] Level 1:colcon.colcon_core.package_identification:_identify(.) by extensions ['colcon_pkg']
[0.121s] Level 1:colcon.colcon_core.package_identification:_identify(.) by extension 'colcon_pkg'
[0.122s] Level 1:colcon.colcon_core.package_identification:_identify(.) by extensions ['colcon_meta']
[0.122s] Level 1:colcon.colcon_core.package_identification:_identify(.) by extension 'colcon_meta'
[0.122s] Level 1:colcon.colcon_core.package_identification:_identify(.) by extensions ['ros']
[0.122s] Level 1:colcon.colcon_core.package_identification:_identify(.) by extension 'ros'
[0.141s] Level 1:colcon.colcon_core.package_identification:_identify(.) by extensions ['cmake', 'python']
[0.141s] Level 1:colcon.colcon_core.package_identification:_identify(.) by extension 'cmake'
[0.142s] Level 1:colcon.colcon_core.package_identification:_identify(.) by extension 'python'
[0.142s] Level 1:colcon.colcon_core.package_identification:_identify(.) by extensions ['python_setup_py']
[0.142s] Level 1:colcon.colcon_core.package_identification:_identify(.) by extension 'python_setup_py'
[0.142s] Level 1:colcon.colcon_core.package_identification:_identify(build) by extensions ['ignore', 'ignore_ament_install']
[0.142s] Level 1:colcon.colcon_core.package_identification:_identify(build) by extension 'ignore'
[0.142s] Level 1:colcon.colcon_core.package_identification:_identify(build) ignored
[0.142s] Level 1:colcon.colcon_core.package_identification:_identify(install) by extensions ['ignore', 'ignore_ament_install']
[0.142s] Level 1:colcon.colcon_core.package_identification:_identify(install) by extension 'ignore'
[0.142s] Level 1:colcon.colcon_core.package_identification:_identify(install) ignored
[0.142s] Level 1:colcon.colcon_core.package_identification:_identify(log) by extensions ['ignore', 'ignore_ament_install']
[0.142s] Level 1:colcon.colcon_core.package_identification:_identify(log) by extension 'ignore'
[0.142s] Level 1:colcon.colcon_core.package_identification:_identify(log) ignored
[0.143s] Level 1:colcon.colcon_core.package_identification:_identify(src) by extensions ['ignore', 'ignore_ament_install']
[0.143s] Level 1:colcon.colcon_core.package_identification:_identify(src) by extension 'ignore'
[0.143s] Level 1:colcon.colcon_core.package_identification:_identify(src) by extension 'ignore_ament_install'
[0.143s] Level 1:colcon.colcon_core.package_identification:_identify(src) by extensions ['colcon_pkg']
[0.143s] Level 1:colcon.colcon_core.package_identification:_identify(src) by extension 'colcon_pkg'
[0.143s] Level 1:colcon.colcon_core.package_identification:_identify(src) by extensions ['colcon_meta']
[0.143s] Level 1:colcon.colcon_core.package_identification:_identify(src) by extension 'colcon_meta'
[0.143s] Level 1:colcon.colcon_core.package_identification:_identify(src) by extensions ['ros']
[0.143s] Level 1:colcon.colcon_core.package_identification:_identify(src) by extension 'ros'
[0.143s] Level 1:colcon.colcon_core.package_identification:_identify(src) by extensions ['cmake', 'python']
[0.143s] Level 1:colcon.colcon_core.package_identification:_identify(src) by extension 'cmake'
[0.143s] Level 1:colcon.colcon_core.package_identification:_identify(src) by extension 'python'
[0.143s] Level 1:colcon.colcon_core.package_identification:_identify(src) by extensions ['python_setup_py']
[0.143s] Level 1:colcon.colcon_core.package_identification:_identify(src) by extension 'python_setup_py'
[0.143s] Level 1:colcon.colcon_core.package_identification:_identify(src/roomie_ec) by extensions ['ignore', 'ignore_ament_install']
[0.143s] Level 1:colcon.colcon_core.package_identification:_identify(src/roomie_ec) by extension 'ignore'
[0.143s] Level 1:colcon.colcon_core.package_identification:_identify(src/roomie_ec) by extension 'ignore_ament_install'
[0.143s] Level 1:colcon.colcon_core.package_identification:_identify(src/roomie_ec) by extensions ['colcon_pkg']
[0.143s] Level 1:colcon.colcon_core.package_identification:_identify(src/roomie_ec) by extension 'colcon_pkg'
[0.143s] Level 1:colcon.colcon_core.package_identification:_identify(src/roomie_ec) by extensions ['colcon_meta']
[0.143s] Level 1:colcon.colcon_core.package_identification:_identify(src/roomie_ec) by extension 'colcon_meta'
[0.144s] Level 1:colcon.colcon_core.package_identification:_identify(src/roomie_ec) by extensions ['ros']
[0.144s] Level 1:colcon.colcon_core.package_identification:_identify(src/roomie_ec) by extension 'ros'
[0.146s] DEBUG:colcon.colcon_core.package_identification:Package 'src/roomie_ec' with type 'ros.ament_python' and name 'roomie_ec'
[0.146s] Level 1:colcon.colcon_core.package_identification:_identify(src/roomie_gui) by extensions ['ignore', 'ignore_ament_install']
[0.146s] Level 1:colcon.colcon_core.package_identification:_identify(src/roomie_gui) by extension 'ignore'
[0.146s] Level 1:colcon.colcon_core.package_identification:_identify(src/roomie_gui) by extension 'ignore_ament_install'
[0.146s] Level 1:colcon.colcon_core.package_identification:_identify(src/roomie_gui) by extensions ['colcon_pkg']
[0.146s] Level 1:colcon.colcon_core.package_identification:_identify(src/roomie_gui) by extension 'colcon_pkg'
[0.146s] Level 1:colcon.colcon_core.package_identification:_identify(src/roomie_gui) by extensions ['colcon_meta']
[0.146s] Level 1:colcon.colcon_core.package_identification:_identify(src/roomie_gui) by extension 'colcon_meta'
[0.146s] Level 1:colcon.colcon_core.package_identification:_identify(src/roomie_gui) by extensions ['ros']
[0.146s] Level 1:colcon.colcon_core.package_identification:_identify(src/roomie_gui) by extension 'ros'
[0.147s] DEBUG:colcon.colcon_core.package_identification:Package 'src/roomie_gui' with type 'ros.ament_python' and name 'roomie_gui'
[0.147s] Level 1:colcon.colcon_core.package_identification:_identify(src/roomie_msgs) by extensions ['ignore', 'ignore_ament_install']
[0.147s] Level 1:colcon.colcon_core.package_identification:_identify(src/roomie_msgs) by extension 'ignore'
[0.147s] Level 1:colcon.colcon_core.package_identification:_identify(src/roomie_msgs) by extension 'ignore_ament_install'
[0.147s] Level 1:colcon.colcon_core.package_identification:_identify(src/roomie_msgs) by extensions ['colcon_pkg']
[0.147s] Level 1:colcon.colcon_core.package_identification:_identify(src/roomie_msgs) by extension 'colcon_pkg'
[0.147s] Level 1:colcon.colcon_core.package_identification:_identify(src/roomie_msgs) by extensions ['colcon_meta']
[0.147s] Level 1:colcon.colcon_core.package_identification:_identify(src/roomie_msgs) by extension 'colcon_meta'
[0.147s] Level 1:colcon.colcon_core.package_identification:_identify(src/roomie_msgs) by extensions ['ros']
[0.147s] Level 1:colcon.colcon_core.package_identification:_identify(src/roomie_msgs) by extension 'ros'
[0.147s] DEBUG:colcon.colcon_core.package_identification:Package 'src/roomie_msgs' with type 'ros.ament_cmake' and name 'roomie_msgs'
[0.148s] Level 1:colcon.colcon_core.package_identification:_identify(src/roomie_rc) by extensions ['ignore', 'ignore_ament_install']
[0.148s] Level 1:colcon.colcon_core.package_identification:_identify(src/roomie_rc) by extension 'ignore'
[0.148s] Level 1:colcon.colcon_core.package_identification:_identify(src/roomie_rc) by extension 'ignore_ament_install'
[0.148s] Level 1:colcon.colcon_core.package_identification:_identify(src/roomie_rc) by extensions ['colcon_pkg']
[0.148s] Level 1:colcon.colcon_core.package_identification:_identify(src/roomie_rc) by extension 'colcon_pkg'
[0.148s] Level 1:colcon.colcon_core.package_identification:_identify(src/roomie_rc) by extensions ['colcon_meta']
[0.148s] Level 1:colcon.colcon_core.package_identification:_identify(src/roomie_rc) by extension 'colcon_meta'
[0.148s] Level 1:colcon.colcon_core.package_identification:_identify(src/roomie_rc) by extensions ['ros']
[0.148s] Level 1:colcon.colcon_core.package_identification:_identify(src/roomie_rc) by extension 'ros'
[0.149s] DEBUG:colcon.colcon_core.package_identification:Package 'src/roomie_rc' with type 'ros.ament_python' and name 'roomie_rc'
[0.149s] Level 1:colcon.colcon_core.package_identification:_identify(src/roomie_rc_test) by extensions ['ignore', 'ignore_ament_install']
[0.149s] Level 1:colcon.colcon_core.package_identification:_identify(src/roomie_rc_test) by extension 'ignore'
[0.149s] Level 1:colcon.colcon_core.package_identification:_identify(src/roomie_rc_test) by extension 'ignore_ament_install'
[0.149s] Level 1:colcon.colcon_core.package_identification:_identify(src/roomie_rc_test) by extensions ['colcon_pkg']
[0.149s] Level 1:colcon.colcon_core.package_identification:_identify(src/roomie_rc_test) by extension 'colcon_pkg'
[0.149s] Level 1:colcon.colcon_core.package_identification:_identify(src/roomie_rc_test) by extensions ['colcon_meta']
[0.149s] Level 1:colcon.colcon_core.package_identification:_identify(src/roomie_rc_test) by extension 'colcon_meta'
[0.149s] Level 1:colcon.colcon_core.package_identification:_identify(src/roomie_rc_test) by extensions ['ros']
[0.149s] Level 1:colcon.colcon_core.package_identification:_identify(src/roomie_rc_test) by extension 'ros'
[0.150s] DEBUG:colcon.colcon_core.package_identification:Package 'src/roomie_rc_test' with type 'ros.ament_python' and name 'roomie_rc_test'
[0.150s] Level 1:colcon.colcon_core.package_identification:_identify(src/roomie_safety_monitor) by extensions ['ignore', 'ignore_ament_install']
[0.150s] Level 1:colcon.colcon_core.package_identification:_identify(src/roomie_safety_monitor) by extension 'ignore'
[0.150s] Level 1:colcon.colcon_core.package_identification:_identify(src/roomie_safety_monitor) by extension 'ignore_ament_install'
[0.150s] Level 1:colcon.colcon_core.package_identification:_identify(src/roomie_safety_monitor) by extensions ['colcon_pkg']
[0.150s] Level 1:colcon.colcon_core.package_identification:_identify(src/roomie_safety_monitor) by extension 'colcon_pkg'
[0.150s] Level 1:colcon.colcon_core.package_identification:_identify(src/roomie_safety_monitor) by extensions ['colcon_meta']
[0.150s] Level 1:colcon.colcon_core.package_identification:_identify(src/roomie_safety_monitor) by extension 'colcon_meta'
[0.150s] Level 1:colcon.colcon_core.package_identification:_identify(src/roomie_safety_monitor) by extensions ['ros']
[0.150s] Level 1:colcon.colcon_core.package_identification:_identify(src/roomie_safety_monitor) by extension 'ros'
[0.151s] DEBUG:colcon.colcon_core.package_identification:Package 'src/roomie_safety_monitor' with type 'ros.ament_python' and name 'roomie_safety_monitor'
[0.151s] Level 1:colcon.colcon_core.package_identification:_identify(src/roomie_simple_navigator) by extensions ['ignore', 'ignore_ament_install']
[0.151s] Level 1:colcon.colcon_core.package_identification:_identify(src/roomie_simple_navigator) by extension 'ignore'
[0.151s] Level 1:colcon.colcon_core.package_identification:_identify(src/roomie_simple_navigator) by extension 'ignore_ament_install'
[0.151s] Level 1:colcon.colcon_core.package_identification:_identify(src/roomie_simple_navigator) by extensions ['colcon_pkg']
[0.151s] Level 1:colcon.colcon_core.package_identification:_identify(src/roomie_simple_navigator) by extension 'colcon_pkg'
[0.151s] Level 1:colcon.colcon_core.package_identification:_identify(src/roomie_simple_navigator) by extensions ['colcon_meta']
[0.151s] Level 1:colcon.colcon_core.package_identification:_identify(src/roomie_simple_navigator) by extension 'colcon_meta'
[0.151s] Level 1:colcon.colcon_core.package_identification:_identify(src/roomie_simple_navigator) by extensions ['ros']
[0.151s] Level 1:colcon.colcon_core.package_identification:_identify(src/roomie_simple_navigator) by extension 'ros'
[0.152s] DEBUG:colcon.colcon_core.package_identification:Package 'src/roomie_simple_navigator' with type 'ros.ament_python' and name 'roomie_simple_navigator'
[0.152s] Level 1:colcon.colcon_core.package_identification:_identify(src/roomie_static_obstacle) by extensions ['ignore', 'ignore_ament_install']
[0.152s] Level 1:colcon.colcon_core.package_identification:_identify(src/roomie_static_obstacle) by extension 'ignore'
[0.152s] Level 1:colcon.colcon_core.package_identification:_identify(src/roomie_static_obstacle) by extension 'ignore_ament_install'
[0.152s] Level 1:colcon.colcon_core.package_identification:_identify(src/roomie_static_obstacle) by extensions ['colcon_pkg']
[0.152s] Level 1:colcon.colcon_core.package_identification:_identify(src/roomie_static_obstacle) by extension 'colcon_pkg'
[0.152s] Level 1:colcon.colcon_core.package_identification:_identify(src/roomie_static_obstacle) by extensions ['colcon_meta']
[0.152s] Level 1:colcon.colcon_core.package_identification:_identify(src/roomie_static_obstacle) by extension 'colcon_meta'
[0.152s] Level 1:colcon.colcon_core.package_identification:_identify(src/roomie_static_obstacle) by extensions ['ros']
[0.152s] Level 1:colcon.colcon_core.package_identification:_identify(src/roomie_static_obstacle) by extension 'ros'
[0.153s] DEBUG:colcon.colcon_core.package_identification:Package 'src/roomie_static_obstacle' with type 'ros.ament_python' and name 'roomie_static_obstacle'
[0.153s] Level 1:colcon.colcon_core.package_discovery:discover_packages(recursive) using defaults
[0.153s] Level 1:colcon.colcon_core.package_discovery:discover_packages(ignore) discover
[0.153s] Level 1:colcon.colcon_core.package_discovery:discover_packages(ignore) using defaults
[0.153s] Level 1:colcon.colcon_core.package_discovery:discover_packages(path) discover
[0.153s] Level 1:colcon.colcon_core.package_discovery:discover_packages(path) using defaults
[0.168s] Level 1:colcon.colcon_core.package_discovery:discover_packages(prefix_path) check parameters
[0.168s] Level 1:colcon.colcon_core.package_discovery:discover_packages(prefix_path) discover
[0.170s] DEBUG:colcon.colcon_installed_package_information.package_discovery:Found 8 installed packages in /home/phj/Test_cursor/05_ros2_ws_0.5/install
[0.171s] DEBUG:colcon.colcon_installed_package_information.package_discovery:Found 413 installed packages in /opt/ros/jazzy
[0.172s] Level 1:colcon.colcon_core.package_discovery:discover_packages(prefix_path) using defaults
[0.220s] Level 5:colcon.colcon_core.verb:set package 'roomie_ec' build argument 'cmake_args' from command line to 'None'
[0.221s] Level 5:colcon.colcon_core.verb:set package 'roomie_ec' build argument 'cmake_target' from command line to 'None'
[0.221s] Level 5:colcon.colcon_core.verb:set package 'roomie_ec' build argument 'cmake_target_skip_unavailable' from command line to 'False'
[0.221s] Level 5:colcon.colcon_core.verb:set package 'roomie_ec' build argument 'cmake_clean_cache' from command line to 'False'
[0.221s] Level 5:colcon.colcon_core.verb:set package 'roomie_ec' build argument 'cmake_clean_first' from command line to 'False'
[0.221s] Level 5:colcon.colcon_core.verb:set package 'roomie_ec' build argument 'cmake_force_configure' from command line to 'False'
[0.221s] Level 5:colcon.colcon_core.verb:set package 'roomie_ec' build argument 'ament_cmake_args' from command line to 'None'
[0.221s] Level 5:colcon.colcon_core.verb:set package 'roomie_ec' build argument 'catkin_cmake_args' from command line to 'None'
[0.221s] Level 5:colcon.colcon_core.verb:set package 'roomie_ec' build argument 'catkin_skip_building_tests' from command line to 'False'
[0.221s] DEBUG:colcon.colcon_core.verb:Building package 'roomie_ec' with the following arguments: {'ament_cmake_args': None, 'build_base': '/home/phj/Test_cursor/05_ros2_ws_0.5/build/roomie_ec', 'catkin_cmake_args': None, 'catkin_skip_building_tests': False, 'cmake_args': None, 'cmake_clean_cache': False, 'cmake_clean_first': False, 'cmake_force_configure': False, 'cmake_target': None, 'cmake_target_skip_unavailable': False, 'install_base': '/home/phj/Test_cursor/05_ros2_ws_0.5/install/roomie_ec', 'merge_install': False, 'path': '/home/phj/Test_cursor/05_ros2_ws_0.5/src/roomie_ec', 'symlink_install': False, 'test_result_base': None}
[0.221s] Level 5:colcon.colcon_core.verb:set package 'roomie_msgs' build argument 'cmake_args' from command line to 'None'
[0.221s] Level 5:colcon.colcon_core.verb:set package 'roomie_msgs' build argument 'cmake_target' from command line to 'None'
[0.221s] Level 5:colcon.colcon_core.verb:set package 'roomie_msgs' build argument 'cmake_target_skip_unavailable' from command line to 'False'
[0.221s] Level 5:colcon.colcon_core.verb:set package 'roomie_msgs' build argument 'cmake_clean_cache' from command line to 'False'
[0.221s] Level 5:colcon.colcon_core.verb:set package 'roomie_msgs' build argument 'cmake_clean_first' from command line to 'False'
[0.221s] Level 5:colcon.colcon_core.verb:set package 'roomie_msgs' build argument 'cmake_force_configure' from command line to 'False'
[0.221s] Level 5:colcon.colcon_core.verb:set package 'roomie_msgs' build argument 'ament_cmake_args' from command line to 'None'
[0.221s] Level 5:colcon.colcon_core.verb:set package 'roomie_msgs' build argument 'catkin_cmake_args' from command line to 'None'
[0.221s] Level 5:colcon.colcon_core.verb:set package 'roomie_msgs' build argument 'catkin_skip_building_tests' from command line to 'False'
[0.221s] DEBUG:colcon.colcon_core.verb:Building package 'roomie_msgs' with the following arguments: {'ament_cmake_args': None, 'build_base': '/home/phj/Test_cursor/05_ros2_ws_0.5/build/roomie_msgs', 'catkin_cmake_args': None, 'catkin_skip_building_tests': False, 'cmake_args': None, 'cmake_clean_cache': False, 'cmake_clean_first': False, 'cmake_force_configure': False, 'cmake_target': None, 'cmake_target_skip_unavailable': False, 'install_base': '/home/phj/Test_cursor/05_ros2_ws_0.5/install/roomie_msgs', 'merge_install': False, 'path': '/home/phj/Test_cursor/05_ros2_ws_0.5/src/roomie_msgs', 'symlink_install': False, 'test_result_base': None}
[0.221s] Level 5:colcon.colcon_core.verb:set package 'roomie_simple_navigator' build argument 'cmake_args' from command line to 'None'
[0.221s] Level 5:colcon.colcon_core.verb:set package 'roomie_simple_navigator' build argument 'cmake_target' from command line to 'None'
[0.221s] Level 5:colcon.colcon_core.verb:set package 'roomie_simple_navigator' build argument 'cmake_target_skip_unavailable' from command line to 'False'
[0.221s] Level 5:colcon.colcon_core.verb:set package 'roomie_simple_navigator' build argument 'cmake_clean_cache' from command line to 'False'
[0.221s] Level 5:colcon.colcon_core.verb:set package 'roomie_simple_navigator' build argument 'cmake_clean_first' from command line to 'False'
[0.221s] Level 5:colcon.colcon_core.verb:set package 'roomie_simple_navigator' build argument 'cmake_force_configure' from command line to 'False'
[0.222s] Level 5:colcon.colcon_core.verb:set package 'roomie_simple_navigator' build argument 'ament_cmake_args' from command line to 'None'
[0.222s] Level 5:colcon.colcon_core.verb:set package 'roomie_simple_navigator' build argument 'catkin_cmake_args' from command line to 'None'
[0.222s] Level 5:colcon.colcon_core.verb:set package 'roomie_simple_navigator' build argument 'catkin_skip_building_tests' from command line to 'False'
[0.222s] DEBUG:colcon.colcon_core.verb:Building package 'roomie_simple_navigator' with the following arguments: {'ament_cmake_args': None, 'build_base': '/home/phj/Test_cursor/05_ros2_ws_0.5/build/roomie_simple_navigator', 'catkin_cmake_args': None, 'catkin_skip_building_tests': False, 'cmake_args': None, 'cmake_clean_cache': False, 'cmake_clean_first': False, 'cmake_force_configure': False, 'cmake_target': None, 'cmake_target_skip_unavailable': False, 'install_base': '/home/phj/Test_cursor/05_ros2_ws_0.5/install/roomie_simple_navigator', 'merge_install': False, 'path': '/home/phj/Test_cursor/05_ros2_ws_0.5/src/roomie_simple_navigator', 'symlink_install': False, 'test_result_base': None}
[0.222s] Level 5:colcon.colcon_core.verb:set package 'roomie_gui' build argument 'cmake_args' from command line to 'None'
[0.222s] Level 5:colcon.colcon_core.verb:set package 'roomie_gui' build argument 'cmake_target' from command line to 'None'
[0.222s] Level 5:colcon.colcon_core.verb:set package 'roomie_gui' build argument 'cmake_target_skip_unavailable' from command line to 'False'
[0.222s] Level 5:colcon.colcon_core.verb:set package 'roomie_gui' build argument 'cmake_clean_cache' from command line to 'False'
[0.222s] Level 5:colcon.colcon_core.verb:set package 'roomie_gui' build argument 'cmake_clean_first' from command line to 'False'
[0.222s] Level 5:colcon.colcon_core.verb:set package 'roomie_gui' build argument 'cmake_force_configure' from command line to 'False'
[0.222s] Level 5:colcon.colcon_core.verb:set package 'roomie_gui' build argument 'ament_cmake_args' from command line to 'None'
[0.222s] Level 5:colcon.colcon_core.verb:set package 'roomie_gui' build argument 'catkin_cmake_args' from command line to 'None'
[0.222s] Level 5:colcon.colcon_core.verb:set package 'roomie_gui' build argument 'catkin_skip_building_tests' from command line to 'False'
[0.222s] DEBUG:colcon.colcon_core.verb:Building package 'roomie_gui' with the following arguments: {'ament_cmake_args': None, 'build_base': '/home/phj/Test_cursor/05_ros2_ws_0.5/build/roomie_gui', 'catkin_cmake_args': None, 'catkin_skip_building_tests': False, 'cmake_args': None, 'cmake_clean_cache': False, 'cmake_clean_first': False, 'cmake_force_configure': False, 'cmake_target': None, 'cmake_target_skip_unavailable': False, 'install_base': '/home/phj/Test_cursor/05_ros2_ws_0.5/install/roomie_gui', 'merge_install': False, 'path': '/home/phj/Test_cursor/05_ros2_ws_0.5/src/roomie_gui', 'symlink_install': False, 'test_result_base': None}
[0.222s] Level 5:colcon.colcon_core.verb:set package 'roomie_rc' build argument 'cmake_args' from command line to 'None'
[0.222s] Level 5:colcon.colcon_core.verb:set package 'roomie_rc' build argument 'cmake_target' from command line to 'None'
[0.222s] Level 5:colcon.colcon_core.verb:set package 'roomie_rc' build argument 'cmake_target_skip_unavailable' from command line to 'False'
[0.222s] Level 5:colcon.colcon_core.verb:set package 'roomie_rc' build argument 'cmake_clean_cache' from command line to 'False'
[0.222s] Level 5:colcon.colcon_core.verb:set package 'roomie_rc' build argument 'cmake_clean_first' from command line to 'False'
[0.222s] Level 5:colcon.colcon_core.verb:set package 'roomie_rc' build argument 'cmake_force_configure' from command line to 'False'
[0.222s] Level 5:colcon.colcon_core.verb:set package 'roomie_rc' build argument 'ament_cmake_args' from command line to 'None'
[0.222s] Level 5:colcon.colcon_core.verb:set package 'roomie_rc' build argument 'catkin_cmake_args' from command line to 'None'
[0.222s] Level 5:colcon.colcon_core.verb:set package 'roomie_rc' build argument 'catkin_skip_building_tests' from command line to 'False'
[0.222s] DEBUG:colcon.colcon_core.verb:Building package 'roomie_rc' with the following arguments: {'ament_cmake_args': None, 'build_base': '/home/phj/Test_cursor/05_ros2_ws_0.5/build/roomie_rc', 'catkin_cmake_args': None, 'catkin_skip_building_tests': False, 'cmake_args': None, 'cmake_clean_cache': False, 'cmake_clean_first': False, 'cmake_force_configure': False, 'cmake_target': None, 'cmake_target_skip_unavailable': False, 'install_base': '/home/phj/Test_cursor/05_ros2_ws_0.5/install/roomie_rc', 'merge_install': False, 'path': '/home/phj/Test_cursor/05_ros2_ws_0.5/src/roomie_rc', 'symlink_install': False, 'test_result_base': None}
[0.223s] Level 5:colcon.colcon_core.verb:set package 'roomie_rc_test' build argument 'cmake_args' from command line to 'None'
[0.223s] Level 5:colcon.colcon_core.verb:set package 'roomie_rc_test' build argument 'cmake_target' from command line to 'None'
[0.223s] Level 5:colcon.colcon_core.verb:set package 'roomie_rc_test' build argument 'cmake_target_skip_unavailable' from command line to 'False'
[0.223s] Level 5:colcon.colcon_core.verb:set package 'roomie_rc_test' build argument 'cmake_clean_cache' from command line to 'False'
[0.223s] Level 5:colcon.colcon_core.verb:set package 'roomie_rc_test' build argument 'cmake_clean_first' from command line to 'False'
[0.223s] Level 5:colcon.colcon_core.verb:set package 'roomie_rc_test' build argument 'cmake_force_configure' from command line to 'False'
[0.223s] Level 5:colcon.colcon_core.verb:set package 'roomie_rc_test' build argument 'ament_cmake_args' from command line to 'None'
[0.223s] Level 5:colcon.colcon_core.verb:set package 'roomie_rc_test' build argument 'catkin_cmake_args' from command line to 'None'
[0.223s] Level 5:colcon.colcon_core.verb:set package 'roomie_rc_test' build argument 'catkin_skip_building_tests' from command line to 'False'
[0.223s] DEBUG:colcon.colcon_core.verb:Building package 'roomie_rc_test' with the following arguments: {'ament_cmake_args': None, 'build_base': '/home/phj/Test_cursor/05_ros2_ws_0.5/build/roomie_rc_test', 'catkin_cmake_args': None, 'catkin_skip_building_tests': False, 'cmake_args': None, 'cmake_clean_cache': False, 'cmake_clean_first': False, 'cmake_force_configure': False, 'cmake_target': None, 'cmake_target_skip_unavailable': False, 'install_base': '/home/phj/Test_cursor/05_ros2_ws_0.5/install/roomie_rc_test', 'merge_install': False, 'path': '/home/phj/Test_cursor/05_ros2_ws_0.5/src/roomie_rc_test', 'symlink_install': False, 'test_result_base': None}
[0.223s] Level 5:colcon.colcon_core.verb:set package 'roomie_safety_monitor' build argument 'cmake_args' from command line to 'None'
[0.223s] Level 5:colcon.colcon_core.verb:set package 'roomie_safety_monitor' build argument 'cmake_target' from command line to 'None'
[0.223s] Level 5:colcon.colcon_core.verb:set package 'roomie_safety_monitor' build argument 'cmake_target_skip_unavailable' from command line to 'False'
[0.223s] Level 5:colcon.colcon_core.verb:set package 'roomie_safety_monitor' build argument 'cmake_clean_cache' from command line to 'False'
[0.223s] Level 5:colcon.colcon_core.verb:set package 'roomie_safety_monitor' build argument 'cmake_clean_first' from command line to 'False'
[0.223s] Level 5:colcon.colcon_core.verb:set package 'roomie_safety_monitor' build argument 'cmake_force_configure' from command line to 'False'
[0.223s] Level 5:colcon.colcon_core.verb:set package 'roomie_safety_monitor' build argument 'ament_cmake_args' from command line to 'None'
[0.223s] Level 5:colcon.colcon_core.verb:set package 'roomie_safety_monitor' build argument 'catkin_cmake_args' from command line to 'None'
[0.223s] Level 5:colcon.colcon_core.verb:set package 'roomie_safety_monitor' build argument 'catkin_skip_building_tests' from command line to 'False'
[0.223s] DEBUG:colcon.colcon_core.verb:Building package 'roomie_safety_monitor' with the following arguments: {'ament_cmake_args': None, 'build_base': '/home/phj/Test_cursor/05_ros2_ws_0.5/build/roomie_safety_monitor', 'catkin_cmake_args': None, 'catkin_skip_building_tests': False, 'cmake_args': None, 'cmake_clean_cache': False, 'cmake_clean_first': False, 'cmake_force_configure': False, 'cmake_target': None, 'cmake_target_skip_unavailable': False, 'install_base': '/home/phj/Test_cursor/05_ros2_ws_0.5/install/roomie_safety_monitor', 'merge_install': False, 'path': '/home/phj/Test_cursor/05_ros2_ws_0.5/src/roomie_safety_monitor', 'symlink_install': False, 'test_result_base': None}
[0.223s] Level 5:colcon.colcon_core.verb:set package 'roomie_static_obstacle' build argument 'cmake_args' from command line to 'None'
[0.223s] Level 5:colcon.colcon_core.verb:set package 'roomie_static_obstacle' build argument 'cmake_target' from command line to 'None'
[0.223s] Level 5:colcon.colcon_core.verb:set package 'roomie_static_obstacle' build argument 'cmake_target_skip_unavailable' from command line to 'False'
[0.223s] Level 5:colcon.colcon_core.verb:set package 'roomie_static_obstacle' build argument 'cmake_clean_cache' from command line to 'False'
[0.223s] Level 5:colcon.colcon_core.verb:set package 'roomie_static_obstacle' build argument 'cmake_clean_first' from command line to 'False'
[0.223s] Level 5:colcon.colcon_core.verb:set package 'roomie_static_obstacle' build argument 'cmake_force_configure' from command line to 'False'
[0.223s] Level 5:colcon.colcon_core.verb:set package 'roomie_static_obstacle' build argument 'ament_cmake_args' from command line to 'None'
[0.223s] Level 5:colcon.colcon_core.verb:set package 'roomie_static_obstacle' build argument 'catkin_cmake_args' from command line to 'None'
[0.223s] Level 5:colcon.colcon_core.verb:set package 'roomie_static_obstacle' build argument 'catkin_skip_building_tests' from command line to 'False'
[0.224s] DEBUG:colcon.colcon_core.verb:Building package 'roomie_static_obstacle' with the following arguments: {'ament_cmake_args': None, 'build_base': '/home/phj/Test_cursor/05_ros2_ws_0.5/build/roomie_static_obstacle', 'catkin_cmake_args': None, 'catkin_skip_building_tests': False, 'cmake_args': None, 'cmake_clean_cache': False, 'cmake_clean_first': False, 'cmake_force_configure': False, 'cmake_target': None, 'cmake_target_skip_unavailable': False, 'install_base': '/home/phj/Test_cursor/05_ros2_ws_0.5/install/roomie_static_obstacle', 'merge_install': False, 'path': '/home/phj/Test_cursor/05_ros2_ws_0.5/src/roomie_static_obstacle', 'symlink_install': False, 'test_result_base': None}
[0.224s] INFO:colcon.colcon_core.executor:Executing jobs using 'parallel' executor
[0.224s] DEBUG:colcon.colcon_parallel_executor.executor.parallel:run_until_complete
[0.225s] INFO:colcon.colcon_ros.task.ament_cmake.build:Building ROS package in '/home/phj/Test_cursor/05_ros2_ws_0.5/src/roomie_msgs' with build type 'ament_cmake'
[0.225s] INFO:colcon.colcon_cmake.task.cmake.build:Building CMake package in '/home/phj/Test_cursor/05_ros2_ws_0.5/src/roomie_msgs'
[0.227s] INFO:colcon.colcon_core.plugin_system:Skipping extension 'colcon_core.shell.bat': Not used on non-Windows systems
[0.227s] INFO:colcon.colcon_core.shell:Skip shell extension 'powershell' for command environment: Not usable outside of PowerShell
[0.227s] DEBUG:colcon.colcon_core.shell:Skip shell extension 'dsv' for command environment
[0.231s] INFO:colcon.colcon_ros.task.ament_python.build:Building ROS package in '/home/phj/Test_cursor/05_ros2_ws_0.5/src/roomie_ec' with build type 'ament_python'
[0.231s] Level 1:colcon.colcon_core.shell:create_environment_hook('roomie_ec', 'ament_prefix_path')
[0.231s] INFO:colcon.colcon_core.shell:Creating environment hook '/home/phj/Test_cursor/05_ros2_ws_0.5/install/roomie_ec/share/roomie_ec/hook/ament_prefix_path.ps1'
[0.232s] INFO:colcon.colcon_core.shell:Creating environment descriptor '/home/phj/Test_cursor/05_ros2_ws_0.5/install/roomie_ec/share/roomie_ec/hook/ament_prefix_path.dsv'
[0.233s] INFO:colcon.colcon_core.shell:Creating environment hook '/home/phj/Test_cursor/05_ros2_ws_0.5/install/roomie_ec/share/roomie_ec/hook/ament_prefix_path.sh'
[0.234s] INFO:colcon.colcon_core.shell:Skip shell extension 'powershell' for command environment: Not usable outside of PowerShell
[0.234s] DEBUG:colcon.colcon_core.shell:Skip shell extension 'dsv' for command environment
[0.237s] INFO:colcon.colcon_ros.task.ament_python.build:Building ROS package in '/home/phj/Test_cursor/05_ros2_ws_0.5/src/roomie_simple_navigator' with build type 'ament_python'
[0.237s] Level 1:colcon.colcon_core.shell:create_environment_hook('roomie_simple_navigator', 'ament_prefix_path')
[0.238s] INFO:colcon.colcon_core.shell:Creating environment hook '/home/phj/Test_cursor/05_ros2_ws_0.5/install/roomie_simple_navigator/share/roomie_simple_navigator/hook/ament_prefix_path.ps1'
[0.240s] INFO:colcon.colcon_core.shell:Creating environment descriptor '/home/phj/Test_cursor/05_ros2_ws_0.5/install/roomie_simple_navigator/share/roomie_simple_navigator/hook/ament_prefix_path.dsv'
[0.241s] INFO:colcon.colcon_core.shell:Creating environment hook '/home/phj/Test_cursor/05_ros2_ws_0.5/install/roomie_simple_navigator/share/roomie_simple_navigator/hook/ament_prefix_path.sh'
[0.242s] INFO:colcon.colcon_core.shell:Skip shell extension 'powershell' for command environment: Not usable outside of PowerShell
[0.242s] DEBUG:colcon.colcon_core.shell:Skip shell extension 'dsv' for command environment
[0.250s] DEBUG:colcon.colcon_core.event_handler.log_command:Invoking command in '/home/phj/Test_cursor/05_ros2_ws_0.5/build/roomie_msgs': CMAKE_PREFIX_PATH=${CMAKE_PREFIX_PATH}:/home/phj/Test_cursor/05_ros2_ws_0.5/install/roomie_static_obstacle:/home/phj/Test_cursor/05_ros2_ws_0.5/install/roomie_simple_navigator:/home/phj/Test_cursor/05_ros2_ws_0.5/install/roomie_safety_monitor:/home/phj/Test_cursor/05_ros2_ws_0.5/install/roomie_rc_test:/home/phj/Test_cursor/05_ros2_ws_0.5/install/roomie_rc:/home/phj/Test_cursor/05_ros2_ws_0.5/install/roomie_gui:/home/phj/Test_cursor/05_ros2_ws_0.5/install/roomie_ec:/opt/ros/jazzy DEBUGINFOD_URLS=https://debuginfod.ubuntu.com PS1=(ros_venv) \[\e[1;34m\](ID: ${ROS_DOMAIN_ID:-0})\[\e[1;32m\]\u\[\e[0m\]:\[\e[1;34m\]\w\[\e[0m\]$ VIRTUAL_ENV_PROMPT=(ros_venv) /usr/bin/cmake --build /home/phj/Test_cursor/05_ros2_ws_0.5/build/roomie_msgs -- -j12 -l12
[0.500s] INFO:colcon.colcon_core.task.python.build:Building Python package in '/home/phj/Test_cursor/05_ros2_ws_0.5/src/roomie_ec'
[0.500s] INFO:colcon.colcon_core.shell:Skip shell extension 'powershell' for command environment: Not usable outside of PowerShell
[0.500s] DEBUG:colcon.colcon_core.shell:Skip shell extension 'dsv' for command environment
[0.790s] INFO:colcon.colcon_core.task.python.build:Building Python package in '/home/phj/Test_cursor/05_ros2_ws_0.5/src/roomie_simple_navigator'
[0.791s] INFO:colcon.colcon_core.shell:Skip shell extension 'powershell' for command environment: Not usable outside of PowerShell
[0.791s] DEBUG:colcon.colcon_core.shell:Skip shell extension 'dsv' for command environment
[0.805s] DEBUG:colcon.colcon_core.event_handler.log_command:Invoked command in '/home/phj/Test_cursor/05_ros2_ws_0.5/build/roomie_msgs' returned '0': CMAKE_PREFIX_PATH=${CMAKE_PREFIX_PATH}:/home/phj/Test_cursor/05_ros2_ws_0.5/install/roomie_static_obstacle:/home/phj/Test_cursor/05_ros2_ws_0.5/install/roomie_simple_navigator:/home/phj/Test_cursor/05_ros2_ws_0.5/install/roomie_safety_monitor:/home/phj/Test_cursor/05_ros2_ws_0.5/install/roomie_rc_test:/home/phj/Test_cursor/05_ros2_ws_0.5/install/roomie_rc:/home/phj/Test_cursor/05_ros2_ws_0.5/install/roomie_gui:/home/phj/Test_cursor/05_ros2_ws_0.5/install/roomie_ec:/opt/ros/jazzy DEBUGINFOD_URLS=https://debuginfod.ubuntu.com PS1=(ros_venv) \[\e[1;34m\](ID: ${ROS_DOMAIN_ID:-0})\[\e[1;32m\]\u\[\e[0m\]:\[\e[1;34m\]\w\[\e[0m\]$ VIRTUAL_ENV_PROMPT=(ros_venv) /usr/bin/cmake --build /home/phj/Test_cursor/05_ros2_ws_0.5/build/roomie_msgs -- -j12 -l12
[0.821s] DEBUG:colcon.colcon_core.event_handler.log_command:Invoking command in '/home/phj/Test_cursor/05_ros2_ws_0.5/build/roomie_msgs': CMAKE_PREFIX_PATH=${CMAKE_PREFIX_PATH}:/home/phj/Test_cursor/05_ros2_ws_0.5/install/roomie_static_obstacle:/home/phj/Test_cursor/05_ros2_ws_0.5/install/roomie_simple_navigator:/home/phj/Test_cursor/05_ros2_ws_0.5/install/roomie_safety_monitor:/home/phj/Test_cursor/05_ros2_ws_0.5/install/roomie_rc_test:/home/phj/Test_cursor/05_ros2_ws_0.5/install/roomie_rc:/home/phj/Test_cursor/05_ros2_ws_0.5/install/roomie_gui:/home/phj/Test_cursor/05_ros2_ws_0.5/install/roomie_ec:/opt/ros/jazzy DEBUGINFOD_URLS=https://debuginfod.ubuntu.com PS1=(ros_venv) \[\e[1;34m\](ID: ${ROS_DOMAIN_ID:-0})\[\e[1;32m\]\u\[\e[0m\]:\[\e[1;34m\]\w\[\e[0m\]$ VIRTUAL_ENV_PROMPT=(ros_venv) /usr/bin/cmake --install /home/phj/Test_cursor/05_ros2_ws_0.5/build/roomie_msgs
[0.901s] Level 1:colcon.colcon_core.environment:create_environment_scripts_only(roomie_msgs)
[0.902s] DEBUG:colcon.colcon_core.event_handler.log_command:Invoked command in '/home/phj/Test_cursor/05_ros2_ws_0.5/build/roomie_msgs' returned '0': CMAKE_PREFIX_PATH=${CMAKE_PREFIX_PATH}:/home/phj/Test_cursor/05_ros2_ws_0.5/install/roomie_static_obstacle:/home/phj/Test_cursor/05_ros2_ws_0.5/install/roomie_simple_navigator:/home/phj/Test_cursor/05_ros2_ws_0.5/install/roomie_safety_monitor:/home/phj/Test_cursor/05_ros2_ws_0.5/install/roomie_rc_test:/home/phj/Test_cursor/05_ros2_ws_0.5/install/roomie_rc:/home/phj/Test_cursor/05_ros2_ws_0.5/install/roomie_gui:/home/phj/Test_cursor/05_ros2_ws_0.5/install/roomie_ec:/opt/ros/jazzy DEBUGINFOD_URLS=https://debuginfod.ubuntu.com PS1=(ros_venv) \[\e[1;34m\](ID: ${ROS_DOMAIN_ID:-0})\[\e[1;32m\]\u\[\e[0m\]:\[\e[1;34m\]\w\[\e[0m\]$ VIRTUAL_ENV_PROMPT=(ros_venv) /usr/bin/cmake --install /home/phj/Test_cursor/05_ros2_ws_0.5/build/roomie_msgs
[0.904s] Level 1:colcon.colcon_core.environment:checking '/home/phj/Test_cursor/05_ros2_ws_0.5/install/roomie_msgs' for CMake module files
[0.905s] Level 1:colcon.colcon_core.environment:checking '/home/phj/Test_cursor/05_ros2_ws_0.5/install/roomie_msgs' for CMake config files
[0.906s] Level 1:colcon.colcon_core.shell:create_environment_hook('roomie_msgs', 'cmake_prefix_path')
[0.906s] INFO:colcon.colcon_core.shell:Creating environment hook '/home/phj/Test_cursor/05_ros2_ws_0.5/install/roomie_msgs/share/roomie_msgs/hook/cmake_prefix_path.ps1'
[0.907s] INFO:colcon.colcon_core.shell:Creating environment descriptor '/home/phj/Test_cursor/05_ros2_ws_0.5/install/roomie_msgs/share/roomie_msgs/hook/cmake_prefix_path.dsv'
[0.907s] INFO:colcon.colcon_core.shell:Creating environment hook '/home/phj/Test_cursor/05_ros2_ws_0.5/install/roomie_msgs/share/roomie_msgs/hook/cmake_prefix_path.sh'
[0.908s] Level 1:colcon.colcon_core.environment:checking '/home/phj/Test_cursor/05_ros2_ws_0.5/install/roomie_msgs/lib'
[0.908s] Level 1:colcon.colcon_core.shell:create_environment_hook('roomie_msgs', 'ld_library_path_lib')
[0.908s] INFO:colcon.colcon_core.shell:Creating environment hook '/home/phj/Test_cursor/05_ros2_ws_0.5/install/roomie_msgs/share/roomie_msgs/hook/ld_library_path_lib.ps1'
[0.909s] INFO:colcon.colcon_core.shell:Creating environment descriptor '/home/phj/Test_cursor/05_ros2_ws_0.5/install/roomie_msgs/share/roomie_msgs/hook/ld_library_path_lib.dsv'
[0.909s] INFO:colcon.colcon_core.shell:Creating environment hook '/home/phj/Test_cursor/05_ros2_ws_0.5/install/roomie_msgs/share/roomie_msgs/hook/ld_library_path_lib.sh'
[0.909s] Level 1:colcon.colcon_core.environment:checking '/home/phj/Test_cursor/05_ros2_ws_0.5/install/roomie_msgs/bin'
[0.909s] Level 1:colcon.colcon_core.environment:checking '/home/phj/Test_cursor/05_ros2_ws_0.5/install/roomie_msgs/lib/pkgconfig/roomie_msgs.pc'
[0.910s] Level 1:colcon.colcon_core.environment:checking '/home/phj/Test_cursor/05_ros2_ws_0.5/install/roomie_msgs/lib/python3.12/site-packages'
[0.910s] Level 1:colcon.colcon_core.shell:create_environment_hook('roomie_msgs', 'pythonpath')
[0.910s] INFO:colcon.colcon_core.shell:Creating environment hook '/home/phj/Test_cursor/05_ros2_ws_0.5/install/roomie_msgs/share/roomie_msgs/hook/pythonpath.ps1'
[0.911s] INFO:colcon.colcon_core.shell:Creating environment descriptor '/home/phj/Test_cursor/05_ros2_ws_0.5/install/roomie_msgs/share/roomie_msgs/hook/pythonpath.dsv'
[0.911s] INFO:colcon.colcon_core.shell:Creating environment hook '/home/phj/Test_cursor/05_ros2_ws_0.5/install/roomie_msgs/share/roomie_msgs/hook/pythonpath.sh'
[0.912s] Level 1:colcon.colcon_core.environment:checking '/home/phj/Test_cursor/05_ros2_ws_0.5/install/roomie_msgs/bin'
[0.912s] INFO:colcon.colcon_core.shell:Creating package script '/home/phj/Test_cursor/05_ros2_ws_0.5/install/roomie_msgs/share/roomie_msgs/package.ps1'
[0.913s] INFO:colcon.colcon_core.shell:Creating package descriptor '/home/phj/Test_cursor/05_ros2_ws_0.5/install/roomie_msgs/share/roomie_msgs/package.dsv'
[0.914s] INFO:colcon.colcon_core.shell:Creating package script '/home/phj/Test_cursor/05_ros2_ws_0.5/install/roomie_msgs/share/roomie_msgs/package.sh'
[0.915s] INFO:colcon.colcon_core.shell:Creating package script '/home/phj/Test_cursor/05_ros2_ws_0.5/install/roomie_msgs/share/roomie_msgs/package.bash'
[0.916s] INFO:colcon.colcon_core.shell:Creating package script '/home/phj/Test_cursor/05_ros2_ws_0.5/install/roomie_msgs/share/roomie_msgs/package.zsh'
[0.916s] Level 1:colcon.colcon_core.environment:create_file_with_runtime_dependencies(/home/phj/Test_cursor/05_ros2_ws_0.5/install/roomie_msgs/share/colcon-core/packages/roomie_msgs)
[0.917s] Level 1:colcon.colcon_core.environment:create_environment_scripts_only(roomie_msgs)
[0.917s] Level 1:colcon.colcon_core.environment:checking '/home/phj/Test_cursor/05_ros2_ws_0.5/install/roomie_msgs' for CMake module files
[0.918s] Level 1:colcon.colcon_core.environment:checking '/home/phj/Test_cursor/05_ros2_ws_0.5/install/roomie_msgs' for CMake config files
[0.919s] Level 1:colcon.colcon_core.shell:create_environment_hook('roomie_msgs', 'cmake_prefix_path')
[0.919s] INFO:colcon.colcon_core.shell:Creating environment hook '/home/phj/Test_cursor/05_ros2_ws_0.5/install/roomie_msgs/share/roomie_msgs/hook/cmake_prefix_path.ps1'
[0.919s] INFO:colcon.colcon_core.shell:Creating environment descriptor '/home/phj/Test_cursor/05_ros2_ws_0.5/install/roomie_msgs/share/roomie_msgs/hook/cmake_prefix_path.dsv'
[0.920s] INFO:colcon.colcon_core.shell:Creating environment hook '/home/phj/Test_cursor/05_ros2_ws_0.5/install/roomie_msgs/share/roomie_msgs/hook/cmake_prefix_path.sh'
[0.920s] Level 1:colcon.colcon_core.environment:checking '/home/phj/Test_cursor/05_ros2_ws_0.5/install/roomie_msgs/lib'
[0.921s] Level 1:colcon.colcon_core.shell:create_environment_hook('roomie_msgs', 'ld_library_path_lib')
[0.921s] INFO:colcon.colcon_core.shell:Creating environment hook '/home/phj/Test_cursor/05_ros2_ws_0.5/install/roomie_msgs/share/roomie_msgs/hook/ld_library_path_lib.ps1'
[0.921s] INFO:colcon.colcon_core.shell:Creating environment descriptor '/home/phj/Test_cursor/05_ros2_ws_0.5/install/roomie_msgs/share/roomie_msgs/hook/ld_library_path_lib.dsv'
[0.922s] INFO:colcon.colcon_core.shell:Creating environment hook '/home/phj/Test_cursor/05_ros2_ws_0.5/install/roomie_msgs/share/roomie_msgs/hook/ld_library_path_lib.sh'
[0.922s] Level 1:colcon.colcon_core.environment:checking '/home/phj/Test_cursor/05_ros2_ws_0.5/install/roomie_msgs/bin'
[0.922s] Level 1:colcon.colcon_core.environment:checking '/home/phj/Test_cursor/05_ros2_ws_0.5/install/roomie_msgs/lib/pkgconfig/roomie_msgs.pc'
[0.922s] Level 1:colcon.colcon_core.environment:checking '/home/phj/Test_cursor/05_ros2_ws_0.5/install/roomie_msgs/lib/python3.12/site-packages'
[0.923s] Level 1:colcon.colcon_core.shell:create_environment_hook('roomie_msgs', 'pythonpath')
[0.923s] INFO:colcon.colcon_core.shell:Creating environment hook '/home/phj/Test_cursor/05_ros2_ws_0.5/install/roomie_msgs/share/roomie_msgs/hook/pythonpath.ps1'
[0.923s] INFO:colcon.colcon_core.shell:Creating environment descriptor '/home/phj/Test_cursor/05_ros2_ws_0.5/install/roomie_msgs/share/roomie_msgs/hook/pythonpath.dsv'
[0.924s] INFO:colcon.colcon_core.shell:Creating environment hook '/home/phj/Test_cursor/05_ros2_ws_0.5/install/roomie_msgs/share/roomie_msgs/hook/pythonpath.sh'
[0.924s] Level 1:colcon.colcon_core.environment:checking '/home/phj/Test_cursor/05_ros2_ws_0.5/install/roomie_msgs/bin'
[0.925s] INFO:colcon.colcon_core.shell:Creating package script '/home/phj/Test_cursor/05_ros2_ws_0.5/install/roomie_msgs/share/roomie_msgs/package.ps1'
[0.925s] INFO:colcon.colcon_core.shell:Creating package descriptor '/home/phj/Test_cursor/05_ros2_ws_0.5/install/roomie_msgs/share/roomie_msgs/package.dsv'
[0.926s] INFO:colcon.colcon_core.shell:Creating package script '/home/phj/Test_cursor/05_ros2_ws_0.5/install/roomie_msgs/share/roomie_msgs/package.sh'
[0.927s] INFO:colcon.colcon_core.shell:Creating package script '/home/phj/Test_cursor/05_ros2_ws_0.5/install/roomie_msgs/share/roomie_msgs/package.bash'
[0.927s] INFO:colcon.colcon_core.shell:Creating package script '/home/phj/Test_cursor/05_ros2_ws_0.5/install/roomie_msgs/share/roomie_msgs/package.zsh'
[0.928s] Level 1:colcon.colcon_core.environment:create_file_with_runtime_dependencies(/home/phj/Test_cursor/05_ros2_ws_0.5/install/roomie_msgs/share/colcon-core/packages/roomie_msgs)
[0.928s] INFO:colcon.colcon_ros.task.ament_python.build:Building ROS package in '/home/phj/Test_cursor/05_ros2_ws_0.5/src/roomie_gui' with build type 'ament_python'
[0.928s] Level 1:colcon.colcon_core.shell:create_environment_hook('roomie_gui', 'ament_prefix_path')
[0.929s] INFO:colcon.colcon_core.shell:Creating environment hook '/home/phj/Test_cursor/05_ros2_ws_0.5/install/roomie_gui/share/roomie_gui/hook/ament_prefix_path.ps1'
[0.930s] INFO:colcon.colcon_core.shell:Creating environment descriptor '/home/phj/Test_cursor/05_ros2_ws_0.5/install/roomie_gui/share/roomie_gui/hook/ament_prefix_path.dsv'
[0.930s] INFO:colcon.colcon_core.shell:Creating environment hook '/home/phj/Test_cursor/05_ros2_ws_0.5/install/roomie_gui/share/roomie_gui/hook/ament_prefix_path.sh'
[0.931s] INFO:colcon.colcon_core.shell:Skip shell extension 'powershell' for command environment: Not usable outside of PowerShell
[0.931s] DEBUG:colcon.colcon_core.shell:Skip shell extension 'dsv' for command environment
[0.938s] INFO:colcon.colcon_ros.task.ament_python.build:Building ROS package in '/home/phj/Test_cursor/05_ros2_ws_0.5/src/roomie_rc' with build type 'ament_python'
[0.938s] Level 1:colcon.colcon_core.shell:create_environment_hook('roomie_rc', 'ament_prefix_path')
[0.938s] INFO:colcon.colcon_core.shell:Creating environment hook '/home/phj/Test_cursor/05_ros2_ws_0.5/install/roomie_rc/share/roomie_rc/hook/ament_prefix_path.ps1'
[0.939s] INFO:colcon.colcon_core.shell:Creating environment descriptor '/home/phj/Test_cursor/05_ros2_ws_0.5/install/roomie_rc/share/roomie_rc/hook/ament_prefix_path.dsv'
[0.939s] INFO:colcon.colcon_core.shell:Creating environment hook '/home/phj/Test_cursor/05_ros2_ws_0.5/install/roomie_rc/share/roomie_rc/hook/ament_prefix_path.sh'
[0.940s] INFO:colcon.colcon_core.shell:Skip shell extension 'powershell' for command environment: Not usable outside of PowerShell
[0.940s] DEBUG:colcon.colcon_core.shell:Skip shell extension 'dsv' for command environment
[0.947s] INFO:colcon.colcon_ros.task.ament_python.build:Building ROS package in '/home/phj/Test_cursor/05_ros2_ws_0.5/src/roomie_rc_test' with build type 'ament_python'
[0.948s] Level 1:colcon.colcon_core.shell:create_environment_hook('roomie_rc_test', 'ament_prefix_path')
[0.949s] INFO:colcon.colcon_core.shell:Creating environment hook '/home/phj/Test_cursor/05_ros2_ws_0.5/install/roomie_rc_test/share/roomie_rc_test/hook/ament_prefix_path.ps1'
[0.949s] INFO:colcon.colcon_core.shell:Creating environment descriptor '/home/phj/Test_cursor/05_ros2_ws_0.5/install/roomie_rc_test/share/roomie_rc_test/hook/ament_prefix_path.dsv'
[0.950s] INFO:colcon.colcon_core.shell:Creating environment hook '/home/phj/Test_cursor/05_ros2_ws_0.5/install/roomie_rc_test/share/roomie_rc_test/hook/ament_prefix_path.sh'
[0.950s] INFO:colcon.colcon_core.shell:Skip shell extension 'powershell' for command environment: Not usable outside of PowerShell
[0.950s] DEBUG:colcon.colcon_core.shell:Skip shell extension 'dsv' for command environment
[0.956s] INFO:colcon.colcon_ros.task.ament_python.build:Building ROS package in '/home/phj/Test_cursor/05_ros2_ws_0.5/src/roomie_safety_monitor' with build type 'ament_python'
[0.956s] Level 1:colcon.colcon_core.shell:create_environment_hook('roomie_safety_monitor', 'ament_prefix_path')
[0.957s] INFO:colcon.colcon_core.shell:Creating environment hook '/home/phj/Test_cursor/05_ros2_ws_0.5/install/roomie_safety_monitor/share/roomie_safety_monitor/hook/ament_prefix_path.ps1'
[0.957s] INFO:colcon.colcon_core.shell:Creating environment descriptor '/home/phj/Test_cursor/05_ros2_ws_0.5/install/roomie_safety_monitor/share/roomie_safety_monitor/hook/ament_prefix_path.dsv'
[0.958s] INFO:colcon.colcon_core.shell:Creating environment hook '/home/phj/Test_cursor/05_ros2_ws_0.5/install/roomie_safety_monitor/share/roomie_safety_monitor/hook/ament_prefix_path.sh'
[0.958s] INFO:colcon.colcon_core.shell:Skip shell extension 'powershell' for command environment: Not usable outside of PowerShell
[0.958s] DEBUG:colcon.colcon_core.shell:Skip shell extension 'dsv' for command environment
[0.964s] INFO:colcon.colcon_ros.task.ament_python.build:Building ROS package in '/home/phj/Test_cursor/05_ros2_ws_0.5/src/roomie_static_obstacle' with build type 'ament_python'
[0.964s] Level 1:colcon.colcon_core.shell:create_environment_hook('roomie_static_obstacle', 'ament_prefix_path')
[0.964s] INFO:colcon.colcon_core.shell:Creating environment hook '/home/phj/Test_cursor/05_ros2_ws_0.5/install/roomie_static_obstacle/share/roomie_static_obstacle/hook/ament_prefix_path.ps1'
[0.965s] INFO:colcon.colcon_core.shell:Creating environment descriptor '/home/phj/Test_cursor/05_ros2_ws_0.5/install/roomie_static_obstacle/share/roomie_static_obstacle/hook/ament_prefix_path.dsv'
[0.965s] INFO:colcon.colcon_core.shell:Creating environment hook '/home/phj/Test_cursor/05_ros2_ws_0.5/install/roomie_static_obstacle/share/roomie_static_obstacle/hook/ament_prefix_path.sh'
[0.966s] INFO:colcon.colcon_core.shell:Skip shell extension 'powershell' for command environment: Not usable outside of PowerShell
[0.966s] DEBUG:colcon.colcon_core.shell:Skip shell extension 'dsv' for command environment
[1.188s] INFO:colcon.colcon_core.task.python.build:Building Python package in '/home/phj/Test_cursor/05_ros2_ws_0.5/src/roomie_gui'
[1.188s] INFO:colcon.colcon_core.shell:Skip shell extension 'powershell' for command environment: Not usable outside of PowerShell
[1.189s] DEBUG:colcon.colcon_core.shell:Skip shell extension 'dsv' for command environment
[1.466s] INFO:colcon.colcon_core.task.python.build:Building Python package in '/home/phj/Test_cursor/05_ros2_ws_0.5/src/roomie_rc'
[1.466s] INFO:colcon.colcon_core.shell:Skip shell extension 'powershell' for command environment: Not usable outside of PowerShell
[1.466s] DEBUG:colcon.colcon_core.shell:Skip shell extension 'dsv' for command environment
[1.689s] INFO:colcon.colcon_core.task.python.build:Building Python package in '/home/phj/Test_cursor/05_ros2_ws_0.5/src/roomie_rc_test'
[1.690s] INFO:colcon.colcon_core.shell:Skip shell extension 'powershell' for command environment: Not usable outside of PowerShell
[1.690s] DEBUG:colcon.colcon_core.shell:Skip shell extension 'dsv' for command environment
[1.991s] INFO:colcon.colcon_core.task.python.build:Building Python package in '/home/phj/Test_cursor/05_ros2_ws_0.5/src/roomie_safety_monitor'
[1.991s] INFO:colcon.colcon_core.shell:Skip shell extension 'powershell' for command environment: Not usable outside of PowerShell
[1.991s] DEBUG:colcon.colcon_core.shell:Skip shell extension 'dsv' for command environment
[2.281s] INFO:colcon.colcon_core.task.python.build:Building Python package in '/home/phj/Test_cursor/05_ros2_ws_0.5/src/roomie_static_obstacle'
[2.282s] INFO:colcon.colcon_core.shell:Skip shell extension 'powershell' for command environment: Not usable outside of PowerShell
[2.282s] DEBUG:colcon.colcon_core.shell:Skip shell extension 'dsv' for command environment
[2.288s] DEBUG:colcon.colcon_core.event_handler.log_command:Invoking command in '/home/phj/Test_cursor/05_ros2_ws_0.5/src/roomie_ec': DEBUGINFOD_URLS=https://debuginfod.ubuntu.com PS1=(ros_venv) \[\e[1;34m\](ID: ${ROS_DOMAIN_ID:-0})\[\e[1;32m\]\u\[\e[0m\]:\[\e[1;34m\]\w\[\e[0m\]$ PYTHONPATH=/home/phj/Test_cursor/05_ros2_ws_0.5/build/roomie_ec/prefix_override:/usr/lib/python3/dist-packages/colcon_core/task/python/colcon_distutils_commands:/home/phj/Test_cursor/05_ros2_ws_0.5/install/roomie_ec/lib/python3.12/site-packages:${PYTHONPATH} VIRTUAL_ENV_PROMPT=(ros_venv) /usr/bin/python3 -W ignore:setup.py install is deprecated -W ignore:easy_install command is deprecated setup.py egg_info --egg-base ../../build/roomie_ec build --build-base /home/phj/Test_cursor/05_ros2_ws_0.5/build/roomie_ec/build install --record /home/phj/Test_cursor/05_ros2_ws_0.5/build/roomie_ec/install.log --single-version-externally-managed install_data
[2.289s] DEBUG:colcon.colcon_core.event_handler.log_command:Invoking command in '/home/phj/Test_cursor/05_ros2_ws_0.5/src/roomie_simple_navigator': DEBUGINFOD_URLS=https://debuginfod.ubuntu.com PS1=(ros_venv) \[\e[1;34m\](ID: ${ROS_DOMAIN_ID:-0})\[\e[1;32m\]\u\[\e[0m\]:\[\e[1;34m\]\w\[\e[0m\]$ PYTHONPATH=/home/phj/Test_cursor/05_ros2_ws_0.5/build/roomie_simple_navigator/prefix_override:/usr/lib/python3/dist-packages/colcon_core/task/python/colcon_distutils_commands:/home/phj/Test_cursor/05_ros2_ws_0.5/install/roomie_simple_navigator/lib/python3.12/site-packages:${PYTHONPATH} VIRTUAL_ENV_PROMPT=(ros_venv) /usr/bin/python3 -W ignore:setup.py install is deprecated -W ignore:easy_install command is deprecated setup.py egg_info --egg-base ../../build/roomie_simple_navigator build --build-base /home/phj/Test_cursor/05_ros2_ws_0.5/build/roomie_simple_navigator/build install --record /home/phj/Test_cursor/05_ros2_ws_0.5/build/roomie_simple_navigator/install.log --single-version-externally-managed install_data
[2.958s] Level 1:colcon.colcon_core.environment:checking '/home/phj/Test_cursor/05_ros2_ws_0.5/install/roomie_ec' for CMake module files
[2.958s] DEBUG:colcon.colcon_core.event_handler.log_command:Invoked command in '/home/phj/Test_cursor/05_ros2_ws_0.5/src/roomie_ec' returned '0': DEBUGINFOD_URLS=https://debuginfod.ubuntu.com PS1=(ros_venv) \[\e[1;34m\](ID: ${ROS_DOMAIN_ID:-0})\[\e[1;32m\]\u\[\e[0m\]:\[\e[1;34m\]\w\[\e[0m\]$ PYTHONPATH=/home/phj/Test_cursor/05_ros2_ws_0.5/build/roomie_ec/prefix_override:/usr/lib/python3/dist-packages/colcon_core/task/python/colcon_distutils_commands:/home/phj/Test_cursor/05_ros2_ws_0.5/install/roomie_ec/lib/python3.12/site-packages:${PYTHONPATH} VIRTUAL_ENV_PROMPT=(ros_venv) /usr/bin/python3 -W ignore:setup.py install is deprecated -W ignore:easy_install command is deprecated setup.py egg_info --egg-base ../../build/roomie_ec build --build-base /home/phj/Test_cursor/05_ros2_ws_0.5/build/roomie_ec/build install --record /home/phj/Test_cursor/05_ros2_ws_0.5/build/roomie_ec/install.log --single-version-externally-managed install_data
[2.959s] Level 1:colcon.colcon_core.environment:checking '/home/phj/Test_cursor/05_ros2_ws_0.5/install/roomie_ec' for CMake config files
[2.959s] Level 1:colcon.colcon_core.environment:checking '/home/phj/Test_cursor/05_ros2_ws_0.5/install/roomie_ec/lib'
[2.959s] Level 1:colcon.colcon_core.environment:checking '/home/phj/Test_cursor/05_ros2_ws_0.5/install/roomie_ec/bin'
[2.959s] Level 1:colcon.colcon_core.environment:checking '/home/phj/Test_cursor/05_ros2_ws_0.5/install/roomie_ec/lib/pkgconfig/roomie_ec.pc'
[2.960s] Level 1:colcon.colcon_core.environment:checking '/home/phj/Test_cursor/05_ros2_ws_0.5/install/roomie_ec/lib/python3.12/site-packages'
[2.960s] Level 1:colcon.colcon_core.shell:create_environment_hook('roomie_ec', 'pythonpath')
[2.960s] INFO:colcon.colcon_core.shell:Creating environment hook '/home/phj/Test_cursor/05_ros2_ws_0.5/install/roomie_ec/share/roomie_ec/hook/pythonpath.ps1'
[2.960s] INFO:colcon.colcon_core.shell:Creating environment descriptor '/home/phj/Test_cursor/05_ros2_ws_0.5/install/roomie_ec/share/roomie_ec/hook/pythonpath.dsv'
[2.961s] INFO:colcon.colcon_core.shell:Creating environment hook '/home/phj/Test_cursor/05_ros2_ws_0.5/install/roomie_ec/share/roomie_ec/hook/pythonpath.sh'
[2.961s] Level 1:colcon.colcon_core.environment:checking '/home/phj/Test_cursor/05_ros2_ws_0.5/install/roomie_ec/bin'
[2.961s] Level 1:colcon.colcon_core.environment:create_environment_scripts_only(roomie_ec)
[2.961s] INFO:colcon.colcon_core.shell:Creating package script '/home/phj/Test_cursor/05_ros2_ws_0.5/install/roomie_ec/share/roomie_ec/package.ps1'
[2.962s] INFO:colcon.colcon_core.shell:Creating package descriptor '/home/phj/Test_cursor/05_ros2_ws_0.5/install/roomie_ec/share/roomie_ec/package.dsv'
[2.962s] INFO:colcon.colcon_core.shell:Creating package script '/home/phj/Test_cursor/05_ros2_ws_0.5/install/roomie_ec/share/roomie_ec/package.sh'
[2.963s] INFO:colcon.colcon_core.shell:Creating package script '/home/phj/Test_cursor/05_ros2_ws_0.5/install/roomie_ec/share/roomie_ec/package.bash'
[2.963s] INFO:colcon.colcon_core.shell:Creating package script '/home/phj/Test_cursor/05_ros2_ws_0.5/install/roomie_ec/share/roomie_ec/package.zsh'
[2.963s] Level 1:colcon.colcon_core.environment:create_file_with_runtime_dependencies(/home/phj/Test_cursor/05_ros2_ws_0.5/install/roomie_ec/share/colcon-core/packages/roomie_ec)
[3.000s] DEBUG:colcon.colcon_core.event_handler.log_command:Invoking command in '/home/phj/Test_cursor/05_ros2_ws_0.5/src/roomie_gui': DEBUGINFOD_URLS=https://debuginfod.ubuntu.com PS1=(ros_venv) \[\e[1;34m\](ID: ${ROS_DOMAIN_ID:-0})\[\e[1;32m\]\u\[\e[0m\]:\[\e[1;34m\]\w\[\e[0m\]$ PYTHONPATH=/home/phj/Test_cursor/05_ros2_ws_0.5/build/roomie_gui/prefix_override:/usr/lib/python3/dist-packages/colcon_core/task/python/colcon_distutils_commands:/home/phj/Test_cursor/05_ros2_ws_0.5/install/roomie_gui/lib/python3.12/site-packages:/home/phj/Test_cursor/05_ros2_ws_0.5/install/roomie_msgs/lib/python3.12/site-packages:/home/phj/Test_cursor/05_ros2_ws_0.5/install/roomie_static_obstacle/lib/python3.12/site-packages:/home/phj/Test_cursor/05_ros2_ws_0.5/install/roomie_simple_navigator/lib/python3.12/site-packages:/home/phj/Test_cursor/05_ros2_ws_0.5/install/roomie_safety_monitor/lib/python3.12/site-packages:/home/phj/Test_cursor/05_ros2_ws_0.5/install/roomie_rc_test/lib/python3.12/site-packages:/home/phj/Test_cursor/05_ros2_ws_0.5/install/roomie_rc/lib/python3.12/site-packages:/home/phj/Test_cursor/05_ros2_ws_0.5/install/roomie_gui/lib/python3.12/site-packages:/home/phj/Test_cursor/05_ros2_ws_0.5/install/roomie_ec/lib/python3.12/site-packages:/opt/ros/jazzy/lib/python3.12/site-packages VIRTUAL_ENV_PROMPT=(ros_venv) /usr/bin/python3 -W ignore:setup.py install is deprecated -W ignore:easy_install command is deprecated setup.py egg_info --egg-base ../../build/roomie_gui build --build-base /home/phj/Test_cursor/05_ros2_ws_0.5/build/roomie_gui/build install --record /home/phj/Test_cursor/05_ros2_ws_0.5/build/roomie_gui/install.log --single-version-externally-managed install_data
[3.019s] DEBUG:colcon.colcon_core.event_handler.log_command:Invoking command in '/home/phj/Test_cursor/05_ros2_ws_0.5/src/roomie_safety_monitor': DEBUGINFOD_URLS=https://debuginfod.ubuntu.com PS1=(ros_venv) \[\e[1;34m\](ID: ${ROS_DOMAIN_ID:-0})\[\e[1;32m\]\u\[\e[0m\]:\[\e[1;34m\]\w\[\e[0m\]$ PYTHONPATH=/home/phj/Test_cursor/05_ros2_ws_0.5/build/roomie_safety_monitor/prefix_override:/usr/lib/python3/dist-packages/colcon_core/task/python/colcon_distutils_commands:/home/phj/Test_cursor/05_ros2_ws_0.5/install/roomie_safety_monitor/lib/python3.12/site-packages:/home/phj/Test_cursor/05_ros2_ws_0.5/install/roomie_msgs/lib/python3.12/site-packages:/home/phj/Test_cursor/05_ros2_ws_0.5/install/roomie_static_obstacle/lib/python3.12/site-packages:/home/phj/Test_cursor/05_ros2_ws_0.5/install/roomie_simple_navigator/lib/python3.12/site-packages:/home/phj/Test_cursor/05_ros2_ws_0.5/install/roomie_safety_monitor/lib/python3.12/site-packages:/home/phj/Test_cursor/05_ros2_ws_0.5/install/roomie_rc_test/lib/python3.12/site-packages:/home/phj/Test_cursor/05_ros2_ws_0.5/install/roomie_rc/lib/python3.12/site-packages:/home/phj/Test_cursor/05_ros2_ws_0.5/install/roomie_gui/lib/python3.12/site-packages:/home/phj/Test_cursor/05_ros2_ws_0.5/install/roomie_ec/lib/python3.12/site-packages:/opt/ros/jazzy/lib/python3.12/site-packages VIRTUAL_ENV_PROMPT=(ros_venv) /usr/bin/python3 -W ignore:setup.py install is deprecated -W ignore:easy_install command is deprecated setup.py egg_info --egg-base ../../build/roomie_safety_monitor build --build-base /home/phj/Test_cursor/05_ros2_ws_0.5/build/roomie_safety_monitor/build install --record /home/phj/Test_cursor/05_ros2_ws_0.5/build/roomie_safety_monitor/install.log --single-version-externally-managed install_data
[3.025s] DEBUG:colcon.colcon_core.event_handler.log_command:Invoking command in '/home/phj/Test_cursor/05_ros2_ws_0.5/src/roomie_rc_test': DEBUGINFOD_URLS=https://debuginfod.ubuntu.com PS1=(ros_venv) \[\e[1;34m\](ID: ${ROS_DOMAIN_ID:-0})\[\e[1;32m\]\u\[\e[0m\]:\[\e[1;34m\]\w\[\e[0m\]$ PYTHONPATH=/home/phj/Test_cursor/05_ros2_ws_0.5/build/roomie_rc_test/prefix_override:/usr/lib/python3/dist-packages/colcon_core/task/python/colcon_distutils_commands:/home/phj/Test_cursor/05_ros2_ws_0.5/install/roomie_rc_test/lib/python3.12/site-packages:/home/phj/Test_cursor/05_ros2_ws_0.5/install/roomie_msgs/lib/python3.12/site-packages:/home/phj/Test_cursor/05_ros2_ws_0.5/install/roomie_static_obstacle/lib/python3.12/site-packages:/home/phj/Test_cursor/05_ros2_ws_0.5/install/roomie_simple_navigator/lib/python3.12/site-packages:/home/phj/Test_cursor/05_ros2_ws_0.5/install/roomie_safety_monitor/lib/python3.12/site-packages:/home/phj/Test_cursor/05_ros2_ws_0.5/install/roomie_rc_test/lib/python3.12/site-packages:/home/phj/Test_cursor/05_ros2_ws_0.5/install/roomie_rc/lib/python3.12/site-packages:/home/phj/Test_cursor/05_ros2_ws_0.5/install/roomie_gui/lib/python3.12/site-packages:/home/phj/Test_cursor/05_ros2_ws_0.5/install/roomie_ec/lib/python3.12/site-packages:/opt/ros/jazzy/lib/python3.12/site-packages VIRTUAL_ENV_PROMPT=(ros_venv) /usr/bin/python3 -W ignore:setup.py install is deprecated -W ignore:easy_install command is deprecated setup.py egg_info --egg-base ../../build/roomie_rc_test build --build-base /home/phj/Test_cursor/05_ros2_ws_0.5/build/roomie_rc_test/build install --record /home/phj/Test_cursor/05_ros2_ws_0.5/build/roomie_rc_test/install.log --single-version-externally-managed install_data
[3.050s] DEBUG:colcon.colcon_core.event_handler.log_command:Invoking command in '/home/phj/Test_cursor/05_ros2_ws_0.5/src/roomie_rc': DEBUGINFOD_URLS=https://debuginfod.ubuntu.com PS1=(ros_venv) \[\e[1;34m\](ID: ${ROS_DOMAIN_ID:-0})\[\e[1;32m\]\u\[\e[0m\]:\[\e[1;34m\]\w\[\e[0m\]$ PYTHONPATH=/home/phj/Test_cursor/05_ros2_ws_0.5/build/roomie_rc/prefix_override:/usr/lib/python3/dist-packages/colcon_core/task/python/colcon_distutils_commands:/home/phj/Test_cursor/05_ros2_ws_0.5/install/roomie_rc/lib/python3.12/site-packages:/home/phj/Test_cursor/05_ros2_ws_0.5/install/roomie_msgs/lib/python3.12/site-packages:/home/phj/Test_cursor/05_ros2_ws_0.5/install/roomie_static_obstacle/lib/python3.12/site-packages:/home/phj/Test_cursor/05_ros2_ws_0.5/install/roomie_simple_navigator/lib/python3.12/site-packages:/home/phj/Test_cursor/05_ros2_ws_0.5/install/roomie_safety_monitor/lib/python3.12/site-packages:/home/phj/Test_cursor/05_ros2_ws_0.5/install/roomie_rc_test/lib/python3.12/site-packages:/home/phj/Test_cursor/05_ros2_ws_0.5/install/roomie_rc/lib/python3.12/site-packages:/home/phj/Test_cursor/05_ros2_ws_0.5/install/roomie_gui/lib/python3.12/site-packages:/home/phj/Test_cursor/05_ros2_ws_0.5/install/roomie_ec/lib/python3.12/site-packages:/opt/ros/jazzy/lib/python3.12/site-packages VIRTUAL_ENV_PROMPT=(ros_venv) /usr/bin/python3 -W ignore:setup.py install is deprecated -W ignore:easy_install command is deprecated setup.py egg_info --egg-base ../../build/roomie_rc build --build-base /home/phj/Test_cursor/05_ros2_ws_0.5/build/roomie_rc/build install --record /home/phj/Test_cursor/05_ros2_ws_0.5/build/roomie_rc/install.log --single-version-externally-managed install_data
[3.269s] Level 1:colcon.colcon_core.environment:checking '/home/phj/Test_cursor/05_ros2_ws_0.5/install/roomie_simple_navigator' for CMake module files
[3.270s] DEBUG:colcon.colcon_core.event_handler.log_command:Invoked command in '/home/phj/Test_cursor/05_ros2_ws_0.5/src/roomie_simple_navigator' returned '0': DEBUGINFOD_URLS=https://debuginfod.ubuntu.com PS1=(ros_venv) \[\e[1;34m\](ID: ${ROS_DOMAIN_ID:-0})\[\e[1;32m\]\u\[\e[0m\]:\[\e[1;34m\]\w\[\e[0m\]$ PYTHONPATH=/home/phj/Test_cursor/05_ros2_ws_0.5/build/roomie_simple_navigator/prefix_override:/usr/lib/python3/dist-packages/colcon_core/task/python/colcon_distutils_commands:/home/phj/Test_cursor/05_ros2_ws_0.5/install/roomie_simple_navigator/lib/python3.12/site-packages:${PYTHONPATH} VIRTUAL_ENV_PROMPT=(ros_venv) /usr/bin/python3 -W ignore:setup.py install is deprecated -W ignore:easy_install command is deprecated setup.py egg_info --egg-base ../../build/roomie_simple_navigator build --build-base /home/phj/Test_cursor/05_ros2_ws_0.5/build/roomie_simple_navigator/build install --record /home/phj/Test_cursor/05_ros2_ws_0.5/build/roomie_simple_navigator/install.log --single-version-externally-managed install_data
[3.270s] Level 1:colcon.colcon_core.environment:checking '/home/phj/Test_cursor/05_ros2_ws_0.5/install/roomie_simple_navigator' for CMake config files
[3.271s] Level 1:colcon.colcon_core.environment:checking '/home/phj/Test_cursor/05_ros2_ws_0.5/install/roomie_simple_navigator/lib'
[3.271s] Level 1:colcon.colcon_core.environment:checking '/home/phj/Test_cursor/05_ros2_ws_0.5/install/roomie_simple_navigator/bin'
[3.271s] Level 1:colcon.colcon_core.environment:checking '/home/phj/Test_cursor/05_ros2_ws_0.5/install/roomie_simple_navigator/lib/pkgconfig/roomie_simple_navigator.pc'
[3.271s] Level 1:colcon.colcon_core.environment:checking '/home/phj/Test_cursor/05_ros2_ws_0.5/install/roomie_simple_navigator/lib/python3.12/site-packages'
[3.271s] Level 1:colcon.colcon_core.shell:create_environment_hook('roomie_simple_navigator', 'pythonpath')
[3.272s] INFO:colcon.colcon_core.shell:Creating environment hook '/home/phj/Test_cursor/05_ros2_ws_0.5/install/roomie_simple_navigator/share/roomie_simple_navigator/hook/pythonpath.ps1'
[3.273s] INFO:colcon.colcon_core.shell:Creating environment descriptor '/home/phj/Test_cursor/05_ros2_ws_0.5/install/roomie_simple_navigator/share/roomie_simple_navigator/hook/pythonpath.dsv'
[3.273s] INFO:colcon.colcon_core.shell:Creating environment hook '/home/phj/Test_cursor/05_ros2_ws_0.5/install/roomie_simple_navigator/share/roomie_simple_navigator/hook/pythonpath.sh'
[3.274s] Level 1:colcon.colcon_core.environment:checking '/home/phj/Test_cursor/05_ros2_ws_0.5/install/roomie_simple_navigator/bin'
[3.274s] Level 1:colcon.colcon_core.environment:create_environment_scripts_only(roomie_simple_navigator)
[3.274s] INFO:colcon.colcon_core.shell:Creating package script '/home/phj/Test_cursor/05_ros2_ws_0.5/install/roomie_simple_navigator/share/roomie_simple_navigator/package.ps1'
[3.275s] INFO:colcon.colcon_core.shell:Creating package descriptor '/home/phj/Test_cursor/05_ros2_ws_0.5/install/roomie_simple_navigator/share/roomie_simple_navigator/package.dsv'
[3.276s] INFO:colcon.colcon_core.shell:Creating package script '/home/phj/Test_cursor/05_ros2_ws_0.5/install/roomie_simple_navigator/share/roomie_simple_navigator/package.sh'
[3.276s] INFO:colcon.colcon_core.shell:Creating package script '/home/phj/Test_cursor/05_ros2_ws_0.5/install/roomie_simple_navigator/share/roomie_simple_navigator/package.bash'
[3.277s] INFO:colcon.colcon_core.shell:Creating package script '/home/phj/Test_cursor/05_ros2_ws_0.5/install/roomie_simple_navigator/share/roomie_simple_navigator/package.zsh'
[3.277s] Level 1:colcon.colcon_core.environment:create_file_with_runtime_dependencies(/home/phj/Test_cursor/05_ros2_ws_0.5/install/roomie_simple_navigator/share/colcon-core/packages/roomie_simple_navigator)
[3.302s] DEBUG:colcon.colcon_core.event_handler.log_command:Invoking command in '/home/phj/Test_cursor/05_ros2_ws_0.5/src/roomie_static_obstacle': DEBUGINFOD_URLS=https://debuginfod.ubuntu.com PS1=(ros_venv) \[\e[1;34m\](ID: ${ROS_DOMAIN_ID:-0})\[\e[1;32m\]\u\[\e[0m\]:\[\e[1;34m\]\w\[\e[0m\]$ PYTHONPATH=/home/phj/Test_cursor/05_ros2_ws_0.5/build/roomie_static_obstacle/prefix_override:/usr/lib/python3/dist-packages/colcon_core/task/python/colcon_distutils_commands:/home/phj/Test_cursor/05_ros2_ws_0.5/install/roomie_static_obstacle/lib/python3.12/site-packages:/home/phj/Test_cursor/05_ros2_ws_0.5/install/roomie_msgs/lib/python3.12/site-packages:/home/phj/Test_cursor/05_ros2_ws_0.5/install/roomie_static_obstacle/lib/python3.12/site-packages:/home/phj/Test_cursor/05_ros2_ws_0.5/install/roomie_simple_navigator/lib/python3.12/site-packages:/home/phj/Test_cursor/05_ros2_ws_0.5/install/roomie_safety_monitor/lib/python3.12/site-packages:/home/phj/Test_cursor/05_ros2_ws_0.5/install/roomie_rc_test/lib/python3.12/site-packages:/home/phj/Test_cursor/05_ros2_ws_0.5/install/roomie_rc/lib/python3.12/site-packages:/home/phj/Test_cursor/05_ros2_ws_0.5/install/roomie_gui/lib/python3.12/site-packages:/home/phj/Test_cursor/05_ros2_ws_0.5/install/roomie_ec/lib/python3.12/site-packages:/opt/ros/jazzy/lib/python3.12/site-packages VIRTUAL_ENV_PROMPT=(ros_venv) /usr/bin/python3 -W ignore:setup.py install is deprecated -W ignore:easy_install command is deprecated setup.py egg_info --egg-base ../../build/roomie_static_obstacle build --build-base /home/phj/Test_cursor/05_ros2_ws_0.5/build/roomie_static_obstacle/build install --record /home/phj/Test_cursor/05_ros2_ws_0.5/build/roomie_static_obstacle/install.log --single-version-externally-managed install_data
[3.682s] Level 1:colcon.colcon_core.environment:checking '/home/phj/Test_cursor/05_ros2_ws_0.5/install/roomie_gui' for CMake module files
[3.683s] Level 1:colcon.colcon_core.environment:checking '/home/phj/Test_cursor/05_ros2_ws_0.5/install/roomie_gui' for CMake config files
[3.683s] Level 1:colcon.colcon_core.environment:checking '/home/phj/Test_cursor/05_ros2_ws_0.5/install/roomie_gui/lib'
[3.683s] Level 1:colcon.colcon_core.environment:checking '/home/phj/Test_cursor/05_ros2_ws_0.5/install/roomie_gui/bin'
[3.684s] Level 1:colcon.colcon_core.environment:checking '/home/phj/Test_cursor/05_ros2_ws_0.5/install/roomie_gui/lib/pkgconfig/roomie_gui.pc'
[3.684s] Level 1:colcon.colcon_core.environment:checking '/home/phj/Test_cursor/05_ros2_ws_0.5/install/roomie_gui/lib/python3.12/site-packages'
[3.684s] Level 1:colcon.colcon_core.shell:create_environment_hook('roomie_gui', 'pythonpath')
[3.684s] INFO:colcon.colcon_core.shell:Creating environment hook '/home/phj/Test_cursor/05_ros2_ws_0.5/install/roomie_gui/share/roomie_gui/hook/pythonpath.ps1'
[3.685s] INFO:colcon.colcon_core.shell:Creating environment descriptor '/home/phj/Test_cursor/05_ros2_ws_0.5/install/roomie_gui/share/roomie_gui/hook/pythonpath.dsv'
[3.685s] INFO:colcon.colcon_core.shell:Creating environment hook '/home/phj/Test_cursor/05_ros2_ws_0.5/install/roomie_gui/share/roomie_gui/hook/pythonpath.sh'
[3.686s] DEBUG:colcon.colcon_core.event_handler.log_command:Invoked command in '/home/phj/Test_cursor/05_ros2_ws_0.5/src/roomie_gui' returned '0': DEBUGINFOD_URLS=https://debuginfod.ubuntu.com PS1=(ros_venv) \[\e[1;34m\](ID: ${ROS_DOMAIN_ID:-0})\[\e[1;32m\]\u\[\e[0m\]:\[\e[1;34m\]\w\[\e[0m\]$ PYTHONPATH=/home/phj/Test_cursor/05_ros2_ws_0.5/build/roomie_gui/prefix_override:/usr/lib/python3/dist-packages/colcon_core/task/python/colcon_distutils_commands:/home/phj/Test_cursor/05_ros2_ws_0.5/install/roomie_gui/lib/python3.12/site-packages:/home/phj/Test_cursor/05_ros2_ws_0.5/install/roomie_msgs/lib/python3.12/site-packages:/home/phj/Test_cursor/05_ros2_ws_0.5/install/roomie_static_obstacle/lib/python3.12/site-packages:/home/phj/Test_cursor/05_ros2_ws_0.5/install/roomie_simple_navigator/lib/python3.12/site-packages:/home/phj/Test_cursor/05_ros2_ws_0.5/install/roomie_safety_monitor/lib/python3.12/site-packages:/home/phj/Test_cursor/05_ros2_ws_0.5/install/roomie_rc_test/lib/python3.12/site-packages:/home/phj/Test_cursor/05_ros2_ws_0.5/install/roomie_rc/lib/python3.12/site-packages:/home/phj/Test_cursor/05_ros2_ws_0.5/install/roomie_gui/lib/python3.12/site-packages:/home/phj/Test_cursor/05_ros2_ws_0.5/install/roomie_ec/lib/python3.12/site-packages:/opt/ros/jazzy/lib/python3.12/site-packages VIRTUAL_ENV_PROMPT=(ros_venv) /usr/bin/python3 -W ignore:setup.py install is deprecated -W ignore:easy_install command is deprecated setup.py egg_info --egg-base ../../build/roomie_gui build --build-base /home/phj/Test_cursor/05_ros2_ws_0.5/build/roomie_gui/build install --record /home/phj/Test_cursor/05_ros2_ws_0.5/build/roomie_gui/install.log --single-version-externally-managed install_data
[3.686s] Level 1:colcon.colcon_core.environment:checking '/home/phj/Test_cursor/05_ros2_ws_0.5/install/roomie_gui/bin'
[3.687s] Level 1:colcon.colcon_core.environment:create_environment_scripts_only(roomie_gui)
[3.687s] INFO:colcon.colcon_core.shell:Creating package script '/home/phj/Test_cursor/05_ros2_ws_0.5/install/roomie_gui/share/roomie_gui/package.ps1'
[3.688s] INFO:colcon.colcon_core.shell:Creating package descriptor '/home/phj/Test_cursor/05_ros2_ws_0.5/install/roomie_gui/share/roomie_gui/package.dsv'
[3.688s] INFO:colcon.colcon_core.shell:Creating package script '/home/phj/Test_cursor/05_ros2_ws_0.5/install/roomie_gui/share/roomie_gui/package.sh'
[3.689s] INFO:colcon.colcon_core.shell:Creating package script '/home/phj/Test_cursor/05_ros2_ws_0.5/install/roomie_gui/share/roomie_gui/package.bash'
[3.689s] INFO:colcon.colcon_core.shell:Creating package script '/home/phj/Test_cursor/05_ros2_ws_0.5/install/roomie_gui/share/roomie_gui/package.zsh'
[3.689s] Level 1:colcon.colcon_core.environment:create_file_with_runtime_dependencies(/home/phj/Test_cursor/05_ros2_ws_0.5/install/roomie_gui/share/colcon-core/packages/roomie_gui)
[3.786s] Level 1:colcon.colcon_core.environment:checking '/home/phj/Test_cursor/05_ros2_ws_0.5/install/roomie_rc_test' for CMake module files
[3.787s] DEBUG:colcon.colcon_core.event_handler.log_command:Invoked command in '/home/phj/Test_cursor/05_ros2_ws_0.5/src/roomie_rc_test' returned '0': DEBUGINFOD_URLS=https://debuginfod.ubuntu.com PS1=(ros_venv) \[\e[1;34m\](ID: ${ROS_DOMAIN_ID:-0})\[\e[1;32m\]\u\[\e[0m\]:\[\e[1;34m\]\w\[\e[0m\]$ PYTHONPATH=/home/phj/Test_cursor/05_ros2_ws_0.5/build/roomie_rc_test/prefix_override:/usr/lib/python3/dist-packages/colcon_core/task/python/colcon_distutils_commands:/home/phj/Test_cursor/05_ros2_ws_0.5/install/roomie_rc_test/lib/python3.12/site-packages:/home/phj/Test_cursor/05_ros2_ws_0.5/install/roomie_msgs/lib/python3.12/site-packages:/home/phj/Test_cursor/05_ros2_ws_0.5/install/roomie_static_obstacle/lib/python3.12/site-packages:/home/phj/Test_cursor/05_ros2_ws_0.5/install/roomie_simple_navigator/lib/python3.12/site-packages:/home/phj/Test_cursor/05_ros2_ws_0.5/install/roomie_safety_monitor/lib/python3.12/site-packages:/home/phj/Test_cursor/05_ros2_ws_0.5/install/roomie_rc_test/lib/python3.12/site-packages:/home/phj/Test_cursor/05_ros2_ws_0.5/install/roomie_rc/lib/python3.12/site-packages:/home/phj/Test_cursor/05_ros2_ws_0.5/install/roomie_gui/lib/python3.12/site-packages:/home/phj/Test_cursor/05_ros2_ws_0.5/install/roomie_ec/lib/python3.12/site-packages:/opt/ros/jazzy/lib/python3.12/site-packages VIRTUAL_ENV_PROMPT=(ros_venv) /usr/bin/python3 -W ignore:setup.py install is deprecated -W ignore:easy_install command is deprecated setup.py egg_info --egg-base ../../build/roomie_rc_test build --build-base /home/phj/Test_cursor/05_ros2_ws_0.5/build/roomie_rc_test/build install --record /home/phj/Test_cursor/05_ros2_ws_0.5/build/roomie_rc_test/install.log --single-version-externally-managed install_data
[3.787s] Level 1:colcon.colcon_core.environment:checking '/home/phj/Test_cursor/05_ros2_ws_0.5/install/roomie_rc_test' for CMake config files
[3.788s] Level 1:colcon.colcon_core.environment:checking '/home/phj/Test_cursor/05_ros2_ws_0.5/install/roomie_rc_test/lib'
[3.788s] Level 1:colcon.colcon_core.environment:checking '/home/phj/Test_cursor/05_ros2_ws_0.5/install/roomie_rc_test/bin'
[3.788s] Level 1:colcon.colcon_core.environment:checking '/home/phj/Test_cursor/05_ros2_ws_0.5/install/roomie_rc_test/lib/pkgconfig/roomie_rc_test.pc'
[3.788s] Level 1:colcon.colcon_core.environment:checking '/home/phj/Test_cursor/05_ros2_ws_0.5/install/roomie_rc_test/lib/python3.12/site-packages'
[3.788s] Level 1:colcon.colcon_core.shell:create_environment_hook('roomie_rc_test', 'pythonpath')
[3.788s] INFO:colcon.colcon_core.shell:Creating environment hook '/home/phj/Test_cursor/05_ros2_ws_0.5/install/roomie_rc_test/share/roomie_rc_test/hook/pythonpath.ps1'
[3.789s] INFO:colcon.colcon_core.shell:Creating environment descriptor '/home/phj/Test_cursor/05_ros2_ws_0.5/install/roomie_rc_test/share/roomie_rc_test/hook/pythonpath.dsv'
[3.789s] INFO:colcon.colcon_core.shell:Creating environment hook '/home/phj/Test_cursor/05_ros2_ws_0.5/install/roomie_rc_test/share/roomie_rc_test/hook/pythonpath.sh'
[3.790s] Level 1:colcon.colcon_core.environment:checking '/home/phj/Test_cursor/05_ros2_ws_0.5/install/roomie_rc_test/bin'
[3.790s] Level 1:colcon.colcon_core.environment:create_environment_scripts_only(roomie_rc_test)
[3.790s] INFO:colcon.colcon_core.shell:Creating package script '/home/phj/Test_cursor/05_ros2_ws_0.5/install/roomie_rc_test/share/roomie_rc_test/package.ps1'
[3.791s] INFO:colcon.colcon_core.shell:Creating package descriptor '/home/phj/Test_cursor/05_ros2_ws_0.5/install/roomie_rc_test/share/roomie_rc_test/package.dsv'
[3.791s] INFO:colcon.colcon_core.shell:Creating package script '/home/phj/Test_cursor/05_ros2_ws_0.5/install/roomie_rc_test/share/roomie_rc_test/package.sh'
[3.792s] INFO:colcon.colcon_core.shell:Creating package script '/home/phj/Test_cursor/05_ros2_ws_0.5/install/roomie_rc_test/share/roomie_rc_test/package.bash'
[3.792s] INFO:colcon.colcon_core.shell:Creating package script '/home/phj/Test_cursor/05_ros2_ws_0.5/install/roomie_rc_test/share/roomie_rc_test/package.zsh'
[3.792s] Level 1:colcon.colcon_core.environment:create_file_with_runtime_dependencies(/home/phj/Test_cursor/05_ros2_ws_0.5/install/roomie_rc_test/share/colcon-core/packages/roomie_rc_test)
[3.805s] Level 1:colcon.colcon_core.environment:checking '/home/phj/Test_cursor/05_ros2_ws_0.5/install/roomie_rc' for CMake module files
[3.806s] DEBUG:colcon.colcon_core.event_handler.log_command:Invoked command in '/home/phj/Test_cursor/05_ros2_ws_0.5/src/roomie_rc' returned '0': DEBUGINFOD_URLS=https://debuginfod.ubuntu.com PS1=(ros_venv) \[\e[1;34m\](ID: ${ROS_DOMAIN_ID:-0})\[\e[1;32m\]\u\[\e[0m\]:\[\e[1;34m\]\w\[\e[0m\]$ PYTHONPATH=/home/phj/Test_cursor/05_ros2_ws_0.5/build/roomie_rc/prefix_override:/usr/lib/python3/dist-packages/colcon_core/task/python/colcon_distutils_commands:/home/phj/Test_cursor/05_ros2_ws_0.5/install/roomie_rc/lib/python3.12/site-packages:/home/phj/Test_cursor/05_ros2_ws_0.5/install/roomie_msgs/lib/python3.12/site-packages:/home/phj/Test_cursor/05_ros2_ws_0.5/install/roomie_static_obstacle/lib/python3.12/site-packages:/home/phj/Test_cursor/05_ros2_ws_0.5/install/roomie_simple_navigator/lib/python3.12/site-packages:/home/phj/Test_cursor/05_ros2_ws_0.5/install/roomie_safety_monitor/lib/python3.12/site-packages:/home/phj/Test_cursor/05_ros2_ws_0.5/install/roomie_rc_test/lib/python3.12/site-packages:/home/phj/Test_cursor/05_ros2_ws_0.5/install/roomie_rc/lib/python3.12/site-packages:/home/phj/Test_cursor/05_ros2_ws_0.5/install/roomie_gui/lib/python3.12/site-packages:/home/phj/Test_cursor/05_ros2_ws_0.5/install/roomie_ec/lib/python3.12/site-packages:/opt/ros/jazzy/lib/python3.12/site-packages VIRTUAL_ENV_PROMPT=(ros_venv) /usr/bin/python3 -W ignore:setup.py install is deprecated -W ignore:easy_install command is deprecated setup.py egg_info --egg-base ../../build/roomie_rc build --build-base /home/phj/Test_cursor/05_ros2_ws_0.5/build/roomie_rc/build install --record /home/phj/Test_cursor/05_ros2_ws_0.5/build/roomie_rc/install.log --single-version-externally-managed install_data
[3.806s] Level 1:colcon.colcon_core.environment:checking '/home/phj/Test_cursor/05_ros2_ws_0.5/install/roomie_rc' for CMake config files
[3.806s] Level 1:colcon.colcon_core.environment:checking '/home/phj/Test_cursor/05_ros2_ws_0.5/install/roomie_rc/lib'
[3.807s] Level 1:colcon.colcon_core.environment:checking '/home/phj/Test_cursor/05_ros2_ws_0.5/install/roomie_rc/bin'
[3.807s] Level 1:colcon.colcon_core.environment:checking '/home/phj/Test_cursor/05_ros2_ws_0.5/install/roomie_rc/lib/pkgconfig/roomie_rc.pc'
[3.807s] Level 1:colcon.colcon_core.environment:checking '/home/phj/Test_cursor/05_ros2_ws_0.5/install/roomie_rc/lib/python3.12/site-packages'
[3.807s] Level 1:colcon.colcon_core.shell:create_environment_hook('roomie_rc', 'pythonpath')
[3.807s] INFO:colcon.colcon_core.shell:Creating environment hook '/home/phj/Test_cursor/05_ros2_ws_0.5/install/roomie_rc/share/roomie_rc/hook/pythonpath.ps1'
[3.808s] INFO:colcon.colcon_core.shell:Creating environment descriptor '/home/phj/Test_cursor/05_ros2_ws_0.5/install/roomie_rc/share/roomie_rc/hook/pythonpath.dsv'
[3.808s] INFO:colcon.colcon_core.shell:Creating environment hook '/home/phj/Test_cursor/05_ros2_ws_0.5/install/roomie_rc/share/roomie_rc/hook/pythonpath.sh'
[3.808s] Level 1:colcon.colcon_core.environment:checking '/home/phj/Test_cursor/05_ros2_ws_0.5/install/roomie_rc/bin'
[3.808s] Level 1:colcon.colcon_core.environment:create_environment_scripts_only(roomie_rc)
[3.809s] INFO:colcon.colcon_core.shell:Creating package script '/home/phj/Test_cursor/05_ros2_ws_0.5/install/roomie_rc/share/roomie_rc/package.ps1'
[3.809s] INFO:colcon.colcon_core.shell:Creating package descriptor '/home/phj/Test_cursor/05_ros2_ws_0.5/install/roomie_rc/share/roomie_rc/package.dsv'
[3.809s] INFO:colcon.colcon_core.shell:Creating package script '/home/phj/Test_cursor/05_ros2_ws_0.5/install/roomie_rc/share/roomie_rc/package.sh'
[3.810s] INFO:colcon.colcon_core.shell:Creating package script '/home/phj/Test_cursor/05_ros2_ws_0.5/install/roomie_rc/share/roomie_rc/package.bash'
[3.810s] INFO:colcon.colcon_core.shell:Creating package script '/home/phj/Test_cursor/05_ros2_ws_0.5/install/roomie_rc/share/roomie_rc/package.zsh'
[3.810s] Level 1:colcon.colcon_core.environment:create_file_with_runtime_dependencies(/home/phj/Test_cursor/05_ros2_ws_0.5/install/roomie_rc/share/colcon-core/packages/roomie_rc)
[3.823s] Level 1:colcon.colcon_core.environment:checking '/home/phj/Test_cursor/05_ros2_ws_0.5/install/roomie_safety_monitor' for CMake module files
[3.824s] DEBUG:colcon.colcon_core.event_handler.log_command:Invoked command in '/home/phj/Test_cursor/05_ros2_ws_0.5/src/roomie_safety_monitor' returned '0': DEBUGINFOD_URLS=https://debuginfod.ubuntu.com PS1=(ros_venv) \[\e[1;34m\](ID: ${ROS_DOMAIN_ID:-0})\[\e[1;32m\]\u\[\e[0m\]:\[\e[1;34m\]\w\[\e[0m\]$ PYTHONPATH=/home/phj/Test_cursor/05_ros2_ws_0.5/build/roomie_safety_monitor/prefix_override:/usr/lib/python3/dist-packages/colcon_core/task/python/colcon_distutils_commands:/home/phj/Test_cursor/05_ros2_ws_0.5/install/roomie_safety_monitor/lib/python3.12/site-packages:/home/phj/Test_cursor/05_ros2_ws_0.5/install/roomie_msgs/lib/python3.12/site-packages:/home/phj/Test_cursor/05_ros2_ws_0.5/install/roomie_static_obstacle/lib/python3.12/site-packages:/home/phj/Test_cursor/05_ros2_ws_0.5/install/roomie_simple_navigator/lib/python3.12/site-packages:/home/phj/Test_cursor/05_ros2_ws_0.5/install/roomie_safety_monitor/lib/python3.12/site-packages:/home/phj/Test_cursor/05_ros2_ws_0.5/install/roomie_rc_test/lib/python3.12/site-packages:/home/phj/Test_cursor/05_ros2_ws_0.5/install/roomie_rc/lib/python3.12/site-packages:/home/phj/Test_cursor/05_ros2_ws_0.5/install/roomie_gui/lib/python3.12/site-packages:/home/phj/Test_cursor/05_ros2_ws_0.5/install/roomie_ec/lib/python3.12/site-packages:/opt/ros/jazzy/lib/python3.12/site-packages VIRTUAL_ENV_PROMPT=(ros_venv) /usr/bin/python3 -W ignore:setup.py install is deprecated -W ignore:easy_install command is deprecated setup.py egg_info --egg-base ../../build/roomie_safety_monitor build --build-base /home/phj/Test_cursor/05_ros2_ws_0.5/build/roomie_safety_monitor/build install --record /home/phj/Test_cursor/05_ros2_ws_0.5/build/roomie_safety_monitor/install.log --single-version-externally-managed install_data
[3.824s] Level 1:colcon.colcon_core.environment:checking '/home/phj/Test_cursor/05_ros2_ws_0.5/install/roomie_safety_monitor' for CMake config files
[3.825s] Level 1:colcon.colcon_core.environment:checking '/home/phj/Test_cursor/05_ros2_ws_0.5/install/roomie_safety_monitor/lib'
[3.825s] Level 1:colcon.colcon_core.environment:checking '/home/phj/Test_cursor/05_ros2_ws_0.5/install/roomie_safety_monitor/bin'
[3.825s] Level 1:colcon.colcon_core.environment:checking '/home/phj/Test_cursor/05_ros2_ws_0.5/install/roomie_safety_monitor/lib/pkgconfig/roomie_safety_monitor.pc'
[3.826s] Level 1:colcon.colcon_core.environment:checking '/home/phj/Test_cursor/05_ros2_ws_0.5/install/roomie_safety_monitor/lib/python3.12/site-packages'
[3.826s] Level 1:colcon.colcon_core.shell:create_environment_hook('roomie_safety_monitor', 'pythonpath')
[3.826s] INFO:colcon.colcon_core.shell:Creating environment hook '/home/phj/Test_cursor/05_ros2_ws_0.5/install/roomie_safety_monitor/share/roomie_safety_monitor/hook/pythonpath.ps1'
[3.826s] INFO:colcon.colcon_core.shell:Creating environment descriptor '/home/phj/Test_cursor/05_ros2_ws_0.5/install/roomie_safety_monitor/share/roomie_safety_monitor/hook/pythonpath.dsv'
[3.827s] INFO:colcon.colcon_core.shell:Creating environment hook '/home/phj/Test_cursor/05_ros2_ws_0.5/install/roomie_safety_monitor/share/roomie_safety_monitor/hook/pythonpath.sh'
[3.827s] Level 1:colcon.colcon_core.environment:checking '/home/phj/Test_cursor/05_ros2_ws_0.5/install/roomie_safety_monitor/bin'
[3.827s] Level 1:colcon.colcon_core.environment:create_environment_scripts_only(roomie_safety_monitor)
[3.828s] INFO:colcon.colcon_core.shell:Creating package script '/home/phj/Test_cursor/05_ros2_ws_0.5/install/roomie_safety_monitor/share/roomie_safety_monitor/package.ps1'
[3.828s] INFO:colcon.colcon_core.shell:Creating package descriptor '/home/phj/Test_cursor/05_ros2_ws_0.5/install/roomie_safety_monitor/share/roomie_safety_monitor/package.dsv'
[3.828s] INFO:colcon.colcon_core.shell:Creating package script '/home/phj/Test_cursor/05_ros2_ws_0.5/install/roomie_safety_monitor/share/roomie_safety_monitor/package.sh'
[3.829s] INFO:colcon.colcon_core.shell:Creating package script '/home/phj/Test_cursor/05_ros2_ws_0.5/install/roomie_safety_monitor/share/roomie_safety_monitor/package.bash'
[3.829s] INFO:colcon.colcon_core.shell:Creating package script '/home/phj/Test_cursor/05_ros2_ws_0.5/install/roomie_safety_monitor/share/roomie_safety_monitor/package.zsh'
[3.829s] Level 1:colcon.colcon_core.environment:create_file_with_runtime_dependencies(/home/phj/Test_cursor/05_ros2_ws_0.5/install/roomie_safety_monitor/share/colcon-core/packages/roomie_safety_monitor)
[4.072s] Level 1:colcon.colcon_core.environment:checking '/home/phj/Test_cursor/05_ros2_ws_0.5/install/roomie_static_obstacle' for CMake module files
[4.073s] DEBUG:colcon.colcon_core.event_handler.log_command:Invoked command in '/home/phj/Test_cursor/05_ros2_ws_0.5/src/roomie_static_obstacle' returned '0': DEBUGINFOD_URLS=https://debuginfod.ubuntu.com PS1=(ros_venv) \[\e[1;34m\](ID: ${ROS_DOMAIN_ID:-0})\[\e[1;32m\]\u\[\e[0m\]:\[\e[1;34m\]\w\[\e[0m\]$ PYTHONPATH=/home/phj/Test_cursor/05_ros2_ws_0.5/build/roomie_static_obstacle/prefix_override:/usr/lib/python3/dist-packages/colcon_core/task/python/colcon_distutils_commands:/home/phj/Test_cursor/05_ros2_ws_0.5/install/roomie_static_obstacle/lib/python3.12/site-packages:/home/phj/Test_cursor/05_ros2_ws_0.5/install/roomie_msgs/lib/python3.12/site-packages:/home/phj/Test_cursor/05_ros2_ws_0.5/install/roomie_static_obstacle/lib/python3.12/site-packages:/home/phj/Test_cursor/05_ros2_ws_0.5/install/roomie_simple_navigator/lib/python3.12/site-packages:/home/phj/Test_cursor/05_ros2_ws_0.5/install/roomie_safety_monitor/lib/python3.12/site-packages:/home/phj/Test_cursor/05_ros2_ws_0.5/install/roomie_rc_test/lib/python3.12/site-packages:/home/phj/Test_cursor/05_ros2_ws_0.5/install/roomie_rc/lib/python3.12/site-packages:/home/phj/Test_cursor/05_ros2_ws_0.5/install/roomie_gui/lib/python3.12/site-packages:/home/phj/Test_cursor/05_ros2_ws_0.5/install/roomie_ec/lib/python3.12/site-packages:/opt/ros/jazzy/lib/python3.12/site-packages VIRTUAL_ENV_PROMPT=(ros_venv) /usr/bin/python3 -W ignore:setup.py install is deprecated -W ignore:easy_install command is deprecated setup.py egg_info --egg-base ../../build/roomie_static_obstacle build --build-base /home/phj/Test_cursor/05_ros2_ws_0.5/build/roomie_static_obstacle/build install --record /home/phj/Test_cursor/05_ros2_ws_0.5/build/roomie_static_obstacle/install.log --single-version-externally-managed install_data
[4.073s] Level 1:colcon.colcon_core.environment:checking '/home/phj/Test_cursor/05_ros2_ws_0.5/install/roomie_static_obstacle' for CMake config files
[4.074s] Level 1:colcon.colcon_core.environment:checking '/home/phj/Test_cursor/05_ros2_ws_0.5/install/roomie_static_obstacle/lib'
[4.074s] Level 1:colcon.colcon_core.environment:checking '/home/phj/Test_cursor/05_ros2_ws_0.5/install/roomie_static_obstacle/bin'
[4.074s] Level 1:colcon.colcon_core.environment:checking '/home/phj/Test_cursor/05_ros2_ws_0.5/install/roomie_static_obstacle/lib/pkgconfig/roomie_static_obstacle.pc'
[4.074s] Level 1:colcon.colcon_core.environment:checking '/home/phj/Test_cursor/05_ros2_ws_0.5/install/roomie_static_obstacle/lib/python3.12/site-packages'
[4.074s] Level 1:colcon.colcon_core.shell:create_environment_hook('roomie_static_obstacle', 'pythonpath')
[4.074s] INFO:colcon.colcon_core.shell:Creating environment hook '/home/phj/Test_cursor/05_ros2_ws_0.5/install/roomie_static_obstacle/share/roomie_static_obstacle/hook/pythonpath.ps1'
[4.075s] INFO:colcon.colcon_core.shell:Creating environment descriptor '/home/phj/Test_cursor/05_ros2_ws_0.5/install/roomie_static_obstacle/share/roomie_static_obstacle/hook/pythonpath.dsv'
[4.075s] INFO:colcon.colcon_core.shell:Creating environment hook '/home/phj/Test_cursor/05_ros2_ws_0.5/install/roomie_static_obstacle/share/roomie_static_obstacle/hook/pythonpath.sh'
[4.076s] Level 1:colcon.colcon_core.environment:checking '/home/phj/Test_cursor/05_ros2_ws_0.5/install/roomie_static_obstacle/bin'
[4.076s] Level 1:colcon.colcon_core.environment:create_environment_scripts_only(roomie_static_obstacle)
[4.076s] INFO:colcon.colcon_core.shell:Creating package script '/home/phj/Test_cursor/05_ros2_ws_0.5/install/roomie_static_obstacle/share/roomie_static_obstacle/package.ps1'
[4.077s] INFO:colcon.colcon_core.shell:Creating package descriptor '/home/phj/Test_cursor/05_ros2_ws_0.5/install/roomie_static_obstacle/share/roomie_static_obstacle/package.dsv'
[4.077s] INFO:colcon.colcon_core.shell:Creating package script '/home/phj/Test_cursor/05_ros2_ws_0.5/install/roomie_static_obstacle/share/roomie_static_obstacle/package.sh'
[4.078s] INFO:colcon.colcon_core.shell:Creating package script '/home/phj/Test_cursor/05_ros2_ws_0.5/install/roomie_static_obstacle/share/roomie_static_obstacle/package.bash'
[4.078s] INFO:colcon.colcon_core.shell:Creating package script '/home/phj/Test_cursor/05_ros2_ws_0.5/install/roomie_static_obstacle/share/roomie_static_obstacle/package.zsh'
[4.078s] Level 1:colcon.colcon_core.environment:create_file_with_runtime_dependencies(/home/phj/Test_cursor/05_ros2_ws_0.5/install/roomie_static_obstacle/share/colcon-core/packages/roomie_static_obstacle)
[4.078s] DEBUG:colcon.colcon_parallel_executor.executor.parallel:closing loop
[4.079s] DEBUG:colcon.colcon_parallel_executor.executor.parallel:loop closed
[4.079s] DEBUG:colcon.colcon_parallel_executor.executor.parallel:run_until_complete finished with '0'
[4.079s] DEBUG:colcon.colcon_core.event_reactor:joining thread
[4.087s] INFO:colcon.colcon_core.plugin_system:Skipping extension 'colcon_notification.desktop_notification.terminal_notifier': Not used on non-Darwin systems
[4.087s] INFO:colcon.colcon_core.plugin_system:Skipping extension 'colcon_notification.desktop_notification.win32': Not used on non-Windows systems
[4.087s] INFO:colcon.colcon_notification.desktop_notification:Sending desktop notification using 'notify2'
[4.110s] DEBUG:colcon.colcon_core.event_reactor:joined thread
[4.111s] INFO:colcon.colcon_core.shell:Creating prefix script '/home/phj/Test_cursor/05_ros2_ws_0.5/install/local_setup.ps1'
[4.112s] INFO:colcon.colcon_core.shell:Creating prefix util module '/home/phj/Test_cursor/05_ros2_ws_0.5/install/_local_setup_util_ps1.py'
[4.113s] INFO:colcon.colcon_core.shell:Creating prefix chain script '/home/phj/Test_cursor/05_ros2_ws_0.5/install/setup.ps1'
[4.114s] INFO:colcon.colcon_core.shell:Creating prefix script '/home/phj/Test_cursor/05_ros2_ws_0.5/install/local_setup.sh'
[4.115s] INFO:colcon.colcon_core.shell:Creating prefix util module '/home/phj/Test_cursor/05_ros2_ws_0.5/install/_local_setup_util_sh.py'
[4.116s] INFO:colcon.colcon_core.shell:Creating prefix chain script '/home/phj/Test_cursor/05_ros2_ws_0.5/install/setup.sh'
[4.120s] INFO:colcon.colcon_core.shell:Creating prefix script '/home/phj/Test_cursor/05_ros2_ws_0.5/install/local_setup.bash'
[4.120s] INFO:colcon.colcon_core.shell:Creating prefix chain script '/home/phj/Test_cursor/05_ros2_ws_0.5/install/setup.bash'
[4.122s] INFO:colcon.colcon_core.shell:Creating prefix script '/home/phj/Test_cursor/05_ros2_ws_0.5/install/local_setup.zsh'
[4.123s] INFO:colcon.colcon_core.shell:Creating prefix chain script '/home/phj/Test_cursor/05_ros2_ws_0.5/install/setup.zsh'
