[4.076s] Invoking command in '/home/phj/Test_cursor/05_ros2_ws_0.5/src/roomie_simple_navigator': DEBUGINFOD_URLS=https://debuginfod.ubuntu.com PS1=(ros_venv) \[\e[1;34m\](ID: ${ROS_DOMAIN_ID:-0})\[\e[1;32m\]\u\[\e[0m\]:\[\e[1;34m\]\w\[\e[0m\]$ PYTHONPATH=/home/phj/Test_cursor/05_ros2_ws_0.5/build/roomie_simple_navigator/prefix_override:/usr/lib/python3/dist-packages/colcon_core/task/python/colcon_distutils_commands:/home/phj/Test_cursor/05_ros2_ws_0.5/install/roomie_simple_navigator/lib/python3.12/site-packages:${PYTHONPATH} VIRTUAL_ENV_PROMPT=(ros_venv) /usr/bin/python3 -W ignore:setup.py install is deprecated -W ignore:easy_install command is deprecated setup.py egg_info --egg-base ../../build/roomie_simple_navigator build --build-base /home/phj/Test_cursor/05_ros2_ws_0.5/build/roomie_simple_navigator/build install --record /home/phj/Test_cursor/05_ros2_ws_0.5/build/roomie_simple_navigator/install.log --single-version-externally-managed install_data
[4.798s] running egg_info
[4.857s] writing ../../build/roomie_simple_navigator/roomie_simple_navigator.egg-info/PKG-INFO
[4.861s] writing dependency_links to ../../build/roomie_simple_navigator/roomie_simple_navigator.egg-info/dependency_links.txt
[4.861s] writing entry points to ../../build/roomie_simple_navigator/roomie_simple_navigator.egg-info/entry_points.txt
[4.862s] writing requirements to ../../build/roomie_simple_navigator/roomie_simple_navigator.egg-info/requires.txt
[4.863s] writing top-level names to ../../build/roomie_simple_navigator/roomie_simple_navigator.egg-info/top_level.txt
[4.967s] reading manifest file '../../build/roomie_simple_navigator/roomie_simple_navigator.egg-info/SOURCES.txt'
[4.970s] writing manifest file '../../build/roomie_simple_navigator/roomie_simple_navigator.egg-info/SOURCES.txt'
[4.970s] running build
[4.970s] running build_py
[4.973s] running install
[4.984s] running install_lib
[5.039s] running install_data
[5.039s] running install_egg_info
[5.092s] removing '/home/phj/Test_cursor/05_ros2_ws_0.5/install/roomie_simple_navigator/lib/python3.12/site-packages/roomie_simple_navigator-0.0.0-py3.12.egg-info' (and everything under it)
[5.092s] Copying ../../build/roomie_simple_navigator/roomie_simple_navigator.egg-info to /home/phj/Test_cursor/05_ros2_ws_0.5/install/roomie_simple_navigator/lib/python3.12/site-packages/roomie_simple_navigator-0.0.0-py3.12.egg-info
[5.093s] running install_scripts
[5.424s] Installing simple_navigator script to /home/phj/Test_cursor/05_ros2_ws_0.5/install/roomie_simple_navigator/lib/roomie_simple_navigator
[5.426s] Installing simple_navigator2 script to /home/phj/Test_cursor/05_ros2_ws_0.5/install/roomie_simple_navigator/lib/roomie_simple_navigator
[5.426s] writing list of installed files to '/home/phj/Test_cursor/05_ros2_ws_0.5/build/roomie_simple_navigator/install.log'
[5.647s] Invoked command in '/home/phj/Test_cursor/05_ros2_ws_0.5/src/roomie_simple_navigator' returned '0': DEBUGINFOD_URLS=https://debuginfod.ubuntu.com PS1=(ros_venv) \[\e[1;34m\](ID: ${ROS_DOMAIN_ID:-0})\[\e[1;32m\]\u\[\e[0m\]:\[\e[1;34m\]\w\[\e[0m\]$ PYTHONPATH=/home/phj/Test_cursor/05_ros2_ws_0.5/build/roomie_simple_navigator/prefix_override:/usr/lib/python3/dist-packages/colcon_core/task/python/colcon_distutils_commands:/home/phj/Test_cursor/05_ros2_ws_0.5/install/roomie_simple_navigator/lib/python3.12/site-packages:${PYTHONPATH} VIRTUAL_ENV_PROMPT=(ros_venv) /usr/bin/python3 -W ignore:setup.py install is deprecated -W ignore:easy_install command is deprecated setup.py egg_info --egg-base ../../build/roomie_simple_navigator build --build-base /home/phj/Test_cursor/05_ros2_ws_0.5/build/roomie_simple_navigator/build install --record /home/phj/Test_cursor/05_ros2_ws_0.5/build/roomie_simple_navigator/install.log --single-version-externally-managed install_data
