running egg_info
writing ../../build/roomie_static_obstacle/roomie_static_obstacle.egg-info/PKG-INFO
writing dependency_links to ../../build/roomie_static_obstacle/roomie_static_obstacle.egg-info/dependency_links.txt
writing entry points to ../../build/roomie_static_obstacle/roomie_static_obstacle.egg-info/entry_points.txt
writing requirements to ../../build/roomie_static_obstacle/roomie_static_obstacle.egg-info/requires.txt
writing top-level names to ../../build/roomie_static_obstacle/roomie_static_obstacle.egg-info/top_level.txt
reading manifest file '../../build/roomie_static_obstacle/roomie_static_obstacle.egg-info/SOURCES.txt'
writing manifest file '../../build/roomie_static_obstacle/roomie_static_obstacle.egg-info/SOURCES.txt'
running build
running build_py
running install
running install_lib
running install_data
running install_egg_info
removing '/home/phj/Test_cursor/05_ros2_ws_0.5/install/roomie_static_obstacle/lib/python3.12/site-packages/roomie_static_obstacle-0.0.0-py3.12.egg-info' (and everything under it)
Copying ../../build/roomie_static_obstacle/roomie_static_obstacle.egg-info to /home/phj/Test_cursor/05_ros2_ws_0.5/install/roomie_static_obstacle/lib/python3.12/site-packages/roomie_static_obstacle-0.0.0-py3.12.egg-info
running install_scripts
Installing route_manager script to /home/phj/Test_cursor/05_ros2_ws_0.5/install/roomie_static_obstacle/lib/roomie_static_obstacle
Installing tuner_node script to /home/phj/Test_cursor/05_ros2_ws_0.5/install/roomie_static_obstacle/lib/roomie_static_obstacle
writing list of installed files to '/home/phj/Test_cursor/05_ros2_ws_0.5/build/roomie_static_obstacle/install.log'
