[2.795s] Invoking command in '/home/phj/Test_cursor/05_ros2_ws_0.5/src/roomie_static_obstacle': DEBUGINFOD_URLS=https://debuginfod.ubuntu.com PS1=(ros_venv) \[\e[1;34m\](ID: ${ROS_DOMAIN_ID:-0})\[\e[1;32m\]\u\[\e[0m\]:\[\e[1;34m\]\w\[\e[0m\]$ PYTHONPATH=/home/phj/Test_cursor/05_ros2_ws_0.5/build/roomie_static_obstacle/prefix_override:/usr/lib/python3/dist-packages/colcon_core/task/python/colcon_distutils_commands:/home/phj/Test_cursor/05_ros2_ws_0.5/install/roomie_static_obstacle/lib/python3.12/site-packages:/home/phj/Test_cursor/05_ros2_ws_0.5/install/roomie_msgs/lib/python3.12/site-packages:/home/phj/Test_cursor/05_ros2_ws_0.5/install/roomie_static_obstacle/lib/python3.12/site-packages:/home/phj/Test_cursor/05_ros2_ws_0.5/install/roomie_simple_navigator/lib/python3.12/site-packages:/home/phj/Test_cursor/05_ros2_ws_0.5/install/roomie_safety_monitor/lib/python3.12/site-packages:/home/phj/Test_cursor/05_ros2_ws_0.5/install/roomie_rc_test/lib/python3.12/site-packages:/home/phj/Test_cursor/05_ros2_ws_0.5/install/roomie_gc/lib/python3.12/site-packages:/home/phj/Test_cursor/05_ros2_ws_0.5/install/roomie_rc/lib/python3.12/site-packages:/home/phj/Test_cursor/05_ros2_ws_0.5/install/roomie_gui/lib/python3.12/site-packages:/home/phj/Test_cursor/05_ros2_ws_0.5/install/roomie_ec/lib/python3.12/site-packages:/opt/ros/jazzy/lib/python3.12/site-packages VIRTUAL_ENV_PROMPT=(ros_venv) /usr/bin/python3 -W ignore:setup.py install is deprecated -W ignore:easy_install command is deprecated setup.py egg_info --egg-base ../../build/roomie_static_obstacle build --build-base /home/phj/Test_cursor/05_ros2_ws_0.5/build/roomie_static_obstacle/build install --record /home/phj/Test_cursor/05_ros2_ws_0.5/build/roomie_static_obstacle/install.log --single-version-externally-managed install_data
[3.787s] running egg_info
[3.890s] writing ../../build/roomie_static_obstacle/roomie_static_obstacle.egg-info/PKG-INFO
[3.890s] writing dependency_links to ../../build/roomie_static_obstacle/roomie_static_obstacle.egg-info/dependency_links.txt
[3.890s] writing entry points to ../../build/roomie_static_obstacle/roomie_static_obstacle.egg-info/entry_points.txt
[3.891s] writing requirements to ../../build/roomie_static_obstacle/roomie_static_obstacle.egg-info/requires.txt
[3.891s] writing top-level names to ../../build/roomie_static_obstacle/roomie_static_obstacle.egg-info/top_level.txt
[4.088s] reading manifest file '../../build/roomie_static_obstacle/roomie_static_obstacle.egg-info/SOURCES.txt'
[4.091s] writing manifest file '../../build/roomie_static_obstacle/roomie_static_obstacle.egg-info/SOURCES.txt'
[4.091s] running build
[4.092s] running build_py
[4.092s] running install
[4.116s] running install_lib
[4.213s] running install_data
[4.214s] running install_egg_info
[4.291s] removing '/home/phj/Test_cursor/05_ros2_ws_0.5/install/roomie_static_obstacle/lib/python3.12/site-packages/roomie_static_obstacle-0.0.0-py3.12.egg-info' (and everything under it)
[4.292s] Copying ../../build/roomie_static_obstacle/roomie_static_obstacle.egg-info to /home/phj/Test_cursor/05_ros2_ws_0.5/install/roomie_static_obstacle/lib/python3.12/site-packages/roomie_static_obstacle-0.0.0-py3.12.egg-info
[4.293s] running install_scripts
[4.507s] Installing route_manager script to /home/phj/Test_cursor/05_ros2_ws_0.5/install/roomie_static_obstacle/lib/roomie_static_obstacle
[4.507s] Installing tuner_node script to /home/phj/Test_cursor/05_ros2_ws_0.5/install/roomie_static_obstacle/lib/roomie_static_obstacle
[4.507s] writing list of installed files to '/home/phj/Test_cursor/05_ros2_ws_0.5/build/roomie_static_obstacle/install.log'
[4.794s] Invoked command in '/home/phj/Test_cursor/05_ros2_ws_0.5/src/roomie_static_obstacle' returned '0': DEBUGINFOD_URLS=https://debuginfod.ubuntu.com PS1=(ros_venv) \[\e[1;34m\](ID: ${ROS_DOMAIN_ID:-0})\[\e[1;32m\]\u\[\e[0m\]:\[\e[1;34m\]\w\[\e[0m\]$ PYTHONPATH=/home/phj/Test_cursor/05_ros2_ws_0.5/build/roomie_static_obstacle/prefix_override:/usr/lib/python3/dist-packages/colcon_core/task/python/colcon_distutils_commands:/home/phj/Test_cursor/05_ros2_ws_0.5/install/roomie_static_obstacle/lib/python3.12/site-packages:/home/phj/Test_cursor/05_ros2_ws_0.5/install/roomie_msgs/lib/python3.12/site-packages:/home/phj/Test_cursor/05_ros2_ws_0.5/install/roomie_static_obstacle/lib/python3.12/site-packages:/home/phj/Test_cursor/05_ros2_ws_0.5/install/roomie_simple_navigator/lib/python3.12/site-packages:/home/phj/Test_cursor/05_ros2_ws_0.5/install/roomie_safety_monitor/lib/python3.12/site-packages:/home/phj/Test_cursor/05_ros2_ws_0.5/install/roomie_rc_test/lib/python3.12/site-packages:/home/phj/Test_cursor/05_ros2_ws_0.5/install/roomie_gc/lib/python3.12/site-packages:/home/phj/Test_cursor/05_ros2_ws_0.5/install/roomie_rc/lib/python3.12/site-packages:/home/phj/Test_cursor/05_ros2_ws_0.5/install/roomie_gui/lib/python3.12/site-packages:/home/phj/Test_cursor/05_ros2_ws_0.5/install/roomie_ec/lib/python3.12/site-packages:/opt/ros/jazzy/lib/python3.12/site-packages VIRTUAL_ENV_PROMPT=(ros_venv) /usr/bin/python3 -W ignore:setup.py install is deprecated -W ignore:easy_install command is deprecated setup.py egg_info --egg-base ../../build/roomie_static_obstacle build --build-base /home/phj/Test_cursor/05_ros2_ws_0.5/build/roomie_static_obstacle/build install --record /home/phj/Test_cursor/05_ros2_ws_0.5/build/roomie_static_obstacle/install.log --single-version-externally-managed install_data
