[2.775s] Invoking command in '/home/phj/Test_cursor/05_ros2_ws_0.5/src/roomie_gc': AMENT_PREFIX_PATH=/home/phj/Test_cursor/05_ros2_ws_0.5/install/roomie_rc:/home/phj/Test_cursor/05_ros2_ws_0.5/install/roomie_static_obstacle:/home/phj/Test_cursor/05_ros2_ws_0.5/install/roomie_simple_navigator:/home/phj/Test_cursor/05_ros2_ws_0.5/install/roomie_safety_monitor:/home/phj/Test_cursor/05_ros2_ws_0.5/install/roomie_rc_test:/home/phj/Test_cursor/05_ros2_ws_0.5/install/roomie_gc:/home/phj/Test_cursor/05_ros2_ws_0.5/install/roomie_gui:/home/phj/Test_cursor/05_ros2_ws_0.5/install/roomie_msgs:/home/phj/Test_cursor/05_ros2_ws_0.5/install/roomie_ec:/opt/ros/jazzy DEBUGINFOD_URLS=https://debuginfod.ubuntu.com PS1=(ros_venv) \[\e[1;34m\](ID: ${ROS_DOMAIN_ID:-0})\[\e[1;32m\]\u\[\e[0m\]:\[\e[1;34m\]\w\[\e[0m\]$ PYTHONPATH=/home/phj/Test_cursor/05_ros2_ws_0.5/build/roomie_gc/prefix_override:/usr/lib/python3/dist-packages/colcon_core/task/python/colcon_distutils_commands:/home/phj/Test_cursor/05_ros2_ws_0.5/install/roomie_gc/lib/python3.12/site-packages:/home/phj/Test_cursor/05_ros2_ws_0.5/install/roomie_rc/lib/python3.12/site-packages:/home/phj/Test_cursor/05_ros2_ws_0.5/install/roomie_msgs/lib/python3.12/site-packages:/home/phj/Test_cursor/05_ros2_ws_0.5/install/roomie_static_obstacle/lib/python3.12/site-packages:/home/phj/Test_cursor/05_ros2_ws_0.5/install/roomie_simple_navigator/lib/python3.12/site-packages:/home/phj/Test_cursor/05_ros2_ws_0.5/install/roomie_safety_monitor/lib/python3.12/site-packages:/home/phj/Test_cursor/05_ros2_ws_0.5/install/roomie_rc_test/lib/python3.12/site-packages:/home/phj/Test_cursor/05_ros2_ws_0.5/install/roomie_gc/lib/python3.12/site-packages:/home/phj/Test_cursor/05_ros2_ws_0.5/install/roomie_gui/lib/python3.12/site-packages:/home/phj/Test_cursor/05_ros2_ws_0.5/install/roomie_ec/lib/python3.12/site-packages:/opt/ros/jazzy/lib/python3.12/site-packages VIRTUAL_ENV_PROMPT=(ros_venv) /usr/bin/python3 -W ignore:setup.py install is deprecated -W ignore:easy_install command is deprecated setup.py egg_info --egg-base ../../build/roomie_gc build --build-base /home/phj/Test_cursor/05_ros2_ws_0.5/build/roomie_gc/build install --record /home/phj/Test_cursor/05_ros2_ws_0.5/build/roomie_gc/install.log --single-version-externally-managed install_data
[3.561s] running egg_info
[3.619s] writing ../../build/roomie_gc/roomie_gc.egg-info/PKG-INFO
[3.620s] writing dependency_links to ../../build/roomie_gc/roomie_gc.egg-info/dependency_links.txt
[3.621s] writing entry points to ../../build/roomie_gc/roomie_gc.egg-info/entry_points.txt
[3.622s] writing requirements to ../../build/roomie_gc/roomie_gc.egg-info/requires.txt
[3.622s] writing top-level names to ../../build/roomie_gc/roomie_gc.egg-info/top_level.txt
[3.737s] reading manifest file '../../build/roomie_gc/roomie_gc.egg-info/SOURCES.txt'
[3.738s] writing manifest file '../../build/roomie_gc/roomie_gc.egg-info/SOURCES.txt'
[3.738s] running build
[3.738s] running build_py
[3.739s] copying roomie_gc/nodes/roomie_gc_node.py -> /home/phj/Test_cursor/05_ros2_ws_0.5/build/roomie_gc/build/lib/roomie_gc/nodes
[3.741s] copying roomie_gc/scripts/test_servers.py -> /home/phj/Test_cursor/05_ros2_ws_0.5/build/roomie_gc/build/lib/roomie_gc/scripts
[3.742s] running install
[3.762s] running install_lib
[3.818s] copying /home/phj/Test_cursor/05_ros2_ws_0.5/build/roomie_gc/build/lib/roomie_gc/scripts/test_servers.py -> /home/phj/Test_cursor/05_ros2_ws_0.5/install/roomie_gc/lib/python3.12/site-packages/roomie_gc/scripts
[3.820s] copying /home/phj/Test_cursor/05_ros2_ws_0.5/build/roomie_gc/build/lib/roomie_gc/nodes/roomie_gc_node.py -> /home/phj/Test_cursor/05_ros2_ws_0.5/install/roomie_gc/lib/python3.12/site-packages/roomie_gc/nodes
[3.822s] byte-compiling /home/phj/Test_cursor/05_ros2_ws_0.5/install/roomie_gc/lib/python3.12/site-packages/roomie_gc/scripts/test_servers.py to test_servers.cpython-312.pyc
[3.827s] byte-compiling /home/phj/Test_cursor/05_ros2_ws_0.5/install/roomie_gc/lib/python3.12/site-packages/roomie_gc/nodes/roomie_gc_node.py to roomie_gc_node.cpython-312.pyc
[3.841s] running install_data
[3.841s] running install_egg_info
[3.898s] removing '/home/phj/Test_cursor/05_ros2_ws_0.5/install/roomie_gc/lib/python3.12/site-packages/roomie_gc-0.0.0-py3.12.egg-info' (and everything under it)
[3.899s] Copying ../../build/roomie_gc/roomie_gc.egg-info to /home/phj/Test_cursor/05_ros2_ws_0.5/install/roomie_gc/lib/python3.12/site-packages/roomie_gc-0.0.0-py3.12.egg-info
[3.900s] running install_scripts
[4.226s] Installing roomie_gc_node script to /home/phj/Test_cursor/05_ros2_ws_0.5/install/roomie_gc/lib/roomie_gc
[4.227s] Installing speed_limit_controller script to /home/phj/Test_cursor/05_ros2_ws_0.5/install/roomie_gc/lib/roomie_gc
[4.227s] Installing test_servers script to /home/phj/Test_cursor/05_ros2_ws_0.5/install/roomie_gc/lib/roomie_gc
[4.227s] Installing tracking_gui script to /home/phj/Test_cursor/05_ros2_ws_0.5/install/roomie_gc/lib/roomie_gc
[4.228s] writing list of installed files to '/home/phj/Test_cursor/05_ros2_ws_0.5/build/roomie_gc/install.log'
[4.439s] Invoked command in '/home/phj/Test_cursor/05_ros2_ws_0.5/src/roomie_gc' returned '0': AMENT_PREFIX_PATH=/home/phj/Test_cursor/05_ros2_ws_0.5/install/roomie_rc:/home/phj/Test_cursor/05_ros2_ws_0.5/install/roomie_static_obstacle:/home/phj/Test_cursor/05_ros2_ws_0.5/install/roomie_simple_navigator:/home/phj/Test_cursor/05_ros2_ws_0.5/install/roomie_safety_monitor:/home/phj/Test_cursor/05_ros2_ws_0.5/install/roomie_rc_test:/home/phj/Test_cursor/05_ros2_ws_0.5/install/roomie_gc:/home/phj/Test_cursor/05_ros2_ws_0.5/install/roomie_gui:/home/phj/Test_cursor/05_ros2_ws_0.5/install/roomie_msgs:/home/phj/Test_cursor/05_ros2_ws_0.5/install/roomie_ec:/opt/ros/jazzy DEBUGINFOD_URLS=https://debuginfod.ubuntu.com PS1=(ros_venv) \[\e[1;34m\](ID: ${ROS_DOMAIN_ID:-0})\[\e[1;32m\]\u\[\e[0m\]:\[\e[1;34m\]\w\[\e[0m\]$ PYTHONPATH=/home/phj/Test_cursor/05_ros2_ws_0.5/build/roomie_gc/prefix_override:/usr/lib/python3/dist-packages/colcon_core/task/python/colcon_distutils_commands:/home/phj/Test_cursor/05_ros2_ws_0.5/install/roomie_gc/lib/python3.12/site-packages:/home/phj/Test_cursor/05_ros2_ws_0.5/install/roomie_rc/lib/python3.12/site-packages:/home/phj/Test_cursor/05_ros2_ws_0.5/install/roomie_msgs/lib/python3.12/site-packages:/home/phj/Test_cursor/05_ros2_ws_0.5/install/roomie_static_obstacle/lib/python3.12/site-packages:/home/phj/Test_cursor/05_ros2_ws_0.5/install/roomie_simple_navigator/lib/python3.12/site-packages:/home/phj/Test_cursor/05_ros2_ws_0.5/install/roomie_safety_monitor/lib/python3.12/site-packages:/home/phj/Test_cursor/05_ros2_ws_0.5/install/roomie_rc_test/lib/python3.12/site-packages:/home/phj/Test_cursor/05_ros2_ws_0.5/install/roomie_gc/lib/python3.12/site-packages:/home/phj/Test_cursor/05_ros2_ws_0.5/install/roomie_gui/lib/python3.12/site-packages:/home/phj/Test_cursor/05_ros2_ws_0.5/install/roomie_ec/lib/python3.12/site-packages:/opt/ros/jazzy/lib/python3.12/site-packages VIRTUAL_ENV_PROMPT=(ros_venv) /usr/bin/python3 -W ignore:setup.py install is deprecated -W ignore:easy_install command is deprecated setup.py egg_info --egg-base ../../build/roomie_gc build --build-base /home/phj/Test_cursor/05_ros2_ws_0.5/build/roomie_gc/build install --record /home/phj/Test_cursor/05_ros2_ws_0.5/build/roomie_gc/install.log --single-version-externally-managed install_data
