/home/phj/Test_cursor/05_ros2_ws_0.5/install/roomie_ec/lib/python3.12/site-packages/roomie_ec/__init__.py
/home/phj/Test_cursor/05_ros2_ws_0.5/install/roomie_ec/lib/python3.12/site-packages/roomie_ec/config.py
/home/phj/Test_cursor/05_ros2_ws_0.5/install/roomie_ec/lib/python3.12/site-packages/roomie_ec/roomie_ec_node.py
/home/phj/Test_cursor/05_ros2_ws_0.5/install/roomie_ec/lib/python3.12/site-packages/scripts/button_detector.py
/home/phj/Test_cursor/05_ros2_ws_0.5/install/roomie_ec/lib/python3.12/site-packages/scripts/__init__.py
/home/phj/Test_cursor/05_ros2_ws_0.5/install/roomie_ec/lib/python3.12/site-packages/scripts/button_controller.py
/home/phj/Test_cursor/05_ros2_ws_0.5/install/roomie_ec/lib/python3.12/site-packages/scripts/test_communication_node.py
/home/phj/Test_cursor/05_ros2_ws_0.5/install/roomie_ec/lib/python3.12/site-packages/scripts/topic_monitor_node.py
/home/phj/Test_cursor/05_ros2_ws_0.5/install/roomie_ec/lib/python3.12/site-packages/roomie_ec/__pycache__/__init__.cpython-312.pyc
/home/phj/Test_cursor/05_ros2_ws_0.5/install/roomie_ec/lib/python3.12/site-packages/roomie_ec/__pycache__/config.cpython-312.pyc
/home/phj/Test_cursor/05_ros2_ws_0.5/install/roomie_ec/lib/python3.12/site-packages/roomie_ec/__pycache__/roomie_ec_node.cpython-312.pyc
/home/phj/Test_cursor/05_ros2_ws_0.5/install/roomie_ec/lib/python3.12/site-packages/scripts/__pycache__/button_detector.cpython-312.pyc
/home/phj/Test_cursor/05_ros2_ws_0.5/install/roomie_ec/lib/python3.12/site-packages/scripts/__pycache__/__init__.cpython-312.pyc
/home/phj/Test_cursor/05_ros2_ws_0.5/install/roomie_ec/lib/python3.12/site-packages/scripts/__pycache__/button_controller.cpython-312.pyc
/home/phj/Test_cursor/05_ros2_ws_0.5/install/roomie_ec/lib/python3.12/site-packages/scripts/__pycache__/test_communication_node.cpython-312.pyc
/home/phj/Test_cursor/05_ros2_ws_0.5/install/roomie_ec/lib/python3.12/site-packages/scripts/__pycache__/topic_monitor_node.cpython-312.pyc
/home/phj/Test_cursor/05_ros2_ws_0.5/install/roomie_ec/share/ament_index/resource_index/packages/roomie_ec
/home/phj/Test_cursor/05_ros2_ws_0.5/install/roomie_ec/share/roomie_ec/package.xml
/home/phj/Test_cursor/05_ros2_ws_0.5/install/roomie_ec/share/roomie_ec/launch/test_communication_launch.py
/home/phj/Test_cursor/05_ros2_ws_0.5/install/roomie_ec/share/roomie_ec/launch/roomie_ec_launch.py
/home/phj/Test_cursor/05_ros2_ws_0.5/install/roomie_ec/share/roomie_ec/launch/test_integration_launch.py
/home/phj/Test_cursor/05_ros2_ws_0.5/install/roomie_ec/share/roomie_ec/models/best.pt
/home/phj/Test_cursor/05_ros2_ws_0.5/install/roomie_ec/lib/python3.12/site-packages/roomie_ec-0.0.0-py3.12.egg-info/SOURCES.txt
/home/phj/Test_cursor/05_ros2_ws_0.5/install/roomie_ec/lib/python3.12/site-packages/roomie_ec-0.0.0-py3.12.egg-info/requires.txt
/home/phj/Test_cursor/05_ros2_ws_0.5/install/roomie_ec/lib/python3.12/site-packages/roomie_ec-0.0.0-py3.12.egg-info/entry_points.txt
/home/phj/Test_cursor/05_ros2_ws_0.5/install/roomie_ec/lib/python3.12/site-packages/roomie_ec-0.0.0-py3.12.egg-info/zip-safe
/home/phj/Test_cursor/05_ros2_ws_0.5/install/roomie_ec/lib/python3.12/site-packages/roomie_ec-0.0.0-py3.12.egg-info/dependency_links.txt
/home/phj/Test_cursor/05_ros2_ws_0.5/install/roomie_ec/lib/python3.12/site-packages/roomie_ec-0.0.0-py3.12.egg-info/top_level.txt
/home/phj/Test_cursor/05_ros2_ws_0.5/install/roomie_ec/lib/python3.12/site-packages/roomie_ec-0.0.0-py3.12.egg-info/PKG-INFO
/home/phj/Test_cursor/05_ros2_ws_0.5/install/roomie_ec/lib/roomie_ec/button_controller
/home/phj/Test_cursor/05_ros2_ws_0.5/install/roomie_ec/lib/roomie_ec/button_detector
/home/phj/Test_cursor/05_ros2_ws_0.5/install/roomie_ec/lib/roomie_ec/roomie_ec_node
/home/phj/Test_cursor/05_ros2_ws_0.5/install/roomie_ec/lib/roomie_ec/test_communication_node
/home/phj/Test_cursor/05_ros2_ws_0.5/install/roomie_ec/lib/roomie_ec/topic_monitor_node
