[2.719s] Invoking command in '/home/phj/Test_cursor/05_ros2_ws_0.5/src/roomie_rc': DEBUGINFOD_URLS=https://debuginfod.ubuntu.com PS1=(ros_venv) \[\e[1;34m\](ID: ${ROS_DOMAIN_ID:-0})\[\e[1;32m\]\u\[\e[0m\]:\[\e[1;34m\]\w\[\e[0m\]$ PYTHONPATH=/home/phj/Test_cursor/05_ros2_ws_0.5/build/roomie_rc/prefix_override:/usr/lib/python3/dist-packages/colcon_core/task/python/colcon_distutils_commands:/home/phj/Test_cursor/05_ros2_ws_0.5/install/roomie_rc/lib/python3.12/site-packages:/home/phj/Test_cursor/05_ros2_ws_0.5/install/roomie_msgs/lib/python3.12/site-packages:/home/phj/Test_cursor/05_ros2_ws_0.5/install/roomie_static_obstacle/lib/python3.12/site-packages:/home/phj/Test_cursor/05_ros2_ws_0.5/install/roomie_simple_navigator/lib/python3.12/site-packages:/home/phj/Test_cursor/05_ros2_ws_0.5/install/roomie_safety_monitor/lib/python3.12/site-packages:/home/phj/Test_cursor/05_ros2_ws_0.5/install/roomie_rc_test/lib/python3.12/site-packages:/home/phj/Test_cursor/05_ros2_ws_0.5/install/roomie_gc/lib/python3.12/site-packages:/home/phj/Test_cursor/05_ros2_ws_0.5/install/roomie_rc/lib/python3.12/site-packages:/home/phj/Test_cursor/05_ros2_ws_0.5/install/roomie_gui/lib/python3.12/site-packages:/home/phj/Test_cursor/05_ros2_ws_0.5/install/roomie_ec/lib/python3.12/site-packages:/opt/ros/jazzy/lib/python3.12/site-packages VIRTUAL_ENV_PROMPT=(ros_venv) /usr/bin/python3 -W ignore:setup.py install is deprecated -W ignore:easy_install command is deprecated setup.py egg_info --egg-base ../../build/roomie_rc build --build-base /home/phj/Test_cursor/05_ros2_ws_0.5/build/roomie_rc/build install --record /home/phj/Test_cursor/05_ros2_ws_0.5/build/roomie_rc/install.log --single-version-externally-managed install_data
[3.451s] running egg_info
[3.552s] writing ../../build/roomie_rc/roomie_rc.egg-info/PKG-INFO
[3.554s] writing dependency_links to ../../build/roomie_rc/roomie_rc.egg-info/dependency_links.txt
[3.555s] writing entry points to ../../build/roomie_rc/roomie_rc.egg-info/entry_points.txt
[3.555s] writing requirements to ../../build/roomie_rc/roomie_rc.egg-info/requires.txt
[3.556s] writing top-level names to ../../build/roomie_rc/roomie_rc.egg-info/top_level.txt
[3.684s] reading manifest file '../../build/roomie_rc/roomie_rc.egg-info/SOURCES.txt'
[3.686s] writing manifest file '../../build/roomie_rc/roomie_rc.egg-info/SOURCES.txt'
[3.687s] running build
[3.687s] running build_py
[3.687s] copying roomie_rc/rc_node.py -> /home/phj/Test_cursor/05_ros2_ws_0.5/build/roomie_rc/build/lib/roomie_rc
[3.689s] running install
[3.704s] running install_lib
[3.754s] copying /home/phj/Test_cursor/05_ros2_ws_0.5/build/roomie_rc/build/lib/roomie_rc/rc_node.py -> /home/phj/Test_cursor/05_ros2_ws_0.5/install/roomie_rc/lib/python3.12/site-packages/roomie_rc
[3.755s] byte-compiling /home/phj/Test_cursor/05_ros2_ws_0.5/install/roomie_rc/lib/python3.12/site-packages/roomie_rc/rc_node.py to rc_node.cpython-312.pyc
[3.769s] running install_data
[3.769s] running install_egg_info
[3.822s] removing '/home/phj/Test_cursor/05_ros2_ws_0.5/install/roomie_rc/lib/python3.12/site-packages/roomie_rc-0.0.0-py3.12.egg-info' (and everything under it)
[3.822s] Copying ../../build/roomie_rc/roomie_rc.egg-info to /home/phj/Test_cursor/05_ros2_ws_0.5/install/roomie_rc/lib/python3.12/site-packages/roomie_rc-0.0.0-py3.12.egg-info
[3.825s] running install_scripts
[4.234s] Installing rc_node script to /home/phj/Test_cursor/05_ros2_ws_0.5/install/roomie_rc/lib/roomie_rc
[4.235s] writing list of installed files to '/home/phj/Test_cursor/05_ros2_ws_0.5/build/roomie_rc/install.log'
[4.299s] Invoked command in '/home/phj/Test_cursor/05_ros2_ws_0.5/src/roomie_rc' returned '0': DEBUGINFOD_URLS=https://debuginfod.ubuntu.com PS1=(ros_venv) \[\e[1;34m\](ID: ${ROS_DOMAIN_ID:-0})\[\e[1;32m\]\u\[\e[0m\]:\[\e[1;34m\]\w\[\e[0m\]$ PYTHONPATH=/home/phj/Test_cursor/05_ros2_ws_0.5/build/roomie_rc/prefix_override:/usr/lib/python3/dist-packages/colcon_core/task/python/colcon_distutils_commands:/home/phj/Test_cursor/05_ros2_ws_0.5/install/roomie_rc/lib/python3.12/site-packages:/home/phj/Test_cursor/05_ros2_ws_0.5/install/roomie_msgs/lib/python3.12/site-packages:/home/phj/Test_cursor/05_ros2_ws_0.5/install/roomie_static_obstacle/lib/python3.12/site-packages:/home/phj/Test_cursor/05_ros2_ws_0.5/install/roomie_simple_navigator/lib/python3.12/site-packages:/home/phj/Test_cursor/05_ros2_ws_0.5/install/roomie_safety_monitor/lib/python3.12/site-packages:/home/phj/Test_cursor/05_ros2_ws_0.5/install/roomie_rc_test/lib/python3.12/site-packages:/home/phj/Test_cursor/05_ros2_ws_0.5/install/roomie_gc/lib/python3.12/site-packages:/home/phj/Test_cursor/05_ros2_ws_0.5/install/roomie_rc/lib/python3.12/site-packages:/home/phj/Test_cursor/05_ros2_ws_0.5/install/roomie_gui/lib/python3.12/site-packages:/home/phj/Test_cursor/05_ros2_ws_0.5/install/roomie_ec/lib/python3.12/site-packages:/opt/ros/jazzy/lib/python3.12/site-packages VIRTUAL_ENV_PROMPT=(ros_venv) /usr/bin/python3 -W ignore:setup.py install is deprecated -W ignore:easy_install command is deprecated setup.py egg_info --egg-base ../../build/roomie_rc build --build-base /home/phj/Test_cursor/05_ros2_ws_0.5/build/roomie_rc/build install --record /home/phj/Test_cursor/05_ros2_ws_0.5/build/roomie_rc/install.log --single-version-externally-managed install_data
