[0.911s] Invoking command in '/home/phj/Test_cursor/05_ros2_ws_0.5/src/roomie_gc': AMENT_PREFIX_PATH=/home/phj/Test_cursor/05_ros2_ws_0.5/install/roomie_rc:/home/phj/Test_cursor/05_ros2_ws_0.5/install/roomie_msgs CMAKE_PREFIX_PATH=/home/phj/Test_cursor/05_ros2_ws_0.5/install/roomie_msgs DEBUGINFOD_URLS=https://debuginfod.ubuntu.com LD_LIBRARY_PATH=/home/phj/Test_cursor/05_ros2_ws_0.5/install/roomie_msgs/lib:/tmp/.mount_CursorD3rgTf/usr/lib/:/tmp/.mount_CursorD3rgTf/usr/lib32/:/tmp/.mount_CursorD3rgTf/usr/lib64/:/tmp/.mount_CursorD3rgTf/lib/:/tmp/.mount_CursorD3rgTf/lib/i386-linux-gnu/:/tmp/.mount_CursorD3rgTf/lib/x86_64-linux-gnu/:/tmp/.mount_CursorD3rgTf/lib/aarch64-linux-gnu/:/tmp/.mount_CursorD3rgTf/lib32/:/tmp/.mount_CursorD3rgTf/lib64/ PYTHONPATH=/home/phj/Test_cursor/05_ros2_ws_0.5/build/roomie_gc/prefix_override:/usr/lib/python3/dist-packages/colcon_core/task/python/colcon_distutils_commands:/home/phj/Test_cursor/05_ros2_ws_0.5/install/roomie_gc/lib/python3.12/site-packages:/home/phj/Test_cursor/05_ros2_ws_0.5/install/roomie_rc/lib/python3.12/site-packages:/home/phj/Test_cursor/05_ros2_ws_0.5/install/roomie_msgs/lib/python3.12/site-packages VIRTUAL_ENV_PROMPT=(yolo_venv) /usr/bin/python3 -W ignore:setup.py install is deprecated -W ignore:easy_install command is deprecated setup.py egg_info --egg-base ../../build/roomie_gc build --build-base /home/phj/Test_cursor/05_ros2_ws_0.5/build/roomie_gc/build install --record /home/phj/Test_cursor/05_ros2_ws_0.5/build/roomie_gc/install.log --single-version-externally-managed install_data
[1.191s] running egg_info
[1.207s] writing ../../build/roomie_gc/roomie_gc.egg-info/PKG-INFO
[1.207s] writing dependency_links to ../../build/roomie_gc/roomie_gc.egg-info/dependency_links.txt
[1.207s] writing entry points to ../../build/roomie_gc/roomie_gc.egg-info/entry_points.txt
[1.208s] writing requirements to ../../build/roomie_gc/roomie_gc.egg-info/requires.txt
[1.208s] writing top-level names to ../../build/roomie_gc/roomie_gc.egg-info/top_level.txt
[1.244s] reading manifest file '../../build/roomie_gc/roomie_gc.egg-info/SOURCES.txt'
[1.245s] writing manifest file '../../build/roomie_gc/roomie_gc.egg-info/SOURCES.txt'
[1.245s] running build
[1.245s] running build_py
[1.245s] copying roomie_gc/__init__.py -> /home/phj/Test_cursor/05_ros2_ws_0.5/build/roomie_gc/build/lib/roomie_gc
[1.245s] copying roomie_gc/nodes/__init__.py -> /home/phj/Test_cursor/05_ros2_ws_0.5/build/roomie_gc/build/lib/roomie_gc/nodes
[1.245s] copying roomie_gc/nodes/roomie_gc_node.py -> /home/phj/Test_cursor/05_ros2_ws_0.5/build/roomie_gc/build/lib/roomie_gc/nodes
[1.246s] copying roomie_gc/scripts/__init__.py -> /home/phj/Test_cursor/05_ros2_ws_0.5/build/roomie_gc/build/lib/roomie_gc/scripts
[1.246s] copying roomie_gc/scripts/test_servers.py -> /home/phj/Test_cursor/05_ros2_ws_0.5/build/roomie_gc/build/lib/roomie_gc/scripts
[1.247s] running install
[1.254s] running install_lib
[1.271s] copying /home/phj/Test_cursor/05_ros2_ws_0.5/build/roomie_gc/build/lib/roomie_gc/__init__.py -> /home/phj/Test_cursor/05_ros2_ws_0.5/install/roomie_gc/lib/python3.12/site-packages/roomie_gc
[1.271s] copying /home/phj/Test_cursor/05_ros2_ws_0.5/build/roomie_gc/build/lib/roomie_gc/scripts/__init__.py -> /home/phj/Test_cursor/05_ros2_ws_0.5/install/roomie_gc/lib/python3.12/site-packages/roomie_gc/scripts
[1.271s] copying /home/phj/Test_cursor/05_ros2_ws_0.5/build/roomie_gc/build/lib/roomie_gc/scripts/test_servers.py -> /home/phj/Test_cursor/05_ros2_ws_0.5/install/roomie_gc/lib/python3.12/site-packages/roomie_gc/scripts
[1.271s] copying /home/phj/Test_cursor/05_ros2_ws_0.5/build/roomie_gc/build/lib/roomie_gc/nodes/__init__.py -> /home/phj/Test_cursor/05_ros2_ws_0.5/install/roomie_gc/lib/python3.12/site-packages/roomie_gc/nodes
[1.271s] copying /home/phj/Test_cursor/05_ros2_ws_0.5/build/roomie_gc/build/lib/roomie_gc/nodes/roomie_gc_node.py -> /home/phj/Test_cursor/05_ros2_ws_0.5/install/roomie_gc/lib/python3.12/site-packages/roomie_gc/nodes
[1.272s] byte-compiling /home/phj/Test_cursor/05_ros2_ws_0.5/install/roomie_gc/lib/python3.12/site-packages/roomie_gc/__init__.py to __init__.cpython-312.pyc
[1.272s] byte-compiling /home/phj/Test_cursor/05_ros2_ws_0.5/install/roomie_gc/lib/python3.12/site-packages/roomie_gc/scripts/__init__.py to __init__.cpython-312.pyc
[1.272s] byte-compiling /home/phj/Test_cursor/05_ros2_ws_0.5/install/roomie_gc/lib/python3.12/site-packages/roomie_gc/scripts/test_servers.py to test_servers.cpython-312.pyc
[1.274s] byte-compiling /home/phj/Test_cursor/05_ros2_ws_0.5/install/roomie_gc/lib/python3.12/site-packages/roomie_gc/nodes/__init__.py to __init__.cpython-312.pyc
[1.274s] byte-compiling /home/phj/Test_cursor/05_ros2_ws_0.5/install/roomie_gc/lib/python3.12/site-packages/roomie_gc/nodes/roomie_gc_node.py to roomie_gc_node.cpython-312.pyc
[1.278s] running install_data
[1.278s] copying resource/roomie_gc -> /home/phj/Test_cursor/05_ros2_ws_0.5/install/roomie_gc/share/ament_index/resource_index/packages
[1.278s] copying package.xml -> /home/phj/Test_cursor/05_ros2_ws_0.5/install/roomie_gc/share/roomie_gc
[1.278s] copying launch/gc_test.launch.py -> /home/phj/Test_cursor/05_ros2_ws_0.5/install/roomie_gc/share/roomie_gc/launch
[1.278s] copying launch/roomie_gc.launch.py -> /home/phj/Test_cursor/05_ros2_ws_0.5/install/roomie_gc/share/roomie_gc/launch
[1.278s] running install_egg_info
[1.298s] removing '/home/phj/Test_cursor/05_ros2_ws_0.5/install/roomie_gc/lib/python3.12/site-packages/roomie_gc-0.0.0-py3.12.egg-info' (and everything under it)
[1.298s] Copying ../../build/roomie_gc/roomie_gc.egg-info to /home/phj/Test_cursor/05_ros2_ws_0.5/install/roomie_gc/lib/python3.12/site-packages/roomie_gc-0.0.0-py3.12.egg-info
[1.299s] running install_scripts
[1.423s] Installing roomie_gc_node script to /home/phj/Test_cursor/05_ros2_ws_0.5/install/roomie_gc/bin
[1.423s] Installing test_servers script to /home/phj/Test_cursor/05_ros2_ws_0.5/install/roomie_gc/bin
[1.424s] writing list of installed files to '/home/phj/Test_cursor/05_ros2_ws_0.5/build/roomie_gc/install.log'
[1.454s] Invoked command in '/home/phj/Test_cursor/05_ros2_ws_0.5/src/roomie_gc' returned '0': AMENT_PREFIX_PATH=/home/phj/Test_cursor/05_ros2_ws_0.5/install/roomie_rc:/home/phj/Test_cursor/05_ros2_ws_0.5/install/roomie_msgs CMAKE_PREFIX_PATH=/home/phj/Test_cursor/05_ros2_ws_0.5/install/roomie_msgs DEBUGINFOD_URLS=https://debuginfod.ubuntu.com LD_LIBRARY_PATH=/home/phj/Test_cursor/05_ros2_ws_0.5/install/roomie_msgs/lib:/tmp/.mount_CursorD3rgTf/usr/lib/:/tmp/.mount_CursorD3rgTf/usr/lib32/:/tmp/.mount_CursorD3rgTf/usr/lib64/:/tmp/.mount_CursorD3rgTf/lib/:/tmp/.mount_CursorD3rgTf/lib/i386-linux-gnu/:/tmp/.mount_CursorD3rgTf/lib/x86_64-linux-gnu/:/tmp/.mount_CursorD3rgTf/lib/aarch64-linux-gnu/:/tmp/.mount_CursorD3rgTf/lib32/:/tmp/.mount_CursorD3rgTf/lib64/ PYTHONPATH=/home/phj/Test_cursor/05_ros2_ws_0.5/build/roomie_gc/prefix_override:/usr/lib/python3/dist-packages/colcon_core/task/python/colcon_distutils_commands:/home/phj/Test_cursor/05_ros2_ws_0.5/install/roomie_gc/lib/python3.12/site-packages:/home/phj/Test_cursor/05_ros2_ws_0.5/install/roomie_rc/lib/python3.12/site-packages:/home/phj/Test_cursor/05_ros2_ws_0.5/install/roomie_msgs/lib/python3.12/site-packages VIRTUAL_ENV_PROMPT=(yolo_venv) /usr/bin/python3 -W ignore:setup.py install is deprecated -W ignore:easy_install command is deprecated setup.py egg_info --egg-base ../../build/roomie_gc build --build-base /home/phj/Test_cursor/05_ros2_ws_0.5/build/roomie_gc/build install --record /home/phj/Test_cursor/05_ros2_ws_0.5/build/roomie_gc/install.log --single-version-externally-managed install_data
