running egg_info
writing ../../build/roomie_rc/roomie_rc.egg-info/PKG-INFO
writing dependency_links to ../../build/roomie_rc/roomie_rc.egg-info/dependency_links.txt
writing entry points to ../../build/roomie_rc/roomie_rc.egg-info/entry_points.txt
writing requirements to ../../build/roomie_rc/roomie_rc.egg-info/requires.txt
writing top-level names to ../../build/roomie_rc/roomie_rc.egg-info/top_level.txt
reading manifest file '../../build/roomie_rc/roomie_rc.egg-info/SOURCES.txt'
writing manifest file '../../build/roomie_rc/roomie_rc.egg-info/SOURCES.txt'
running build
running build_py
copying roomie_rc/location_manager.py -> /home/phj/Test_cursor/05_ros2_ws_0.5/build/roomie_rc/build/lib/roomie_rc
running install
running install_lib
copying /home/phj/Test_cursor/05_ros2_ws_0.5/build/roomie_rc/build/lib/roomie_rc/location_manager.py -> /home/phj/Test_cursor/05_ros2_ws_0.5/install/roomie_rc/lib/python3.12/site-packages/roomie_rc
byte-compiling /home/phj/Test_cursor/05_ros2_ws_0.5/install/roomie_rc/lib/python3.12/site-packages/roomie_rc/location_manager.py to location_manager.cpython-312.pyc
running install_data
running install_egg_info
removing '/home/phj/Test_cursor/05_ros2_ws_0.5/install/roomie_rc/lib/python3.12/site-packages/roomie_rc-0.0.0-py3.12.egg-info' (and everything under it)
Copying ../../build/roomie_rc/roomie_rc.egg-info to /home/phj/Test_cursor/05_ros2_ws_0.5/install/roomie_rc/lib/python3.12/site-packages/roomie_rc-0.0.0-py3.12.egg-info
running install_scripts
Installing rc_node script to /home/phj/Test_cursor/05_ros2_ws_0.5/install/roomie_rc/lib/roomie_rc
writing list of installed files to '/home/phj/Test_cursor/05_ros2_ws_0.5/build/roomie_rc/install.log'
