[3.231s] Invoking command in '/home/phj/Test_cursor/05_ros2_ws_0.5/src/roomie_gc': AMENT_PREFIX_PATH=/home/phj/Test_cursor/05_ros2_ws_0.5/install/roomie_rc:/home/phj/Test_cursor/05_ros2_ws_0.5/install/roomie_static_obstacle:/home/phj/Test_cursor/05_ros2_ws_0.5/install/roomie_simple_navigator:/home/phj/Test_cursor/05_ros2_ws_0.5/install/roomie_safety_monitor:/home/phj/Test_cursor/05_ros2_ws_0.5/install/roomie_rc_test:/home/phj/Test_cursor/05_ros2_ws_0.5/install/roomie_gc:/home/phj/Test_cursor/05_ros2_ws_0.5/install/roomie_gui:/home/phj/Test_cursor/05_ros2_ws_0.5/install/roomie_msgs:/home/phj/Test_cursor/05_ros2_ws_0.5/install/roomie_ec:/opt/ros/jazzy DEBUGINFOD_URLS=https://debuginfod.ubuntu.com PS1=(ros_venv) \[\e[1;34m\](ID: ${ROS_DOMAIN_ID:-0})\[\e[1;32m\]\u\[\e[0m\]:\[\e[1;34m\]\w\[\e[0m\]$ PYTHONPATH=/home/phj/Test_cursor/05_ros2_ws_0.5/build/roomie_gc/prefix_override:/usr/lib/python3/dist-packages/colcon_core/task/python/colcon_distutils_commands:/home/phj/Test_cursor/05_ros2_ws_0.5/install/roomie_gc/lib/python3.12/site-packages:/home/phj/Test_cursor/05_ros2_ws_0.5/install/roomie_rc/lib/python3.12/site-packages:/home/phj/Test_cursor/05_ros2_ws_0.5/install/roomie_msgs/lib/python3.12/site-packages:/home/phj/Test_cursor/05_ros2_ws_0.5/install/roomie_static_obstacle/lib/python3.12/site-packages:/home/phj/Test_cursor/05_ros2_ws_0.5/install/roomie_simple_navigator/lib/python3.12/site-packages:/home/phj/Test_cursor/05_ros2_ws_0.5/install/roomie_safety_monitor/lib/python3.12/site-packages:/home/phj/Test_cursor/05_ros2_ws_0.5/install/roomie_rc_test/lib/python3.12/site-packages:/home/phj/Test_cursor/05_ros2_ws_0.5/install/roomie_gc/lib/python3.12/site-packages:/home/phj/Test_cursor/05_ros2_ws_0.5/install/roomie_gui/lib/python3.12/site-packages:/home/phj/Test_cursor/05_ros2_ws_0.5/install/roomie_ec/lib/python3.12/site-packages:/opt/ros/jazzy/lib/python3.12/site-packages VIRTUAL_ENV_PROMPT=(ros_venv) /usr/bin/python3 -W ignore:setup.py install is deprecated -W ignore:easy_install command is deprecated setup.py egg_info --egg-base ../../build/roomie_gc build --build-base /home/phj/Test_cursor/05_ros2_ws_0.5/build/roomie_gc/build install --record /home/phj/Test_cursor/05_ros2_ws_0.5/build/roomie_gc/install.log --single-version-externally-managed install_data
[4.243s] running egg_info
[4.309s] writing ../../build/roomie_gc/roomie_gc.egg-info/PKG-INFO
[4.310s] writing dependency_links to ../../build/roomie_gc/roomie_gc.egg-info/dependency_links.txt
[4.310s] writing entry points to ../../build/roomie_gc/roomie_gc.egg-info/entry_points.txt
[4.310s] writing requirements to ../../build/roomie_gc/roomie_gc.egg-info/requires.txt
[4.311s] writing top-level names to ../../build/roomie_gc/roomie_gc.egg-info/top_level.txt
[4.439s] reading manifest file '../../build/roomie_gc/roomie_gc.egg-info/SOURCES.txt'
[4.440s] writing manifest file '../../build/roomie_gc/roomie_gc.egg-info/SOURCES.txt'
[4.441s] running build
[4.441s] running build_py
[4.442s] copying roomie_gc/scripts/speed_limit_controller.py -> /home/phj/Test_cursor/05_ros2_ws_0.5/build/roomie_gc/build/lib/roomie_gc/scripts
[4.442s] running install
[4.458s] running install_lib
[4.516s] copying /home/phj/Test_cursor/05_ros2_ws_0.5/build/roomie_gc/build/lib/roomie_gc/scripts/speed_limit_controller.py -> /home/phj/Test_cursor/05_ros2_ws_0.5/install/roomie_gc/lib/python3.12/site-packages/roomie_gc/scripts
[4.518s] byte-compiling /home/phj/Test_cursor/05_ros2_ws_0.5/install/roomie_gc/lib/python3.12/site-packages/roomie_gc/scripts/speed_limit_controller.py to speed_limit_controller.cpython-312.pyc
[4.520s] running install_data
[4.521s] running install_egg_info
[4.602s] removing '/home/phj/Test_cursor/05_ros2_ws_0.5/install/roomie_gc/lib/python3.12/site-packages/roomie_gc-0.0.0-py3.12.egg-info' (and everything under it)
[4.603s] Copying ../../build/roomie_gc/roomie_gc.egg-info to /home/phj/Test_cursor/05_ros2_ws_0.5/install/roomie_gc/lib/python3.12/site-packages/roomie_gc-0.0.0-py3.12.egg-info
[4.605s] running install_scripts
[4.988s] Installing roomie_gc_node script to /home/phj/Test_cursor/05_ros2_ws_0.5/install/roomie_gc/lib/roomie_gc
[4.989s] Installing slowdown_test script to /home/phj/Test_cursor/05_ros2_ws_0.5/install/roomie_gc/lib/roomie_gc
[4.989s] Installing speed_limit_controller script to /home/phj/Test_cursor/05_ros2_ws_0.5/install/roomie_gc/lib/roomie_gc
[4.989s] Installing test_servers script to /home/phj/Test_cursor/05_ros2_ws_0.5/install/roomie_gc/lib/roomie_gc
[4.990s] Installing tracking_gui script to /home/phj/Test_cursor/05_ros2_ws_0.5/install/roomie_gc/lib/roomie_gc
[4.990s] writing list of installed files to '/home/phj/Test_cursor/05_ros2_ws_0.5/build/roomie_gc/install.log'
[5.108s] Invoked command in '/home/phj/Test_cursor/05_ros2_ws_0.5/src/roomie_gc' returned '0': AMENT_PREFIX_PATH=/home/phj/Test_cursor/05_ros2_ws_0.5/install/roomie_rc:/home/phj/Test_cursor/05_ros2_ws_0.5/install/roomie_static_obstacle:/home/phj/Test_cursor/05_ros2_ws_0.5/install/roomie_simple_navigator:/home/phj/Test_cursor/05_ros2_ws_0.5/install/roomie_safety_monitor:/home/phj/Test_cursor/05_ros2_ws_0.5/install/roomie_rc_test:/home/phj/Test_cursor/05_ros2_ws_0.5/install/roomie_gc:/home/phj/Test_cursor/05_ros2_ws_0.5/install/roomie_gui:/home/phj/Test_cursor/05_ros2_ws_0.5/install/roomie_msgs:/home/phj/Test_cursor/05_ros2_ws_0.5/install/roomie_ec:/opt/ros/jazzy DEBUGINFOD_URLS=https://debuginfod.ubuntu.com PS1=(ros_venv) \[\e[1;34m\](ID: ${ROS_DOMAIN_ID:-0})\[\e[1;32m\]\u\[\e[0m\]:\[\e[1;34m\]\w\[\e[0m\]$ PYTHONPATH=/home/phj/Test_cursor/05_ros2_ws_0.5/build/roomie_gc/prefix_override:/usr/lib/python3/dist-packages/colcon_core/task/python/colcon_distutils_commands:/home/phj/Test_cursor/05_ros2_ws_0.5/install/roomie_gc/lib/python3.12/site-packages:/home/phj/Test_cursor/05_ros2_ws_0.5/install/roomie_rc/lib/python3.12/site-packages:/home/phj/Test_cursor/05_ros2_ws_0.5/install/roomie_msgs/lib/python3.12/site-packages:/home/phj/Test_cursor/05_ros2_ws_0.5/install/roomie_static_obstacle/lib/python3.12/site-packages:/home/phj/Test_cursor/05_ros2_ws_0.5/install/roomie_simple_navigator/lib/python3.12/site-packages:/home/phj/Test_cursor/05_ros2_ws_0.5/install/roomie_safety_monitor/lib/python3.12/site-packages:/home/phj/Test_cursor/05_ros2_ws_0.5/install/roomie_rc_test/lib/python3.12/site-packages:/home/phj/Test_cursor/05_ros2_ws_0.5/install/roomie_gc/lib/python3.12/site-packages:/home/phj/Test_cursor/05_ros2_ws_0.5/install/roomie_gui/lib/python3.12/site-packages:/home/phj/Test_cursor/05_ros2_ws_0.5/install/roomie_ec/lib/python3.12/site-packages:/opt/ros/jazzy/lib/python3.12/site-packages VIRTUAL_ENV_PROMPT=(ros_venv) /usr/bin/python3 -W ignore:setup.py install is deprecated -W ignore:easy_install command is deprecated setup.py egg_info --egg-base ../../build/roomie_gc build --build-base /home/phj/Test_cursor/05_ros2_ws_0.5/build/roomie_gc/build install --record /home/phj/Test_cursor/05_ros2_ws_0.5/build/roomie_gc/install.log --single-version-externally-managed install_data
