[2.180s] Invoking command in '/home/phj/Test_cursor/05_ros2_ws_0.5/src/roomie_gc': AMENT_PREFIX_PATH=/home/phj/Test_cursor/05_ros2_ws_0.5/install/roomie_rc:/home/phj/Test_cursor/05_ros2_ws_0.5/install/roomie_msgs CMAKE_PREFIX_PATH=/home/phj/Test_cursor/05_ros2_ws_0.5/install/roomie_msgs DEBUGINFOD_URLS=https://debuginfod.ubuntu.com LD_LIBRARY_PATH=/home/phj/Test_cursor/05_ros2_ws_0.5/install/roomie_msgs/lib:/tmp/.mount_CursorzWFxSQ/usr/lib/:/tmp/.mount_CursorzWFxSQ/usr/lib32/:/tmp/.mount_CursorzWFxSQ/usr/lib64/:/tmp/.mount_CursorzWFxSQ/lib/:/tmp/.mount_CursorzWFxSQ/lib/i386-linux-gnu/:/tmp/.mount_CursorzWFxSQ/lib/x86_64-linux-gnu/:/tmp/.mount_CursorzWFxSQ/lib/aarch64-linux-gnu/:/tmp/.mount_CursorzWFxSQ/lib32/:/tmp/.mount_CursorzWFxSQ/lib64/ PYTHONPATH=/home/phj/Test_cursor/05_ros2_ws_0.5/build/roomie_gc/prefix_override:/usr/lib/python3/dist-packages/colcon_core/task/python/colcon_distutils_commands:/home/phj/Test_cursor/05_ros2_ws_0.5/install/roomie_gc/lib/python3.12/site-packages:/home/phj/Test_cursor/05_ros2_ws_0.5/install/roomie_rc/lib/python3.12/site-packages:/home/phj/Test_cursor/05_ros2_ws_0.5/install/roomie_msgs/lib/python3.12/site-packages /usr/bin/python3 -W ignore:setup.py install is deprecated -W ignore:easy_install command is deprecated setup.py egg_info --egg-base ../../build/roomie_gc build --build-base /home/phj/Test_cursor/05_ros2_ws_0.5/build/roomie_gc/build install --record /home/phj/Test_cursor/05_ros2_ws_0.5/build/roomie_gc/install.log --single-version-externally-managed install_data
[2.791s] running egg_info
[2.825s] writing ../../build/roomie_gc/roomie_gc.egg-info/PKG-INFO
[2.826s] writing dependency_links to ../../build/roomie_gc/roomie_gc.egg-info/dependency_links.txt
[2.829s] writing entry points to ../../build/roomie_gc/roomie_gc.egg-info/entry_points.txt
[2.830s] writing requirements to ../../build/roomie_gc/roomie_gc.egg-info/requires.txt
[2.830s] writing top-level names to ../../build/roomie_gc/roomie_gc.egg-info/top_level.txt
[2.910s] reading manifest file '../../build/roomie_gc/roomie_gc.egg-info/SOURCES.txt'
[2.913s] writing manifest file '../../build/roomie_gc/roomie_gc.egg-info/SOURCES.txt'
[2.913s] running build
[2.913s] running build_py
[2.914s] copying roomie_gc/nodes/roomie_gc_node.py -> /home/phj/Test_cursor/05_ros2_ws_0.5/build/roomie_gc/build/lib/roomie_gc/nodes
[2.915s] copying roomie_gc/scripts/test_servers.py -> /home/phj/Test_cursor/05_ros2_ws_0.5/build/roomie_gc/build/lib/roomie_gc/scripts
[2.916s] running install
[2.939s] running install_lib
[2.979s] copying /home/phj/Test_cursor/05_ros2_ws_0.5/build/roomie_gc/build/lib/roomie_gc/scripts/test_servers.py -> /home/phj/Test_cursor/05_ros2_ws_0.5/install/roomie_gc/lib/python3.12/site-packages/roomie_gc/scripts
[2.981s] copying /home/phj/Test_cursor/05_ros2_ws_0.5/build/roomie_gc/build/lib/roomie_gc/nodes/roomie_gc_node.py -> /home/phj/Test_cursor/05_ros2_ws_0.5/install/roomie_gc/lib/python3.12/site-packages/roomie_gc/nodes
[2.983s] byte-compiling /home/phj/Test_cursor/05_ros2_ws_0.5/install/roomie_gc/lib/python3.12/site-packages/roomie_gc/scripts/test_servers.py to test_servers.cpython-312.pyc
[2.989s] byte-compiling /home/phj/Test_cursor/05_ros2_ws_0.5/install/roomie_gc/lib/python3.12/site-packages/roomie_gc/nodes/roomie_gc_node.py to roomie_gc_node.cpython-312.pyc
[3.003s] running install_data
[3.003s] running install_egg_info
[3.048s] removing '/home/phj/Test_cursor/05_ros2_ws_0.5/install/roomie_gc/lib/python3.12/site-packages/roomie_gc-0.0.0-py3.12.egg-info' (and everything under it)
[3.049s] Copying ../../build/roomie_gc/roomie_gc.egg-info to /home/phj/Test_cursor/05_ros2_ws_0.5/install/roomie_gc/lib/python3.12/site-packages/roomie_gc-0.0.0-py3.12.egg-info
[3.052s] running install_scripts
[3.336s] Installing roomie_gc_node script to /home/phj/Test_cursor/05_ros2_ws_0.5/install/roomie_gc/lib/roomie_gc
[3.336s] Installing speed_limit_controller script to /home/phj/Test_cursor/05_ros2_ws_0.5/install/roomie_gc/lib/roomie_gc
[3.336s] Installing test_servers script to /home/phj/Test_cursor/05_ros2_ws_0.5/install/roomie_gc/lib/roomie_gc
[3.336s] Installing tracking_gui script to /home/phj/Test_cursor/05_ros2_ws_0.5/install/roomie_gc/lib/roomie_gc
[3.337s] writing list of installed files to '/home/phj/Test_cursor/05_ros2_ws_0.5/build/roomie_gc/install.log'
[3.552s] Invoked command in '/home/phj/Test_cursor/05_ros2_ws_0.5/src/roomie_gc' returned '0': AMENT_PREFIX_PATH=/home/phj/Test_cursor/05_ros2_ws_0.5/install/roomie_rc:/home/phj/Test_cursor/05_ros2_ws_0.5/install/roomie_msgs CMAKE_PREFIX_PATH=/home/phj/Test_cursor/05_ros2_ws_0.5/install/roomie_msgs DEBUGINFOD_URLS=https://debuginfod.ubuntu.com LD_LIBRARY_PATH=/home/phj/Test_cursor/05_ros2_ws_0.5/install/roomie_msgs/lib:/tmp/.mount_CursorzWFxSQ/usr/lib/:/tmp/.mount_CursorzWFxSQ/usr/lib32/:/tmp/.mount_CursorzWFxSQ/usr/lib64/:/tmp/.mount_CursorzWFxSQ/lib/:/tmp/.mount_CursorzWFxSQ/lib/i386-linux-gnu/:/tmp/.mount_CursorzWFxSQ/lib/x86_64-linux-gnu/:/tmp/.mount_CursorzWFxSQ/lib/aarch64-linux-gnu/:/tmp/.mount_CursorzWFxSQ/lib32/:/tmp/.mount_CursorzWFxSQ/lib64/ PYTHONPATH=/home/phj/Test_cursor/05_ros2_ws_0.5/build/roomie_gc/prefix_override:/usr/lib/python3/dist-packages/colcon_core/task/python/colcon_distutils_commands:/home/phj/Test_cursor/05_ros2_ws_0.5/install/roomie_gc/lib/python3.12/site-packages:/home/phj/Test_cursor/05_ros2_ws_0.5/install/roomie_rc/lib/python3.12/site-packages:/home/phj/Test_cursor/05_ros2_ws_0.5/install/roomie_msgs/lib/python3.12/site-packages /usr/bin/python3 -W ignore:setup.py install is deprecated -W ignore:easy_install command is deprecated setup.py egg_info --egg-base ../../build/roomie_gc build --build-base /home/phj/Test_cursor/05_ros2_ws_0.5/build/roomie_gc/build install --record /home/phj/Test_cursor/05_ros2_ws_0.5/build/roomie_gc/install.log --single-version-externally-managed install_data
