running egg_info
creating ../../build/roomie_gui/roomie_gui.egg-info
writing ../../build/roomie_gui/roomie_gui.egg-info/PKG-INFO
writing dependency_links to ../../build/roomie_gui/roomie_gui.egg-info/dependency_links.txt
writing entry points to ../../build/roomie_gui/roomie_gui.egg-info/entry_points.txt
writing requirements to ../../build/roomie_gui/roomie_gui.egg-info/requires.txt
writing top-level names to ../../build/roomie_gui/roomie_gui.egg-info/top_level.txt
writing manifest file '../../build/roomie_gui/roomie_gui.egg-info/SOURCES.txt'
reading manifest file '../../build/roomie_gui/roomie_gui.egg-info/SOURCES.txt'
writing manifest file '../../build/roomie_gui/roomie_gui.egg-info/SOURCES.txt'
running build
running build_py
creating /home/phj/Test_cursor/05_ros2_ws_0.5/build/roomie_gui/build
creating /home/phj/Test_cursor/05_ros2_ws_0.5/build/roomie_gui/build/lib
creating /home/phj/Test_cursor/05_ros2_ws_0.5/build/roomie_gui/build/lib/roomie_gui
copying roomie_gui/__init__.py -> /home/phj/Test_cursor/05_ros2_ws_0.5/build/roomie_gui/build/lib/roomie_gui
copying roomie_gui/obstacle_gui.py -> /home/phj/Test_cursor/05_ros2_ws_0.5/build/roomie_gui/build/lib/roomie_gui
running install
running install_lib
creating /home/phj/Test_cursor/05_ros2_ws_0.5/install/roomie_gui/lib/python3.12/site-packages/roomie_gui
copying /home/phj/Test_cursor/05_ros2_ws_0.5/build/roomie_gui/build/lib/roomie_gui/__init__.py -> /home/phj/Test_cursor/05_ros2_ws_0.5/install/roomie_gui/lib/python3.12/site-packages/roomie_gui
copying /home/phj/Test_cursor/05_ros2_ws_0.5/build/roomie_gui/build/lib/roomie_gui/obstacle_gui.py -> /home/phj/Test_cursor/05_ros2_ws_0.5/install/roomie_gui/lib/python3.12/site-packages/roomie_gui
byte-compiling /home/phj/Test_cursor/05_ros2_ws_0.5/install/roomie_gui/lib/python3.12/site-packages/roomie_gui/__init__.py to __init__.cpython-312.pyc
byte-compiling /home/phj/Test_cursor/05_ros2_ws_0.5/install/roomie_gui/lib/python3.12/site-packages/roomie_gui/obstacle_gui.py to obstacle_gui.cpython-312.pyc
running install_data
creating /home/phj/Test_cursor/05_ros2_ws_0.5/install/roomie_gui/share/ament_index
creating /home/phj/Test_cursor/05_ros2_ws_0.5/install/roomie_gui/share/ament_index/resource_index
creating /home/phj/Test_cursor/05_ros2_ws_0.5/install/roomie_gui/share/ament_index/resource_index/packages
copying resource/roomie_gui -> /home/phj/Test_cursor/05_ros2_ws_0.5/install/roomie_gui/share/ament_index/resource_index/packages
copying package.xml -> /home/phj/Test_cursor/05_ros2_ws_0.5/install/roomie_gui/share/roomie_gui
running install_egg_info
Copying ../../build/roomie_gui/roomie_gui.egg-info to /home/phj/Test_cursor/05_ros2_ws_0.5/install/roomie_gui/lib/python3.12/site-packages/roomie_gui-0.0.0-py3.12.egg-info
running install_scripts
Installing obstacle_gui script to /home/phj/Test_cursor/05_ros2_ws_0.5/install/roomie_gui/lib/roomie_gui
writing list of installed files to '/home/phj/Test_cursor/05_ros2_ws_0.5/build/roomie_gui/install.log'
