[4.433s] Invoking command in '/home/phj/Test_cursor/05_ros2_ws_0.5/src/roomie_gui': AMENT_PREFIX_PATH=/home/phj/Test_cursor/05_ros2_ws_0.5/install/roomie_msgs:${AMENT_PREFIX_PATH} CMAKE_PREFIX_PATH=/home/phj/Test_cursor/05_ros2_ws_0.5/install/roomie_msgs:${CMAKE_PREFIX_PATH} DEBUGINFOD_URLS=https://debuginfod.ubuntu.com LD_LIBRARY_PATH=/home/phj/Test_cursor/05_ros2_ws_0.5/install/roomie_msgs/lib:${LD_LIBRARY_PATH} PS1=(ros_venv) \[\e[1;34m\](ID: ${ROS_DOMAIN_ID:-0})\[\e[1;32m\]\u\[\e[0m\]:\[\e[1;34m\]\w\[\e[0m\]$ PYTHONPATH=/home/phj/Test_cursor/05_ros2_ws_0.5/build/roomie_gui/prefix_override:/usr/lib/python3/dist-packages/colcon_core/task/python/colcon_distutils_commands:/home/phj/Test_cursor/05_ros2_ws_0.5/install/roomie_gui/lib/python3.12/site-packages:/home/phj/Test_cursor/05_ros2_ws_0.5/install/roomie_msgs/lib/python3.12/site-packages:${PYTHONPATH} VIRTUAL_ENV_PROMPT=(ros_venv) /usr/bin/python3 -W ignore:setup.py install is deprecated -W ignore:easy_install command is deprecated setup.py egg_info --egg-base ../../build/roomie_gui build --build-base /home/phj/Test_cursor/05_ros2_ws_0.5/build/roomie_gui/build install --record /home/phj/Test_cursor/05_ros2_ws_0.5/build/roomie_gui/install.log --single-version-externally-managed install_data
[4.866s] running egg_info
[4.867s] creating ../../build/roomie_gui/roomie_gui.egg-info
[4.902s] writing ../../build/roomie_gui/roomie_gui.egg-info/PKG-INFO
[4.902s] writing dependency_links to ../../build/roomie_gui/roomie_gui.egg-info/dependency_links.txt
[4.902s] writing entry points to ../../build/roomie_gui/roomie_gui.egg-info/entry_points.txt
[4.902s] writing requirements to ../../build/roomie_gui/roomie_gui.egg-info/requires.txt
[4.903s] writing top-level names to ../../build/roomie_gui/roomie_gui.egg-info/top_level.txt
[4.903s] writing manifest file '../../build/roomie_gui/roomie_gui.egg-info/SOURCES.txt'
[4.979s] reading manifest file '../../build/roomie_gui/roomie_gui.egg-info/SOURCES.txt'
[4.979s] writing manifest file '../../build/roomie_gui/roomie_gui.egg-info/SOURCES.txt'
[4.980s] running build
[4.980s] running build_py
[4.980s] creating /home/phj/Test_cursor/05_ros2_ws_0.5/build/roomie_gui/build
[4.980s] creating /home/phj/Test_cursor/05_ros2_ws_0.5/build/roomie_gui/build/lib
[4.981s] creating /home/phj/Test_cursor/05_ros2_ws_0.5/build/roomie_gui/build/lib/roomie_gui
[4.981s] copying roomie_gui/__init__.py -> /home/phj/Test_cursor/05_ros2_ws_0.5/build/roomie_gui/build/lib/roomie_gui
[4.981s] copying roomie_gui/obstacle_gui.py -> /home/phj/Test_cursor/05_ros2_ws_0.5/build/roomie_gui/build/lib/roomie_gui
[4.981s] running install
[4.989s] running install_lib
[5.035s] creating /home/phj/Test_cursor/05_ros2_ws_0.5/install/roomie_gui/lib/python3.12/site-packages/roomie_gui
[5.035s] copying /home/phj/Test_cursor/05_ros2_ws_0.5/build/roomie_gui/build/lib/roomie_gui/__init__.py -> /home/phj/Test_cursor/05_ros2_ws_0.5/install/roomie_gui/lib/python3.12/site-packages/roomie_gui
[5.035s] copying /home/phj/Test_cursor/05_ros2_ws_0.5/build/roomie_gui/build/lib/roomie_gui/obstacle_gui.py -> /home/phj/Test_cursor/05_ros2_ws_0.5/install/roomie_gui/lib/python3.12/site-packages/roomie_gui
[5.036s] byte-compiling /home/phj/Test_cursor/05_ros2_ws_0.5/install/roomie_gui/lib/python3.12/site-packages/roomie_gui/__init__.py to __init__.cpython-312.pyc
[5.036s] byte-compiling /home/phj/Test_cursor/05_ros2_ws_0.5/install/roomie_gui/lib/python3.12/site-packages/roomie_gui/obstacle_gui.py to obstacle_gui.cpython-312.pyc
[5.039s] running install_data
[5.039s] creating /home/phj/Test_cursor/05_ros2_ws_0.5/install/roomie_gui/share/ament_index
[5.039s] creating /home/phj/Test_cursor/05_ros2_ws_0.5/install/roomie_gui/share/ament_index/resource_index
[5.040s] creating /home/phj/Test_cursor/05_ros2_ws_0.5/install/roomie_gui/share/ament_index/resource_index/packages
[5.040s] copying resource/roomie_gui -> /home/phj/Test_cursor/05_ros2_ws_0.5/install/roomie_gui/share/ament_index/resource_index/packages
[5.040s] copying package.xml -> /home/phj/Test_cursor/05_ros2_ws_0.5/install/roomie_gui/share/roomie_gui
[5.040s] running install_egg_info
[5.086s] Copying ../../build/roomie_gui/roomie_gui.egg-info to /home/phj/Test_cursor/05_ros2_ws_0.5/install/roomie_gui/lib/python3.12/site-packages/roomie_gui-0.0.0-py3.12.egg-info
[5.087s] running install_scripts
[5.302s] Installing obstacle_gui script to /home/phj/Test_cursor/05_ros2_ws_0.5/install/roomie_gui/lib/roomie_gui
[5.303s] writing list of installed files to '/home/phj/Test_cursor/05_ros2_ws_0.5/build/roomie_gui/install.log'
[5.342s] Invoked command in '/home/phj/Test_cursor/05_ros2_ws_0.5/src/roomie_gui' returned '0': AMENT_PREFIX_PATH=/home/phj/Test_cursor/05_ros2_ws_0.5/install/roomie_msgs:${AMENT_PREFIX_PATH} CMAKE_PREFIX_PATH=/home/phj/Test_cursor/05_ros2_ws_0.5/install/roomie_msgs:${CMAKE_PREFIX_PATH} DEBUGINFOD_URLS=https://debuginfod.ubuntu.com LD_LIBRARY_PATH=/home/phj/Test_cursor/05_ros2_ws_0.5/install/roomie_msgs/lib:${LD_LIBRARY_PATH} PS1=(ros_venv) \[\e[1;34m\](ID: ${ROS_DOMAIN_ID:-0})\[\e[1;32m\]\u\[\e[0m\]:\[\e[1;34m\]\w\[\e[0m\]$ PYTHONPATH=/home/phj/Test_cursor/05_ros2_ws_0.5/build/roomie_gui/prefix_override:/usr/lib/python3/dist-packages/colcon_core/task/python/colcon_distutils_commands:/home/phj/Test_cursor/05_ros2_ws_0.5/install/roomie_gui/lib/python3.12/site-packages:/home/phj/Test_cursor/05_ros2_ws_0.5/install/roomie_msgs/lib/python3.12/site-packages:${PYTHONPATH} VIRTUAL_ENV_PROMPT=(ros_venv) /usr/bin/python3 -W ignore:setup.py install is deprecated -W ignore:easy_install command is deprecated setup.py egg_info --egg-base ../../build/roomie_gui build --build-base /home/phj/Test_cursor/05_ros2_ws_0.5/build/roomie_gui/build install --record /home/phj/Test_cursor/05_ros2_ws_0.5/build/roomie_gui/install.log --single-version-externally-managed install_data
