[2.684s] Invoking command in '/home/phj/Test_cursor/05_ros2_ws_0.5/src/roomie_safety_monitor': DEBUGINFOD_URLS=https://debuginfod.ubuntu.com PS1=(ros_venv) \[\e[1;34m\](ID: ${ROS_DOMAIN_ID:-0})\[\e[1;32m\]\u\[\e[0m\]:\[\e[1;34m\]\w\[\e[0m\]$ PYTHONPATH=/home/phj/Test_cursor/05_ros2_ws_0.5/build/roomie_safety_monitor/prefix_override:/usr/lib/python3/dist-packages/colcon_core/task/python/colcon_distutils_commands:/home/phj/Test_cursor/05_ros2_ws_0.5/install/roomie_safety_monitor/lib/python3.12/site-packages:/home/phj/Test_cursor/05_ros2_ws_0.5/install/roomie_msgs/lib/python3.12/site-packages:/home/phj/Test_cursor/05_ros2_ws_0.5/install/roomie_static_obstacle/lib/python3.12/site-packages:/home/phj/Test_cursor/05_ros2_ws_0.5/install/roomie_simple_navigator/lib/python3.12/site-packages:/home/phj/Test_cursor/05_ros2_ws_0.5/install/roomie_safety_monitor/lib/python3.12/site-packages:/home/phj/Test_cursor/05_ros2_ws_0.5/install/roomie_rc_test/lib/python3.12/site-packages:/home/phj/Test_cursor/05_ros2_ws_0.5/install/roomie_gc/lib/python3.12/site-packages:/home/phj/Test_cursor/05_ros2_ws_0.5/install/roomie_rc/lib/python3.12/site-packages:/home/phj/Test_cursor/05_ros2_ws_0.5/install/roomie_gui/lib/python3.12/site-packages:/home/phj/Test_cursor/05_ros2_ws_0.5/install/roomie_ec/lib/python3.12/site-packages:/opt/ros/jazzy/lib/python3.12/site-packages VIRTUAL_ENV_PROMPT=(ros_venv) /usr/bin/python3 -W ignore:setup.py install is deprecated -W ignore:easy_install command is deprecated setup.py egg_info --egg-base ../../build/roomie_safety_monitor build --build-base /home/phj/Test_cursor/05_ros2_ws_0.5/build/roomie_safety_monitor/build install --record /home/phj/Test_cursor/05_ros2_ws_0.5/build/roomie_safety_monitor/install.log --single-version-externally-managed install_data
[3.474s] running egg_info
[3.590s] writing ../../build/roomie_safety_monitor/roomie_safety_monitor.egg-info/PKG-INFO
[3.591s] writing dependency_links to ../../build/roomie_safety_monitor/roomie_safety_monitor.egg-info/dependency_links.txt
[3.591s] writing entry points to ../../build/roomie_safety_monitor/roomie_safety_monitor.egg-info/entry_points.txt
[3.592s] writing requirements to ../../build/roomie_safety_monitor/roomie_safety_monitor.egg-info/requires.txt
[3.592s] writing top-level names to ../../build/roomie_safety_monitor/roomie_safety_monitor.egg-info/top_level.txt
[3.697s] reading manifest file '../../build/roomie_safety_monitor/roomie_safety_monitor.egg-info/SOURCES.txt'
[3.698s] writing manifest file '../../build/roomie_safety_monitor/roomie_safety_monitor.egg-info/SOURCES.txt'
[3.699s] running build
[3.699s] running build_py
[3.699s] running install
[3.709s] running install_lib
[3.761s] running install_data
[3.762s] running install_egg_info
[3.809s] removing '/home/phj/Test_cursor/05_ros2_ws_0.5/install/roomie_safety_monitor/lib/python3.12/site-packages/roomie_safety_monitor-0.0.0-py3.12.egg-info' (and everything under it)
[3.812s] Copying ../../build/roomie_safety_monitor/roomie_safety_monitor.egg-info to /home/phj/Test_cursor/05_ros2_ws_0.5/install/roomie_safety_monitor/lib/python3.12/site-packages/roomie_safety_monitor-0.0.0-py3.12.egg-info
[3.812s] running install_scripts
[4.121s] Installing obstacle_simulator script to /home/phj/Test_cursor/05_ros2_ws_0.5/install/roomie_safety_monitor/lib/roomie_safety_monitor
[4.122s] Installing safety_monitor_node script to /home/phj/Test_cursor/05_ros2_ws_0.5/install/roomie_safety_monitor/lib/roomie_safety_monitor
[4.122s] writing list of installed files to '/home/phj/Test_cursor/05_ros2_ws_0.5/build/roomie_safety_monitor/install.log'
[4.180s] Invoked command in '/home/phj/Test_cursor/05_ros2_ws_0.5/src/roomie_safety_monitor' returned '0': DEBUGINFOD_URLS=https://debuginfod.ubuntu.com PS1=(ros_venv) \[\e[1;34m\](ID: ${ROS_DOMAIN_ID:-0})\[\e[1;32m\]\u\[\e[0m\]:\[\e[1;34m\]\w\[\e[0m\]$ PYTHONPATH=/home/phj/Test_cursor/05_ros2_ws_0.5/build/roomie_safety_monitor/prefix_override:/usr/lib/python3/dist-packages/colcon_core/task/python/colcon_distutils_commands:/home/phj/Test_cursor/05_ros2_ws_0.5/install/roomie_safety_monitor/lib/python3.12/site-packages:/home/phj/Test_cursor/05_ros2_ws_0.5/install/roomie_msgs/lib/python3.12/site-packages:/home/phj/Test_cursor/05_ros2_ws_0.5/install/roomie_static_obstacle/lib/python3.12/site-packages:/home/phj/Test_cursor/05_ros2_ws_0.5/install/roomie_simple_navigator/lib/python3.12/site-packages:/home/phj/Test_cursor/05_ros2_ws_0.5/install/roomie_safety_monitor/lib/python3.12/site-packages:/home/phj/Test_cursor/05_ros2_ws_0.5/install/roomie_rc_test/lib/python3.12/site-packages:/home/phj/Test_cursor/05_ros2_ws_0.5/install/roomie_gc/lib/python3.12/site-packages:/home/phj/Test_cursor/05_ros2_ws_0.5/install/roomie_rc/lib/python3.12/site-packages:/home/phj/Test_cursor/05_ros2_ws_0.5/install/roomie_gui/lib/python3.12/site-packages:/home/phj/Test_cursor/05_ros2_ws_0.5/install/roomie_ec/lib/python3.12/site-packages:/opt/ros/jazzy/lib/python3.12/site-packages VIRTUAL_ENV_PROMPT=(ros_venv) /usr/bin/python3 -W ignore:setup.py install is deprecated -W ignore:easy_install command is deprecated setup.py egg_info --egg-base ../../build/roomie_safety_monitor build --build-base /home/phj/Test_cursor/05_ros2_ws_0.5/build/roomie_safety_monitor/build install --record /home/phj/Test_cursor/05_ros2_ws_0.5/build/roomie_safety_monitor/install.log --single-version-externally-managed install_data
