[2.828s] Invoking command in '/home/phj/Test_cursor/05_ros2_ws_0.5/src/roomie_safety_monitor': AMENT_PREFIX_PATH=/home/phj/Test_cursor/05_ros2_ws_0.5/install/roomie_msgs:${AMENT_PREFIX_PATH} CMAKE_PREFIX_PATH=/home/phj/Test_cursor/05_ros2_ws_0.5/install/roomie_msgs:${CMAKE_PREFIX_PATH} DEBUGINFOD_URLS=https://debuginfod.ubuntu.com LD_LIBRARY_PATH=/home/phj/Test_cursor/05_ros2_ws_0.5/install/roomie_msgs/lib:${LD_LIBRARY_PATH} PS1=(ros_venv) \[\e[1;34m\](ID: ${ROS_DOMAIN_ID:-0})\[\e[1;32m\]\u\[\e[0m\]:\[\e[1;34m\]\w\[\e[0m\]$ PYTHONPATH=/home/phj/Test_cursor/05_ros2_ws_0.5/build/roomie_safety_monitor/prefix_override:/usr/lib/python3/dist-packages/colcon_core/task/python/colcon_distutils_commands:/home/phj/Test_cursor/05_ros2_ws_0.5/install/roomie_safety_monitor/lib/python3.12/site-packages:/home/phj/Test_cursor/05_ros2_ws_0.5/install/roomie_msgs/lib/python3.12/site-packages:${PYTHONPATH} VIRTUAL_ENV_PROMPT=(ros_venv) /usr/bin/python3 -W ignore:setup.py install is deprecated -W ignore:easy_install command is deprecated setup.py egg_info --egg-base ../../build/roomie_safety_monitor build --build-base /home/phj/Test_cursor/05_ros2_ws_0.5/build/roomie_safety_monitor/build install --record /home/phj/Test_cursor/05_ros2_ws_0.5/build/roomie_safety_monitor/install.log --single-version-externally-managed install_data
[3.357s] running egg_info
[3.419s] writing ../../build/roomie_safety_monitor/roomie_safety_monitor.egg-info/PKG-INFO
[3.419s] writing dependency_links to ../../build/roomie_safety_monitor/roomie_safety_monitor.egg-info/dependency_links.txt
[3.420s] writing entry points to ../../build/roomie_safety_monitor/roomie_safety_monitor.egg-info/entry_points.txt
[3.420s] writing requirements to ../../build/roomie_safety_monitor/roomie_safety_monitor.egg-info/requires.txt
[3.420s] writing top-level names to ../../build/roomie_safety_monitor/roomie_safety_monitor.egg-info/top_level.txt
[3.513s] reading manifest file '../../build/roomie_safety_monitor/roomie_safety_monitor.egg-info/SOURCES.txt'
[3.514s] writing manifest file '../../build/roomie_safety_monitor/roomie_safety_monitor.egg-info/SOURCES.txt'
[3.514s] running build
[3.514s] running build_py
[3.514s] running install
[3.524s] running install_lib
[3.563s] running install_data
[3.563s] running install_egg_info
[3.604s] removing '/home/phj/Test_cursor/05_ros2_ws_0.5/install/roomie_safety_monitor/lib/python3.12/site-packages/roomie_safety_monitor-0.0.0-py3.12.egg-info' (and everything under it)
[3.604s] Copying ../../build/roomie_safety_monitor/roomie_safety_monitor.egg-info to /home/phj/Test_cursor/05_ros2_ws_0.5/install/roomie_safety_monitor/lib/python3.12/site-packages/roomie_safety_monitor-0.0.0-py3.12.egg-info
[3.605s] running install_scripts
[3.827s] Installing obstacle_simulator script to /home/phj/Test_cursor/05_ros2_ws_0.5/install/roomie_safety_monitor/lib/roomie_safety_monitor
[3.827s] Installing safety_monitor_node script to /home/phj/Test_cursor/05_ros2_ws_0.5/install/roomie_safety_monitor/lib/roomie_safety_monitor
[3.828s] writing list of installed files to '/home/phj/Test_cursor/05_ros2_ws_0.5/build/roomie_safety_monitor/install.log'
[3.862s] Invoked command in '/home/phj/Test_cursor/05_ros2_ws_0.5/src/roomie_safety_monitor' returned '0': AMENT_PREFIX_PATH=/home/phj/Test_cursor/05_ros2_ws_0.5/install/roomie_msgs:${AMENT_PREFIX_PATH} CMAKE_PREFIX_PATH=/home/phj/Test_cursor/05_ros2_ws_0.5/install/roomie_msgs:${CMAKE_PREFIX_PATH} DEBUGINFOD_URLS=https://debuginfod.ubuntu.com LD_LIBRARY_PATH=/home/phj/Test_cursor/05_ros2_ws_0.5/install/roomie_msgs/lib:${LD_LIBRARY_PATH} PS1=(ros_venv) \[\e[1;34m\](ID: ${ROS_DOMAIN_ID:-0})\[\e[1;32m\]\u\[\e[0m\]:\[\e[1;34m\]\w\[\e[0m\]$ PYTHONPATH=/home/phj/Test_cursor/05_ros2_ws_0.5/build/roomie_safety_monitor/prefix_override:/usr/lib/python3/dist-packages/colcon_core/task/python/colcon_distutils_commands:/home/phj/Test_cursor/05_ros2_ws_0.5/install/roomie_safety_monitor/lib/python3.12/site-packages:/home/phj/Test_cursor/05_ros2_ws_0.5/install/roomie_msgs/lib/python3.12/site-packages:${PYTHONPATH} VIRTUAL_ENV_PROMPT=(ros_venv) /usr/bin/python3 -W ignore:setup.py install is deprecated -W ignore:easy_install command is deprecated setup.py egg_info --egg-base ../../build/roomie_safety_monitor build --build-base /home/phj/Test_cursor/05_ros2_ws_0.5/build/roomie_safety_monitor/build install --record /home/phj/Test_cursor/05_ros2_ws_0.5/build/roomie_safety_monitor/install.log --single-version-externally-managed install_data
