running egg_info
writing ../../build/roomie_simple_navigator/roomie_simple_navigator.egg-info/PKG-INFO
writing dependency_links to ../../build/roomie_simple_navigator/roomie_simple_navigator.egg-info/dependency_links.txt
writing entry points to ../../build/roomie_simple_navigator/roomie_simple_navigator.egg-info/entry_points.txt
writing requirements to ../../build/roomie_simple_navigator/roomie_simple_navigator.egg-info/requires.txt
writing top-level names to ../../build/roomie_simple_navigator/roomie_simple_navigator.egg-info/top_level.txt
reading manifest file '../../build/roomie_simple_navigator/roomie_simple_navigator.egg-info/SOURCES.txt'
writing manifest file '../../build/roomie_simple_navigator/roomie_simple_navigator.egg-info/SOURCES.txt'
running build
running build_py
running install
running install_lib
running install_data
running install_egg_info
removing '/home/phj/Test_cursor/05_ros2_ws_0.5/install/roomie_simple_navigator/lib/python3.12/site-packages/roomie_simple_navigator-0.0.0-py3.12.egg-info' (and everything under it)
Copying ../../build/roomie_simple_navigator/roomie_simple_navigator.egg-info to /home/phj/Test_cursor/05_ros2_ws_0.5/install/roomie_simple_navigator/lib/python3.12/site-packages/roomie_simple_navigator-0.0.0-py3.12.egg-info
running install_scripts
Installing simple_navigator script to /home/phj/Test_cursor/05_ros2_ws_0.5/install/roomie_simple_navigator/lib/roomie_simple_navigator
Installing simple_navigator2 script to /home/phj/Test_cursor/05_ros2_ws_0.5/install/roomie_simple_navigator/lib/roomie_simple_navigator
writing list of installed files to '/home/phj/Test_cursor/05_ros2_ws_0.5/build/roomie_simple_navigator/install.log'
