[0.254s] DEBUG:colcon:Command line arguments: ['/usr/bin/colcon', 'build', '--packages-select', 'roomie_gc']
[0.254s] DEBUG:colcon:Parsed command line arguments: Namespace(log_base=None, log_level=None, verb_name='build', build_base='build', install_base='install', merge_install=False, symlink_install=False, test_result_base=None, continue_on_error=False, executor='parallel', parallel_workers=12, event_handlers=None, ignore_user_meta=False, metas=['./colcon.meta'], base_paths=['.'], packages_ignore=None, packages_ignore_regex=None, paths=None, packages_up_to=None, packages_up_to_regex=None, packages_above=None, packages_above_and_dependencies=None, packages_above_depth=None, packages_select_by_dep=None, packages_skip_by_dep=None, packages_skip_up_to=None, packages_select_build_failed=False, packages_skip_build_finished=False, packages_select_test_failures=False, packages_skip_test_passed=False, packages_select=['roomie_gc'], packages_skip=None, packages_select_regex=None, packages_skip_regex=None, packages_start=None, packages_end=None, allow_overriding=[], cmake_args=None, cmake_target=None, cmake_target_skip_unavailable=False, cmake_clean_cache=False, cmake_clean_first=False, cmake_force_configure=False, ament_cmake_args=None, catkin_cmake_args=None, catkin_skip_building_tests=False, mixin_files=None, mixin=None, verb_parser=<colcon_mixin.mixin.mixin_argument.MixinArgumentDecorator object at 0x76087499c9b0>, verb_extension=<colcon_core.verb.build.BuildVerb object at 0x760874ad8770>, main=<bound method BuildVerb.main of <colcon_core.verb.build.BuildVerb object at 0x760874ad8770>>, mixin_verb=('build',))
[0.338s] Level 1:colcon.colcon_core.package_discovery:discover_packages(colcon_meta) check parameters
[0.338s] Level 1:colcon.colcon_core.package_discovery:discover_packages(recursive) check parameters
[0.338s] Level 1:colcon.colcon_core.package_discovery:discover_packages(ignore) check parameters
[0.338s] Level 1:colcon.colcon_core.package_discovery:discover_packages(path) check parameters
[0.338s] Level 1:colcon.colcon_core.package_discovery:discover_packages(colcon_meta) discover
[0.338s] Level 1:colcon.colcon_core.package_discovery:discover_packages(recursive) discover
[0.338s] INFO:colcon.colcon_core.package_discovery:Crawling recursively for packages in '/home/phj/Test_cursor/05_ros2_ws_0.5'
[0.338s] Level 1:colcon.colcon_core.package_identification:_identify(.) by extensions ['ignore', 'ignore_ament_install']
[0.338s] Level 1:colcon.colcon_core.package_identification:_identify(.) by extension 'ignore'
[0.339s] Level 1:colcon.colcon_core.package_identification:_identify(.) by extension 'ignore_ament_install'
[0.339s] Level 1:colcon.colcon_core.package_identification:_identify(.) by extensions ['colcon_pkg']
[0.339s] Level 1:colcon.colcon_core.package_identification:_identify(.) by extension 'colcon_pkg'
[0.339s] Level 1:colcon.colcon_core.package_identification:_identify(.) by extensions ['colcon_meta']
[0.339s] Level 1:colcon.colcon_core.package_identification:_identify(.) by extension 'colcon_meta'
[0.339s] Level 1:colcon.colcon_core.package_identification:_identify(.) by extensions ['ros']
[0.339s] Level 1:colcon.colcon_core.package_identification:_identify(.) by extension 'ros'
[0.397s] Level 1:colcon.colcon_core.package_identification:_identify(.) by extensions ['cmake', 'python']
[0.397s] Level 1:colcon.colcon_core.package_identification:_identify(.) by extension 'cmake'
[0.397s] Level 1:colcon.colcon_core.package_identification:_identify(.) by extension 'python'
[0.398s] Level 1:colcon.colcon_core.package_identification:_identify(.) by extensions ['python_setup_py']
[0.398s] Level 1:colcon.colcon_core.package_identification:_identify(.) by extension 'python_setup_py'
[0.398s] Level 1:colcon.colcon_core.package_identification:_identify(build) by extensions ['ignore', 'ignore_ament_install']
[0.398s] Level 1:colcon.colcon_core.package_identification:_identify(build) by extension 'ignore'
[0.398s] Level 1:colcon.colcon_core.package_identification:_identify(build) ignored
[0.399s] Level 1:colcon.colcon_core.package_identification:_identify(install) by extensions ['ignore', 'ignore_ament_install']
[0.399s] Level 1:colcon.colcon_core.package_identification:_identify(install) by extension 'ignore'
[0.399s] Level 1:colcon.colcon_core.package_identification:_identify(install) ignored
[0.399s] Level 1:colcon.colcon_core.package_identification:_identify(log) by extensions ['ignore', 'ignore_ament_install']
[0.399s] Level 1:colcon.colcon_core.package_identification:_identify(log) by extension 'ignore'
[0.400s] Level 1:colcon.colcon_core.package_identification:_identify(log) ignored
[0.400s] Level 1:colcon.colcon_core.package_identification:_identify(src) by extensions ['ignore', 'ignore_ament_install']
[0.400s] Level 1:colcon.colcon_core.package_identification:_identify(src) by extension 'ignore'
[0.400s] Level 1:colcon.colcon_core.package_identification:_identify(src) by extension 'ignore_ament_install'
[0.400s] Level 1:colcon.colcon_core.package_identification:_identify(src) by extensions ['colcon_pkg']
[0.400s] Level 1:colcon.colcon_core.package_identification:_identify(src) by extension 'colcon_pkg'
[0.400s] Level 1:colcon.colcon_core.package_identification:_identify(src) by extensions ['colcon_meta']
[0.400s] Level 1:colcon.colcon_core.package_identification:_identify(src) by extension 'colcon_meta'
[0.400s] Level 1:colcon.colcon_core.package_identification:_identify(src) by extensions ['ros']
[0.400s] Level 1:colcon.colcon_core.package_identification:_identify(src) by extension 'ros'
[0.400s] Level 1:colcon.colcon_core.package_identification:_identify(src) by extensions ['cmake', 'python']
[0.400s] Level 1:colcon.colcon_core.package_identification:_identify(src) by extension 'cmake'
[0.400s] Level 1:colcon.colcon_core.package_identification:_identify(src) by extension 'python'
[0.401s] Level 1:colcon.colcon_core.package_identification:_identify(src) by extensions ['python_setup_py']
[0.401s] Level 1:colcon.colcon_core.package_identification:_identify(src) by extension 'python_setup_py'
[0.401s] Level 1:colcon.colcon_core.package_identification:_identify(src/roomie_ec) by extensions ['ignore', 'ignore_ament_install']
[0.401s] Level 1:colcon.colcon_core.package_identification:_identify(src/roomie_ec) by extension 'ignore'
[0.401s] Level 1:colcon.colcon_core.package_identification:_identify(src/roomie_ec) by extension 'ignore_ament_install'
[0.401s] Level 1:colcon.colcon_core.package_identification:_identify(src/roomie_ec) by extensions ['colcon_pkg']
[0.401s] Level 1:colcon.colcon_core.package_identification:_identify(src/roomie_ec) by extension 'colcon_pkg'
[0.401s] Level 1:colcon.colcon_core.package_identification:_identify(src/roomie_ec) by extensions ['colcon_meta']
[0.401s] Level 1:colcon.colcon_core.package_identification:_identify(src/roomie_ec) by extension 'colcon_meta'
[0.401s] Level 1:colcon.colcon_core.package_identification:_identify(src/roomie_ec) by extensions ['ros']
[0.401s] Level 1:colcon.colcon_core.package_identification:_identify(src/roomie_ec) by extension 'ros'
[0.408s] DEBUG:colcon.colcon_core.package_identification:Package 'src/roomie_ec' with type 'ros.ament_python' and name 'roomie_ec'
[0.408s] Level 1:colcon.colcon_core.package_identification:_identify(src/roomie_gc) by extensions ['ignore', 'ignore_ament_install']
[0.408s] Level 1:colcon.colcon_core.package_identification:_identify(src/roomie_gc) by extension 'ignore'
[0.408s] Level 1:colcon.colcon_core.package_identification:_identify(src/roomie_gc) by extension 'ignore_ament_install'
[0.409s] Level 1:colcon.colcon_core.package_identification:_identify(src/roomie_gc) by extensions ['colcon_pkg']
[0.409s] Level 1:colcon.colcon_core.package_identification:_identify(src/roomie_gc) by extension 'colcon_pkg'
[0.409s] Level 1:colcon.colcon_core.package_identification:_identify(src/roomie_gc) by extensions ['colcon_meta']
[0.409s] Level 1:colcon.colcon_core.package_identification:_identify(src/roomie_gc) by extension 'colcon_meta'
[0.409s] Level 1:colcon.colcon_core.package_identification:_identify(src/roomie_gc) by extensions ['ros']
[0.409s] Level 1:colcon.colcon_core.package_identification:_identify(src/roomie_gc) by extension 'ros'
[0.411s] DEBUG:colcon.colcon_core.package_identification:Package 'src/roomie_gc' with type 'ros.ament_python' and name 'roomie_gc'
[0.411s] Level 1:colcon.colcon_core.package_identification:_identify(src/roomie_gui) by extensions ['ignore', 'ignore_ament_install']
[0.411s] Level 1:colcon.colcon_core.package_identification:_identify(src/roomie_gui) by extension 'ignore'
[0.411s] Level 1:colcon.colcon_core.package_identification:_identify(src/roomie_gui) by extension 'ignore_ament_install'
[0.411s] Level 1:colcon.colcon_core.package_identification:_identify(src/roomie_gui) by extensions ['colcon_pkg']
[0.411s] Level 1:colcon.colcon_core.package_identification:_identify(src/roomie_gui) by extension 'colcon_pkg'
[0.412s] Level 1:colcon.colcon_core.package_identification:_identify(src/roomie_gui) by extensions ['colcon_meta']
[0.412s] Level 1:colcon.colcon_core.package_identification:_identify(src/roomie_gui) by extension 'colcon_meta'
[0.412s] Level 1:colcon.colcon_core.package_identification:_identify(src/roomie_gui) by extensions ['ros']
[0.412s] Level 1:colcon.colcon_core.package_identification:_identify(src/roomie_gui) by extension 'ros'
[0.412s] DEBUG:colcon.colcon_core.package_identification:Package 'src/roomie_gui' with type 'ros.ament_python' and name 'roomie_gui'
[0.413s] Level 1:colcon.colcon_core.package_identification:_identify(src/roomie_msgs) by extensions ['ignore', 'ignore_ament_install']
[0.413s] Level 1:colcon.colcon_core.package_identification:_identify(src/roomie_msgs) by extension 'ignore'
[0.413s] Level 1:colcon.colcon_core.package_identification:_identify(src/roomie_msgs) by extension 'ignore_ament_install'
[0.413s] Level 1:colcon.colcon_core.package_identification:_identify(src/roomie_msgs) by extensions ['colcon_pkg']
[0.413s] Level 1:colcon.colcon_core.package_identification:_identify(src/roomie_msgs) by extension 'colcon_pkg'
[0.413s] Level 1:colcon.colcon_core.package_identification:_identify(src/roomie_msgs) by extensions ['colcon_meta']
[0.413s] Level 1:colcon.colcon_core.package_identification:_identify(src/roomie_msgs) by extension 'colcon_meta'
[0.413s] Level 1:colcon.colcon_core.package_identification:_identify(src/roomie_msgs) by extensions ['ros']
[0.413s] Level 1:colcon.colcon_core.package_identification:_identify(src/roomie_msgs) by extension 'ros'
[0.415s] DEBUG:colcon.colcon_core.package_identification:Package 'src/roomie_msgs' with type 'ros.ament_cmake' and name 'roomie_msgs'
[0.416s] Level 1:colcon.colcon_core.package_identification:_identify(src/roomie_rc) by extensions ['ignore', 'ignore_ament_install']
[0.416s] Level 1:colcon.colcon_core.package_identification:_identify(src/roomie_rc) by extension 'ignore'
[0.417s] Level 1:colcon.colcon_core.package_identification:_identify(src/roomie_rc) by extension 'ignore_ament_install'
[0.417s] Level 1:colcon.colcon_core.package_identification:_identify(src/roomie_rc) by extensions ['colcon_pkg']
[0.417s] Level 1:colcon.colcon_core.package_identification:_identify(src/roomie_rc) by extension 'colcon_pkg'
[0.417s] Level 1:colcon.colcon_core.package_identification:_identify(src/roomie_rc) by extensions ['colcon_meta']
[0.417s] Level 1:colcon.colcon_core.package_identification:_identify(src/roomie_rc) by extension 'colcon_meta'
[0.417s] Level 1:colcon.colcon_core.package_identification:_identify(src/roomie_rc) by extensions ['ros']
[0.417s] Level 1:colcon.colcon_core.package_identification:_identify(src/roomie_rc) by extension 'ros'
[0.419s] DEBUG:colcon.colcon_core.package_identification:Package 'src/roomie_rc' with type 'ros.ament_python' and name 'roomie_rc'
[0.420s] Level 1:colcon.colcon_core.package_identification:_identify(src/roomie_rc_test) by extensions ['ignore', 'ignore_ament_install']
[0.420s] Level 1:colcon.colcon_core.package_identification:_identify(src/roomie_rc_test) by extension 'ignore'
[0.421s] Level 1:colcon.colcon_core.package_identification:_identify(src/roomie_rc_test) by extension 'ignore_ament_install'
[0.421s] Level 1:colcon.colcon_core.package_identification:_identify(src/roomie_rc_test) by extensions ['colcon_pkg']
[0.421s] Level 1:colcon.colcon_core.package_identification:_identify(src/roomie_rc_test) by extension 'colcon_pkg'
[0.421s] Level 1:colcon.colcon_core.package_identification:_identify(src/roomie_rc_test) by extensions ['colcon_meta']
[0.421s] Level 1:colcon.colcon_core.package_identification:_identify(src/roomie_rc_test) by extension 'colcon_meta'
[0.421s] Level 1:colcon.colcon_core.package_identification:_identify(src/roomie_rc_test) by extensions ['ros']
[0.421s] Level 1:colcon.colcon_core.package_identification:_identify(src/roomie_rc_test) by extension 'ros'
[0.423s] DEBUG:colcon.colcon_core.package_identification:Package 'src/roomie_rc_test' with type 'ros.ament_python' and name 'roomie_rc_test'
[0.423s] Level 1:colcon.colcon_core.package_identification:_identify(src/roomie_safety_monitor) by extensions ['ignore', 'ignore_ament_install']
[0.423s] Level 1:colcon.colcon_core.package_identification:_identify(src/roomie_safety_monitor) by extension 'ignore'
[0.424s] Level 1:colcon.colcon_core.package_identification:_identify(src/roomie_safety_monitor) by extension 'ignore_ament_install'
[0.424s] Level 1:colcon.colcon_core.package_identification:_identify(src/roomie_safety_monitor) by extensions ['colcon_pkg']
[0.424s] Level 1:colcon.colcon_core.package_identification:_identify(src/roomie_safety_monitor) by extension 'colcon_pkg'
[0.424s] Level 1:colcon.colcon_core.package_identification:_identify(src/roomie_safety_monitor) by extensions ['colcon_meta']
[0.424s] Level 1:colcon.colcon_core.package_identification:_identify(src/roomie_safety_monitor) by extension 'colcon_meta'
[0.424s] Level 1:colcon.colcon_core.package_identification:_identify(src/roomie_safety_monitor) by extensions ['ros']
[0.424s] Level 1:colcon.colcon_core.package_identification:_identify(src/roomie_safety_monitor) by extension 'ros'
[0.425s] DEBUG:colcon.colcon_core.package_identification:Package 'src/roomie_safety_monitor' with type 'ros.ament_python' and name 'roomie_safety_monitor'
[0.425s] Level 1:colcon.colcon_core.package_identification:_identify(src/roomie_simple_navigator) by extensions ['ignore', 'ignore_ament_install']
[0.425s] Level 1:colcon.colcon_core.package_identification:_identify(src/roomie_simple_navigator) by extension 'ignore'
[0.425s] Level 1:colcon.colcon_core.package_identification:_identify(src/roomie_simple_navigator) by extension 'ignore_ament_install'
[0.425s] Level 1:colcon.colcon_core.package_identification:_identify(src/roomie_simple_navigator) by extensions ['colcon_pkg']
[0.425s] Level 1:colcon.colcon_core.package_identification:_identify(src/roomie_simple_navigator) by extension 'colcon_pkg'
[0.425s] Level 1:colcon.colcon_core.package_identification:_identify(src/roomie_simple_navigator) by extensions ['colcon_meta']
[0.425s] Level 1:colcon.colcon_core.package_identification:_identify(src/roomie_simple_navigator) by extension 'colcon_meta'
[0.426s] Level 1:colcon.colcon_core.package_identification:_identify(src/roomie_simple_navigator) by extensions ['ros']
[0.426s] Level 1:colcon.colcon_core.package_identification:_identify(src/roomie_simple_navigator) by extension 'ros'
[0.427s] DEBUG:colcon.colcon_core.package_identification:Package 'src/roomie_simple_navigator' with type 'ros.ament_python' and name 'roomie_simple_navigator'
[0.427s] Level 1:colcon.colcon_core.package_identification:_identify(src/roomie_static_obstacle) by extensions ['ignore', 'ignore_ament_install']
[0.428s] Level 1:colcon.colcon_core.package_identification:_identify(src/roomie_static_obstacle) by extension 'ignore'
[0.428s] Level 1:colcon.colcon_core.package_identification:_identify(src/roomie_static_obstacle) by extension 'ignore_ament_install'
[0.428s] Level 1:colcon.colcon_core.package_identification:_identify(src/roomie_static_obstacle) by extensions ['colcon_pkg']
[0.428s] Level 1:colcon.colcon_core.package_identification:_identify(src/roomie_static_obstacle) by extension 'colcon_pkg'
[0.428s] Level 1:colcon.colcon_core.package_identification:_identify(src/roomie_static_obstacle) by extensions ['colcon_meta']
[0.428s] Level 1:colcon.colcon_core.package_identification:_identify(src/roomie_static_obstacle) by extension 'colcon_meta'
[0.429s] Level 1:colcon.colcon_core.package_identification:_identify(src/roomie_static_obstacle) by extensions ['ros']
[0.429s] Level 1:colcon.colcon_core.package_identification:_identify(src/roomie_static_obstacle) by extension 'ros'
[0.430s] DEBUG:colcon.colcon_core.package_identification:Package 'src/roomie_static_obstacle' with type 'ros.ament_python' and name 'roomie_static_obstacle'
[0.430s] Level 1:colcon.colcon_core.package_discovery:discover_packages(recursive) using defaults
[0.431s] Level 1:colcon.colcon_core.package_discovery:discover_packages(ignore) discover
[0.431s] Level 1:colcon.colcon_core.package_discovery:discover_packages(ignore) using defaults
[0.431s] Level 1:colcon.colcon_core.package_discovery:discover_packages(path) discover
[0.431s] Level 1:colcon.colcon_core.package_discovery:discover_packages(path) using defaults
[0.475s] INFO:colcon.colcon_core.package_selection:Skipping not selected package 'roomie_ec' in 'src/roomie_ec'
[0.475s] INFO:colcon.colcon_core.package_selection:Skipping not selected package 'roomie_msgs' in 'src/roomie_msgs'
[0.475s] INFO:colcon.colcon_core.package_selection:Skipping not selected package 'roomie_simple_navigator' in 'src/roomie_simple_navigator'
[0.475s] INFO:colcon.colcon_core.package_selection:Skipping not selected package 'roomie_gui' in 'src/roomie_gui'
[0.475s] INFO:colcon.colcon_core.package_selection:Skipping not selected package 'roomie_rc' in 'src/roomie_rc'
[0.475s] INFO:colcon.colcon_core.package_selection:Skipping not selected package 'roomie_rc_test' in 'src/roomie_rc_test'
[0.475s] INFO:colcon.colcon_core.package_selection:Skipping not selected package 'roomie_safety_monitor' in 'src/roomie_safety_monitor'
[0.475s] INFO:colcon.colcon_core.package_selection:Skipping not selected package 'roomie_static_obstacle' in 'src/roomie_static_obstacle'
[0.477s] Level 1:colcon.colcon_core.package_discovery:discover_packages(prefix_path) check parameters
[0.477s] Level 1:colcon.colcon_core.package_discovery:discover_packages(prefix_path) discover
[0.481s] DEBUG:colcon.colcon_installed_package_information.package_discovery:Found 9 installed packages in /home/phj/Test_cursor/05_ros2_ws_0.5/install
[0.485s] DEBUG:colcon.colcon_installed_package_information.package_discovery:Found 413 installed packages in /opt/ros/jazzy
[0.487s] Level 1:colcon.colcon_core.package_discovery:discover_packages(prefix_path) using defaults
[0.595s] Level 5:colcon.colcon_core.verb:set package 'roomie_gc' build argument 'cmake_args' from command line to 'None'
[0.595s] Level 5:colcon.colcon_core.verb:set package 'roomie_gc' build argument 'cmake_target' from command line to 'None'
[0.595s] Level 5:colcon.colcon_core.verb:set package 'roomie_gc' build argument 'cmake_target_skip_unavailable' from command line to 'False'
[0.595s] Level 5:colcon.colcon_core.verb:set package 'roomie_gc' build argument 'cmake_clean_cache' from command line to 'False'
[0.595s] Level 5:colcon.colcon_core.verb:set package 'roomie_gc' build argument 'cmake_clean_first' from command line to 'False'
[0.595s] Level 5:colcon.colcon_core.verb:set package 'roomie_gc' build argument 'cmake_force_configure' from command line to 'False'
[0.595s] Level 5:colcon.colcon_core.verb:set package 'roomie_gc' build argument 'ament_cmake_args' from command line to 'None'
[0.595s] Level 5:colcon.colcon_core.verb:set package 'roomie_gc' build argument 'catkin_cmake_args' from command line to 'None'
[0.595s] Level 5:colcon.colcon_core.verb:set package 'roomie_gc' build argument 'catkin_skip_building_tests' from command line to 'False'
[0.595s] DEBUG:colcon.colcon_core.verb:Building package 'roomie_gc' with the following arguments: {'ament_cmake_args': None, 'build_base': '/home/phj/Test_cursor/05_ros2_ws_0.5/build/roomie_gc', 'catkin_cmake_args': None, 'catkin_skip_building_tests': False, 'cmake_args': None, 'cmake_clean_cache': False, 'cmake_clean_first': False, 'cmake_force_configure': False, 'cmake_target': None, 'cmake_target_skip_unavailable': False, 'install_base': '/home/phj/Test_cursor/05_ros2_ws_0.5/install/roomie_gc', 'merge_install': False, 'path': '/home/phj/Test_cursor/05_ros2_ws_0.5/src/roomie_gc', 'symlink_install': False, 'test_result_base': None}
[0.595s] INFO:colcon.colcon_core.executor:Executing jobs using 'parallel' executor
[0.596s] DEBUG:colcon.colcon_parallel_executor.executor.parallel:run_until_complete
[0.598s] INFO:colcon.colcon_ros.task.ament_python.build:Building ROS package in '/home/phj/Test_cursor/05_ros2_ws_0.5/src/roomie_gc' with build type 'ament_python'
[0.598s] Level 1:colcon.colcon_core.shell:create_environment_hook('roomie_gc', 'ament_prefix_path')
[0.605s] INFO:colcon.colcon_core.plugin_system:Skipping extension 'colcon_core.shell.bat': Not used on non-Windows systems
[0.606s] INFO:colcon.colcon_core.shell:Creating environment hook '/home/phj/Test_cursor/05_ros2_ws_0.5/install/roomie_gc/share/roomie_gc/hook/ament_prefix_path.ps1'
[0.607s] INFO:colcon.colcon_core.shell:Creating environment descriptor '/home/phj/Test_cursor/05_ros2_ws_0.5/install/roomie_gc/share/roomie_gc/hook/ament_prefix_path.dsv'
[0.608s] INFO:colcon.colcon_core.shell:Creating environment hook '/home/phj/Test_cursor/05_ros2_ws_0.5/install/roomie_gc/share/roomie_gc/hook/ament_prefix_path.sh'
[0.612s] INFO:colcon.colcon_core.shell:Skip shell extension 'powershell' for command environment: Not usable outside of PowerShell
[0.612s] DEBUG:colcon.colcon_core.shell:Skip shell extension 'dsv' for command environment
[1.283s] INFO:colcon.colcon_core.task.python.build:Building Python package in '/home/phj/Test_cursor/05_ros2_ws_0.5/src/roomie_gc'
[1.283s] INFO:colcon.colcon_core.shell:Skip shell extension 'powershell' for command environment: Not usable outside of PowerShell
[1.283s] DEBUG:colcon.colcon_core.shell:Skip shell extension 'dsv' for command environment
[2.808s] DEBUG:colcon.colcon_core.event_handler.log_command:Invoking command in '/home/phj/Test_cursor/05_ros2_ws_0.5/src/roomie_gc': AMENT_PREFIX_PATH=/home/phj/Test_cursor/05_ros2_ws_0.5/install/roomie_rc:/home/phj/Test_cursor/05_ros2_ws_0.5/install/roomie_static_obstacle:/home/phj/Test_cursor/05_ros2_ws_0.5/install/roomie_simple_navigator:/home/phj/Test_cursor/05_ros2_ws_0.5/install/roomie_safety_monitor:/home/phj/Test_cursor/05_ros2_ws_0.5/install/roomie_rc_test:/home/phj/Test_cursor/05_ros2_ws_0.5/install/roomie_gc:/home/phj/Test_cursor/05_ros2_ws_0.5/install/roomie_gui:/home/phj/Test_cursor/05_ros2_ws_0.5/install/roomie_msgs:/home/phj/Test_cursor/05_ros2_ws_0.5/install/roomie_ec:/opt/ros/jazzy DEBUGINFOD_URLS=https://debuginfod.ubuntu.com PS1=(ros_venv) \[\e[1;34m\](ID: ${ROS_DOMAIN_ID:-0})\[\e[1;32m\]\u\[\e[0m\]:\[\e[1;34m\]\w\[\e[0m\]$ PYTHONPATH=/home/phj/Test_cursor/05_ros2_ws_0.5/build/roomie_gc/prefix_override:/usr/lib/python3/dist-packages/colcon_core/task/python/colcon_distutils_commands:/home/phj/Test_cursor/05_ros2_ws_0.5/install/roomie_gc/lib/python3.12/site-packages:/home/phj/Test_cursor/05_ros2_ws_0.5/install/roomie_rc/lib/python3.12/site-packages:/home/phj/Test_cursor/05_ros2_ws_0.5/install/roomie_msgs/lib/python3.12/site-packages:/home/phj/Test_cursor/05_ros2_ws_0.5/install/roomie_static_obstacle/lib/python3.12/site-packages:/home/phj/Test_cursor/05_ros2_ws_0.5/install/roomie_simple_navigator/lib/python3.12/site-packages:/home/phj/Test_cursor/05_ros2_ws_0.5/install/roomie_safety_monitor/lib/python3.12/site-packages:/home/phj/Test_cursor/05_ros2_ws_0.5/install/roomie_rc_test/lib/python3.12/site-packages:/home/phj/Test_cursor/05_ros2_ws_0.5/install/roomie_gc/lib/python3.12/site-packages:/home/phj/Test_cursor/05_ros2_ws_0.5/install/roomie_gui/lib/python3.12/site-packages:/home/phj/Test_cursor/05_ros2_ws_0.5/install/roomie_ec/lib/python3.12/site-packages:/opt/ros/jazzy/lib/python3.12/site-packages VIRTUAL_ENV_PROMPT=(ros_venv) /usr/bin/python3 -W ignore:setup.py install is deprecated -W ignore:easy_install command is deprecated setup.py egg_info --egg-base ../../build/roomie_gc build --build-base /home/phj/Test_cursor/05_ros2_ws_0.5/build/roomie_gc/build install --record /home/phj/Test_cursor/05_ros2_ws_0.5/build/roomie_gc/install.log --single-version-externally-managed install_data
[4.192s] DEBUG:colcon.colcon_core.event_handler.log_command:Invoked command in '/home/phj/Test_cursor/05_ros2_ws_0.5/src/roomie_gc' returned '0': AMENT_PREFIX_PATH=/home/phj/Test_cursor/05_ros2_ws_0.5/install/roomie_rc:/home/phj/Test_cursor/05_ros2_ws_0.5/install/roomie_static_obstacle:/home/phj/Test_cursor/05_ros2_ws_0.5/install/roomie_simple_navigator:/home/phj/Test_cursor/05_ros2_ws_0.5/install/roomie_safety_monitor:/home/phj/Test_cursor/05_ros2_ws_0.5/install/roomie_rc_test:/home/phj/Test_cursor/05_ros2_ws_0.5/install/roomie_gc:/home/phj/Test_cursor/05_ros2_ws_0.5/install/roomie_gui:/home/phj/Test_cursor/05_ros2_ws_0.5/install/roomie_msgs:/home/phj/Test_cursor/05_ros2_ws_0.5/install/roomie_ec:/opt/ros/jazzy DEBUGINFOD_URLS=https://debuginfod.ubuntu.com PS1=(ros_venv) \[\e[1;34m\](ID: ${ROS_DOMAIN_ID:-0})\[\e[1;32m\]\u\[\e[0m\]:\[\e[1;34m\]\w\[\e[0m\]$ PYTHONPATH=/home/phj/Test_cursor/05_ros2_ws_0.5/build/roomie_gc/prefix_override:/usr/lib/python3/dist-packages/colcon_core/task/python/colcon_distutils_commands:/home/phj/Test_cursor/05_ros2_ws_0.5/install/roomie_gc/lib/python3.12/site-packages:/home/phj/Test_cursor/05_ros2_ws_0.5/install/roomie_rc/lib/python3.12/site-packages:/home/phj/Test_cursor/05_ros2_ws_0.5/install/roomie_msgs/lib/python3.12/site-packages:/home/phj/Test_cursor/05_ros2_ws_0.5/install/roomie_static_obstacle/lib/python3.12/site-packages:/home/phj/Test_cursor/05_ros2_ws_0.5/install/roomie_simple_navigator/lib/python3.12/site-packages:/home/phj/Test_cursor/05_ros2_ws_0.5/install/roomie_safety_monitor/lib/python3.12/site-packages:/home/phj/Test_cursor/05_ros2_ws_0.5/install/roomie_rc_test/lib/python3.12/site-packages:/home/phj/Test_cursor/05_ros2_ws_0.5/install/roomie_gc/lib/python3.12/site-packages:/home/phj/Test_cursor/05_ros2_ws_0.5/install/roomie_gui/lib/python3.12/site-packages:/home/phj/Test_cursor/05_ros2_ws_0.5/install/roomie_ec/lib/python3.12/site-packages:/opt/ros/jazzy/lib/python3.12/site-packages VIRTUAL_ENV_PROMPT=(ros_venv) /usr/bin/python3 -W ignore:setup.py install is deprecated -W ignore:easy_install command is deprecated setup.py egg_info --egg-base ../../build/roomie_gc build --build-base /home/phj/Test_cursor/05_ros2_ws_0.5/build/roomie_gc/build install --record /home/phj/Test_cursor/05_ros2_ws_0.5/build/roomie_gc/install.log --single-version-externally-managed install_data
[4.197s] Level 1:colcon.colcon_core.environment:checking '/home/phj/Test_cursor/05_ros2_ws_0.5/install/roomie_gc' for CMake module files
[4.198s] Level 1:colcon.colcon_core.environment:checking '/home/phj/Test_cursor/05_ros2_ws_0.5/install/roomie_gc' for CMake config files
[4.200s] Level 1:colcon.colcon_core.environment:checking '/home/phj/Test_cursor/05_ros2_ws_0.5/install/roomie_gc/lib'
[4.200s] Level 1:colcon.colcon_core.environment:checking '/home/phj/Test_cursor/05_ros2_ws_0.5/install/roomie_gc/bin'
[4.200s] Level 1:colcon.colcon_core.shell:create_environment_hook('roomie_gc', 'path')
[4.201s] INFO:colcon.colcon_core.shell:Creating environment hook '/home/phj/Test_cursor/05_ros2_ws_0.5/install/roomie_gc/share/roomie_gc/hook/path.ps1'
[4.202s] INFO:colcon.colcon_core.shell:Creating environment descriptor '/home/phj/Test_cursor/05_ros2_ws_0.5/install/roomie_gc/share/roomie_gc/hook/path.dsv'
[4.202s] INFO:colcon.colcon_core.shell:Creating environment hook '/home/phj/Test_cursor/05_ros2_ws_0.5/install/roomie_gc/share/roomie_gc/hook/path.sh'
[4.202s] Level 1:colcon.colcon_core.environment:checking '/home/phj/Test_cursor/05_ros2_ws_0.5/install/roomie_gc/lib/pkgconfig/roomie_gc.pc'
[4.203s] Level 1:colcon.colcon_core.environment:checking '/home/phj/Test_cursor/05_ros2_ws_0.5/install/roomie_gc/lib/python3.12/site-packages'
[4.203s] Level 1:colcon.colcon_core.shell:create_environment_hook('roomie_gc', 'pythonpath')
[4.203s] INFO:colcon.colcon_core.shell:Creating environment hook '/home/phj/Test_cursor/05_ros2_ws_0.5/install/roomie_gc/share/roomie_gc/hook/pythonpath.ps1'
[4.204s] INFO:colcon.colcon_core.shell:Creating environment descriptor '/home/phj/Test_cursor/05_ros2_ws_0.5/install/roomie_gc/share/roomie_gc/hook/pythonpath.dsv'
[4.205s] INFO:colcon.colcon_core.shell:Creating environment hook '/home/phj/Test_cursor/05_ros2_ws_0.5/install/roomie_gc/share/roomie_gc/hook/pythonpath.sh'
[4.206s] Level 1:colcon.colcon_core.environment:checking '/home/phj/Test_cursor/05_ros2_ws_0.5/install/roomie_gc/bin'
[4.207s] Level 1:colcon.colcon_core.shell:create_environment_hook('roomie_gc', 'pythonscriptspath')
[4.208s] INFO:colcon.colcon_core.shell:Creating environment hook '/home/phj/Test_cursor/05_ros2_ws_0.5/install/roomie_gc/share/roomie_gc/hook/pythonscriptspath.ps1'
[4.209s] INFO:colcon.colcon_core.shell:Creating environment descriptor '/home/phj/Test_cursor/05_ros2_ws_0.5/install/roomie_gc/share/roomie_gc/hook/pythonscriptspath.dsv'
[4.210s] INFO:colcon.colcon_core.shell:Creating environment hook '/home/phj/Test_cursor/05_ros2_ws_0.5/install/roomie_gc/share/roomie_gc/hook/pythonscriptspath.sh'
[4.211s] Level 1:colcon.colcon_core.environment:create_environment_scripts_only(roomie_gc)
[4.211s] INFO:colcon.colcon_core.shell:Creating package script '/home/phj/Test_cursor/05_ros2_ws_0.5/install/roomie_gc/share/roomie_gc/package.ps1'
[4.212s] INFO:colcon.colcon_core.shell:Creating package descriptor '/home/phj/Test_cursor/05_ros2_ws_0.5/install/roomie_gc/share/roomie_gc/package.dsv'
[4.213s] INFO:colcon.colcon_core.shell:Creating package script '/home/phj/Test_cursor/05_ros2_ws_0.5/install/roomie_gc/share/roomie_gc/package.sh'
[4.214s] INFO:colcon.colcon_core.shell:Creating package script '/home/phj/Test_cursor/05_ros2_ws_0.5/install/roomie_gc/share/roomie_gc/package.bash'
[4.217s] INFO:colcon.colcon_core.shell:Creating package script '/home/phj/Test_cursor/05_ros2_ws_0.5/install/roomie_gc/share/roomie_gc/package.zsh'
[4.219s] Level 1:colcon.colcon_core.environment:create_file_with_runtime_dependencies(/home/phj/Test_cursor/05_ros2_ws_0.5/install/roomie_gc/share/colcon-core/packages/roomie_gc)
[4.220s] DEBUG:colcon.colcon_parallel_executor.executor.parallel:closing loop
[4.221s] DEBUG:colcon.colcon_parallel_executor.executor.parallel:loop closed
[4.222s] DEBUG:colcon.colcon_parallel_executor.executor.parallel:run_until_complete finished with '0'
[4.222s] DEBUG:colcon.colcon_core.event_reactor:joining thread
[4.284s] INFO:colcon.colcon_core.plugin_system:Skipping extension 'colcon_notification.desktop_notification.terminal_notifier': Not used on non-Darwin systems
[4.284s] INFO:colcon.colcon_core.plugin_system:Skipping extension 'colcon_notification.desktop_notification.win32': Not used on non-Windows systems
[4.284s] INFO:colcon.colcon_notification.desktop_notification:Sending desktop notification using 'notify2'
[4.312s] DEBUG:colcon.colcon_core.event_reactor:joined thread
[4.312s] INFO:colcon.colcon_core.shell:Creating prefix script '/home/phj/Test_cursor/05_ros2_ws_0.5/install/local_setup.ps1'
[4.314s] INFO:colcon.colcon_core.shell:Creating prefix util module '/home/phj/Test_cursor/05_ros2_ws_0.5/install/_local_setup_util_ps1.py'
[4.317s] INFO:colcon.colcon_core.shell:Creating prefix chain script '/home/phj/Test_cursor/05_ros2_ws_0.5/install/setup.ps1'
[4.321s] INFO:colcon.colcon_core.shell:Creating prefix script '/home/phj/Test_cursor/05_ros2_ws_0.5/install/local_setup.sh'
[4.323s] INFO:colcon.colcon_core.shell:Creating prefix util module '/home/phj/Test_cursor/05_ros2_ws_0.5/install/_local_setup_util_sh.py'
[4.326s] INFO:colcon.colcon_core.shell:Creating prefix chain script '/home/phj/Test_cursor/05_ros2_ws_0.5/install/setup.sh'
[4.329s] INFO:colcon.colcon_core.shell:Creating prefix script '/home/phj/Test_cursor/05_ros2_ws_0.5/install/local_setup.bash'
[4.331s] INFO:colcon.colcon_core.shell:Creating prefix chain script '/home/phj/Test_cursor/05_ros2_ws_0.5/install/setup.bash'
[4.332s] INFO:colcon.colcon_core.shell:Creating prefix script '/home/phj/Test_cursor/05_ros2_ws_0.5/install/local_setup.zsh'
[4.335s] INFO:colcon.colcon_core.shell:Creating prefix chain script '/home/phj/Test_cursor/05_ros2_ws_0.5/install/setup.zsh'
