running egg_info
creating ../../build/roomie_simple_navigator/roomie_simple_navigator.egg-info
writing ../../build/roomie_simple_navigator/roomie_simple_navigator.egg-info/PKG-INFO
writing dependency_links to ../../build/roomie_simple_navigator/roomie_simple_navigator.egg-info/dependency_links.txt
writing entry points to ../../build/roomie_simple_navigator/roomie_simple_navigator.egg-info/entry_points.txt
writing requirements to ../../build/roomie_simple_navigator/roomie_simple_navigator.egg-info/requires.txt
writing top-level names to ../../build/roomie_simple_navigator/roomie_simple_navigator.egg-info/top_level.txt
writing manifest file '../../build/roomie_simple_navigator/roomie_simple_navigator.egg-info/SOURCES.txt'
reading manifest file '../../build/roomie_simple_navigator/roomie_simple_navigator.egg-info/SOURCES.txt'
writing manifest file '../../build/roomie_simple_navigator/roomie_simple_navigator.egg-info/SOURCES.txt'
running build
running build_py
creating /home/phj/Test_cursor/05_ros2_ws_0.5/build/roomie_simple_navigator/build
creating /home/phj/Test_cursor/05_ros2_ws_0.5/build/roomie_simple_navigator/build/lib
creating /home/phj/Test_cursor/05_ros2_ws_0.5/build/roomie_simple_navigator/build/lib/roomie_simple_navigator
copying roomie_simple_navigator/__init__.py -> /home/phj/Test_cursor/05_ros2_ws_0.5/build/roomie_simple_navigator/build/lib/roomie_simple_navigator
copying roomie_simple_navigator/simple_navigator2.py -> /home/phj/Test_cursor/05_ros2_ws_0.5/build/roomie_simple_navigator/build/lib/roomie_simple_navigator
copying roomie_simple_navigator/simple_navigator.py -> /home/phj/Test_cursor/05_ros2_ws_0.5/build/roomie_simple_navigator/build/lib/roomie_simple_navigator
running install
running install_lib
creating /home/phj/Test_cursor/05_ros2_ws_0.5/install/roomie_simple_navigator/lib/python3.12/site-packages/roomie_simple_navigator
copying /home/phj/Test_cursor/05_ros2_ws_0.5/build/roomie_simple_navigator/build/lib/roomie_simple_navigator/__init__.py -> /home/phj/Test_cursor/05_ros2_ws_0.5/install/roomie_simple_navigator/lib/python3.12/site-packages/roomie_simple_navigator
copying /home/phj/Test_cursor/05_ros2_ws_0.5/build/roomie_simple_navigator/build/lib/roomie_simple_navigator/simple_navigator2.py -> /home/phj/Test_cursor/05_ros2_ws_0.5/install/roomie_simple_navigator/lib/python3.12/site-packages/roomie_simple_navigator
copying /home/phj/Test_cursor/05_ros2_ws_0.5/build/roomie_simple_navigator/build/lib/roomie_simple_navigator/simple_navigator.py -> /home/phj/Test_cursor/05_ros2_ws_0.5/install/roomie_simple_navigator/lib/python3.12/site-packages/roomie_simple_navigator
byte-compiling /home/phj/Test_cursor/05_ros2_ws_0.5/install/roomie_simple_navigator/lib/python3.12/site-packages/roomie_simple_navigator/__init__.py to __init__.cpython-312.pyc
byte-compiling /home/phj/Test_cursor/05_ros2_ws_0.5/install/roomie_simple_navigator/lib/python3.12/site-packages/roomie_simple_navigator/simple_navigator2.py to simple_navigator2.cpython-312.pyc
byte-compiling /home/phj/Test_cursor/05_ros2_ws_0.5/install/roomie_simple_navigator/lib/python3.12/site-packages/roomie_simple_navigator/simple_navigator.py to simple_navigator.cpython-312.pyc
running install_data
creating /home/phj/Test_cursor/05_ros2_ws_0.5/install/roomie_simple_navigator/share/ament_index
creating /home/phj/Test_cursor/05_ros2_ws_0.5/install/roomie_simple_navigator/share/ament_index/resource_index
creating /home/phj/Test_cursor/05_ros2_ws_0.5/install/roomie_simple_navigator/share/ament_index/resource_index/packages
copying resource/roomie_simple_navigator -> /home/phj/Test_cursor/05_ros2_ws_0.5/install/roomie_simple_navigator/share/ament_index/resource_index/packages
copying package.xml -> /home/phj/Test_cursor/05_ros2_ws_0.5/install/roomie_simple_navigator/share/roomie_simple_navigator
creating /home/phj/Test_cursor/05_ros2_ws_0.5/install/roomie_simple_navigator/share/roomie_simple_navigator/launch
copying launch/simple_drive.launch.xml -> /home/phj/Test_cursor/05_ros2_ws_0.5/install/roomie_simple_navigator/share/roomie_simple_navigator/launch
copying launch/simple_drive_reverse.launch.xml -> /home/phj/Test_cursor/05_ros2_ws_0.5/install/roomie_simple_navigator/share/roomie_simple_navigator/launch
running install_egg_info
Copying ../../build/roomie_simple_navigator/roomie_simple_navigator.egg-info to /home/phj/Test_cursor/05_ros2_ws_0.5/install/roomie_simple_navigator/lib/python3.12/site-packages/roomie_simple_navigator-0.0.0-py3.12.egg-info
running install_scripts
Installing simple_navigator script to /home/phj/Test_cursor/05_ros2_ws_0.5/install/roomie_simple_navigator/lib/roomie_simple_navigator
Installing simple_navigator2 script to /home/phj/Test_cursor/05_ros2_ws_0.5/install/roomie_simple_navigator/lib/roomie_simple_navigator
writing list of installed files to '/home/phj/Test_cursor/05_ros2_ws_0.5/build/roomie_simple_navigator/install.log'
