[1.092s] Invoking command in '/home/phj/Test_cursor/05_ros2_ws_0.5/src/roomie_simple_navigator': DEBUGINFOD_URLS=https://debuginfod.ubuntu.com PS1=(ros_venv) \[\e[1;34m\](ID: ${ROS_DOMAIN_ID:-0})\[\e[1;32m\]\u\[\e[0m\]:\[\e[1;34m\]\w\[\e[0m\]$ PYTHONPATH=/home/phj/Test_cursor/05_ros2_ws_0.5/build/roomie_simple_navigator/prefix_override:/usr/lib/python3/dist-packages/colcon_core/task/python/colcon_distutils_commands:/home/phj/Test_cursor/05_ros2_ws_0.5/install/roomie_simple_navigator/lib/python3.12/site-packages:${PYTHONPATH} VIRTUAL_ENV_PROMPT=(ros_venv) /usr/bin/python3 -W ignore:setup.py install is deprecated -W ignore:easy_install command is deprecated setup.py egg_info --egg-base ../../build/roomie_simple_navigator build --build-base /home/phj/Test_cursor/05_ros2_ws_0.5/build/roomie_simple_navigator/build install --record /home/phj/Test_cursor/05_ros2_ws_0.5/build/roomie_simple_navigator/install.log --single-version-externally-managed install_data
[1.413s] running egg_info
[1.413s] creating ../../build/roomie_simple_navigator/roomie_simple_navigator.egg-info
[1.435s] writing ../../build/roomie_simple_navigator/roomie_simple_navigator.egg-info/PKG-INFO
[1.435s] writing dependency_links to ../../build/roomie_simple_navigator/roomie_simple_navigator.egg-info/dependency_links.txt
[1.435s] writing entry points to ../../build/roomie_simple_navigator/roomie_simple_navigator.egg-info/entry_points.txt
[1.436s] writing requirements to ../../build/roomie_simple_navigator/roomie_simple_navigator.egg-info/requires.txt
[1.436s] writing top-level names to ../../build/roomie_simple_navigator/roomie_simple_navigator.egg-info/top_level.txt
[1.436s] writing manifest file '../../build/roomie_simple_navigator/roomie_simple_navigator.egg-info/SOURCES.txt'
[1.481s] reading manifest file '../../build/roomie_simple_navigator/roomie_simple_navigator.egg-info/SOURCES.txt'
[1.481s] writing manifest file '../../build/roomie_simple_navigator/roomie_simple_navigator.egg-info/SOURCES.txt'
[1.481s] running build
[1.481s] running build_py
[1.482s] creating /home/phj/Test_cursor/05_ros2_ws_0.5/build/roomie_simple_navigator/build
[1.482s] creating /home/phj/Test_cursor/05_ros2_ws_0.5/build/roomie_simple_navigator/build/lib
[1.482s] creating /home/phj/Test_cursor/05_ros2_ws_0.5/build/roomie_simple_navigator/build/lib/roomie_simple_navigator
[1.482s] copying roomie_simple_navigator/__init__.py -> /home/phj/Test_cursor/05_ros2_ws_0.5/build/roomie_simple_navigator/build/lib/roomie_simple_navigator
[1.482s] copying roomie_simple_navigator/simple_navigator2.py -> /home/phj/Test_cursor/05_ros2_ws_0.5/build/roomie_simple_navigator/build/lib/roomie_simple_navigator
[1.482s] copying roomie_simple_navigator/simple_navigator.py -> /home/phj/Test_cursor/05_ros2_ws_0.5/build/roomie_simple_navigator/build/lib/roomie_simple_navigator
[1.482s] running install
[1.487s] running install_lib
[1.511s] creating /home/phj/Test_cursor/05_ros2_ws_0.5/install/roomie_simple_navigator/lib/python3.12/site-packages/roomie_simple_navigator
[1.511s] copying /home/phj/Test_cursor/05_ros2_ws_0.5/build/roomie_simple_navigator/build/lib/roomie_simple_navigator/__init__.py -> /home/phj/Test_cursor/05_ros2_ws_0.5/install/roomie_simple_navigator/lib/python3.12/site-packages/roomie_simple_navigator
[1.511s] copying /home/phj/Test_cursor/05_ros2_ws_0.5/build/roomie_simple_navigator/build/lib/roomie_simple_navigator/simple_navigator2.py -> /home/phj/Test_cursor/05_ros2_ws_0.5/install/roomie_simple_navigator/lib/python3.12/site-packages/roomie_simple_navigator
[1.511s] copying /home/phj/Test_cursor/05_ros2_ws_0.5/build/roomie_simple_navigator/build/lib/roomie_simple_navigator/simple_navigator.py -> /home/phj/Test_cursor/05_ros2_ws_0.5/install/roomie_simple_navigator/lib/python3.12/site-packages/roomie_simple_navigator
[1.511s] byte-compiling /home/phj/Test_cursor/05_ros2_ws_0.5/install/roomie_simple_navigator/lib/python3.12/site-packages/roomie_simple_navigator/__init__.py to __init__.cpython-312.pyc
[1.511s] byte-compiling /home/phj/Test_cursor/05_ros2_ws_0.5/install/roomie_simple_navigator/lib/python3.12/site-packages/roomie_simple_navigator/simple_navigator2.py to simple_navigator2.cpython-312.pyc
[1.513s] byte-compiling /home/phj/Test_cursor/05_ros2_ws_0.5/install/roomie_simple_navigator/lib/python3.12/site-packages/roomie_simple_navigator/simple_navigator.py to simple_navigator.cpython-312.pyc
[1.514s] running install_data
[1.514s] creating /home/phj/Test_cursor/05_ros2_ws_0.5/install/roomie_simple_navigator/share/ament_index
[1.514s] creating /home/phj/Test_cursor/05_ros2_ws_0.5/install/roomie_simple_navigator/share/ament_index/resource_index
[1.514s] creating /home/phj/Test_cursor/05_ros2_ws_0.5/install/roomie_simple_navigator/share/ament_index/resource_index/packages
[1.514s] copying resource/roomie_simple_navigator -> /home/phj/Test_cursor/05_ros2_ws_0.5/install/roomie_simple_navigator/share/ament_index/resource_index/packages
[1.515s] copying package.xml -> /home/phj/Test_cursor/05_ros2_ws_0.5/install/roomie_simple_navigator/share/roomie_simple_navigator
[1.515s] creating /home/phj/Test_cursor/05_ros2_ws_0.5/install/roomie_simple_navigator/share/roomie_simple_navigator/launch
[1.515s] copying launch/simple_drive.launch.xml -> /home/phj/Test_cursor/05_ros2_ws_0.5/install/roomie_simple_navigator/share/roomie_simple_navigator/launch
[1.515s] copying launch/simple_drive_reverse.launch.xml -> /home/phj/Test_cursor/05_ros2_ws_0.5/install/roomie_simple_navigator/share/roomie_simple_navigator/launch
[1.515s] running install_egg_info
[1.539s] Copying ../../build/roomie_simple_navigator/roomie_simple_navigator.egg-info to /home/phj/Test_cursor/05_ros2_ws_0.5/install/roomie_simple_navigator/lib/python3.12/site-packages/roomie_simple_navigator-0.0.0-py3.12.egg-info
[1.540s] running install_scripts
[1.673s] Installing simple_navigator script to /home/phj/Test_cursor/05_ros2_ws_0.5/install/roomie_simple_navigator/lib/roomie_simple_navigator
[1.673s] Installing simple_navigator2 script to /home/phj/Test_cursor/05_ros2_ws_0.5/install/roomie_simple_navigator/lib/roomie_simple_navigator
[1.673s] writing list of installed files to '/home/phj/Test_cursor/05_ros2_ws_0.5/build/roomie_simple_navigator/install.log'
[1.697s] Invoked command in '/home/phj/Test_cursor/05_ros2_ws_0.5/src/roomie_simple_navigator' returned '0': DEBUGINFOD_URLS=https://debuginfod.ubuntu.com PS1=(ros_venv) \[\e[1;34m\](ID: ${ROS_DOMAIN_ID:-0})\[\e[1;32m\]\u\[\e[0m\]:\[\e[1;34m\]\w\[\e[0m\]$ PYTHONPATH=/home/phj/Test_cursor/05_ros2_ws_0.5/build/roomie_simple_navigator/prefix_override:/usr/lib/python3/dist-packages/colcon_core/task/python/colcon_distutils_commands:/home/phj/Test_cursor/05_ros2_ws_0.5/install/roomie_simple_navigator/lib/python3.12/site-packages:${PYTHONPATH} VIRTUAL_ENV_PROMPT=(ros_venv) /usr/bin/python3 -W ignore:setup.py install is deprecated -W ignore:easy_install command is deprecated setup.py egg_info --egg-base ../../build/roomie_simple_navigator build --build-base /home/phj/Test_cursor/05_ros2_ws_0.5/build/roomie_simple_navigator/build install --record /home/phj/Test_cursor/05_ros2_ws_0.5/build/roomie_simple_navigator/install.log --single-version-externally-managed install_data
