[3.408s] Invoking command in '/home/phj/Test_cursor/05_ros2_ws_0.5/src/roomie_ec': DEBUGINFOD_URLS=https://debuginfod.ubuntu.com PS1=(ros_venv) \[\e[1;34m\](ID: ${ROS_DOMAIN_ID:-0})\[\e[1;32m\]\u\[\e[0m\]:\[\e[1;34m\]\w\[\e[0m\]$ PYTHONPATH=/home/phj/Test_cursor/05_ros2_ws_0.5/build/roomie_ec/prefix_override:/usr/lib/python3/dist-packages/colcon_core/task/python/colcon_distutils_commands:/home/phj/Test_cursor/05_ros2_ws_0.5/install/roomie_ec/lib/python3.12/site-packages:${PYTHONPATH} VIRTUAL_ENV_PROMPT=(ros_venv) /usr/bin/python3 -W ignore:setup.py install is deprecated -W ignore:easy_install command is deprecated setup.py egg_info --egg-base ../../build/roomie_ec build --build-base /home/phj/Test_cursor/05_ros2_ws_0.5/build/roomie_ec/build install --record /home/phj/Test_cursor/05_ros2_ws_0.5/build/roomie_ec/install.log --single-version-externally-managed install_data
[4.424s] running egg_info
[4.518s] writing ../../build/roomie_ec/roomie_ec.egg-info/PKG-INFO
[4.519s] writing dependency_links to ../../build/roomie_ec/roomie_ec.egg-info/dependency_links.txt
[4.520s] writing entry points to ../../build/roomie_ec/roomie_ec.egg-info/entry_points.txt
[4.520s] writing requirements to ../../build/roomie_ec/roomie_ec.egg-info/requires.txt
[4.521s] writing top-level names to ../../build/roomie_ec/roomie_ec.egg-info/top_level.txt
[4.690s] reading manifest file '../../build/roomie_ec/roomie_ec.egg-info/SOURCES.txt'
[4.692s] writing manifest file '../../build/roomie_ec/roomie_ec.egg-info/SOURCES.txt'
[4.692s] running build
[4.693s] running build_py
[4.695s] running install
[4.713s] running install_lib
[4.802s] running install_data
[4.803s] running install_egg_info
[4.887s] removing '/home/phj/Test_cursor/05_ros2_ws_0.5/install/roomie_ec/lib/python3.12/site-packages/roomie_ec-0.0.0-py3.12.egg-info' (and everything under it)
[4.887s] Copying ../../build/roomie_ec/roomie_ec.egg-info to /home/phj/Test_cursor/05_ros2_ws_0.5/install/roomie_ec/lib/python3.12/site-packages/roomie_ec-0.0.0-py3.12.egg-info
[4.889s] running install_scripts
[5.354s] Installing button_controller script to /home/phj/Test_cursor/05_ros2_ws_0.5/install/roomie_ec/lib/roomie_ec
[5.354s] Installing button_detector script to /home/phj/Test_cursor/05_ros2_ws_0.5/install/roomie_ec/lib/roomie_ec
[5.354s] Installing roomie_ec_node script to /home/phj/Test_cursor/05_ros2_ws_0.5/install/roomie_ec/lib/roomie_ec
[5.355s] Installing test_communication_node script to /home/phj/Test_cursor/05_ros2_ws_0.5/install/roomie_ec/lib/roomie_ec
[5.355s] Installing topic_monitor_node script to /home/phj/Test_cursor/05_ros2_ws_0.5/install/roomie_ec/lib/roomie_ec
[5.356s] writing list of installed files to '/home/phj/Test_cursor/05_ros2_ws_0.5/build/roomie_ec/install.log'
[5.432s] Invoked command in '/home/phj/Test_cursor/05_ros2_ws_0.5/src/roomie_ec' returned '0': DEBUGINFOD_URLS=https://debuginfod.ubuntu.com PS1=(ros_venv) \[\e[1;34m\](ID: ${ROS_DOMAIN_ID:-0})\[\e[1;32m\]\u\[\e[0m\]:\[\e[1;34m\]\w\[\e[0m\]$ PYTHONPATH=/home/phj/Test_cursor/05_ros2_ws_0.5/build/roomie_ec/prefix_override:/usr/lib/python3/dist-packages/colcon_core/task/python/colcon_distutils_commands:/home/phj/Test_cursor/05_ros2_ws_0.5/install/roomie_ec/lib/python3.12/site-packages:${PYTHONPATH} VIRTUAL_ENV_PROMPT=(ros_venv) /usr/bin/python3 -W ignore:setup.py install is deprecated -W ignore:easy_install command is deprecated setup.py egg_info --egg-base ../../build/roomie_ec build --build-base /home/phj/Test_cursor/05_ros2_ws_0.5/build/roomie_ec/build install --record /home/phj/Test_cursor/05_ros2_ws_0.5/build/roomie_ec/install.log --single-version-externally-managed install_data
