[2.212s] Invoking command in '/home/phj/Test_cursor/05_ros2_ws_0.5/src/roomie_static_obstacle': DEBUGINFOD_URLS=https://debuginfod.ubuntu.com PS1=(ros_venv) \[\e[1;34m\](ID: ${ROS_DOMAIN_ID:-0})\[\e[1;32m\]\u\[\e[0m\]:\[\e[1;34m\]\w\[\e[0m\]$ PYTHONPATH=/home/phj/Test_cursor/05_ros2_ws_0.5/build/roomie_static_obstacle/prefix_override:/usr/lib/python3/dist-packages/colcon_core/task/python/colcon_distutils_commands:/home/phj/Test_cursor/05_ros2_ws_0.5/install/roomie_static_obstacle/lib/python3.12/site-packages:/home/phj/Test_cursor/05_ros2_ws_0.5/install/roomie_msgs/lib/python3.12/site-packages:/home/phj/Test_cursor/05_ros2_ws_0.5/install/roomie_static_obstacle/lib/python3.12/site-packages:/home/phj/Test_cursor/05_ros2_ws_0.5/install/roomie_simple_navigator/lib/python3.12/site-packages:/home/phj/Test_cursor/05_ros2_ws_0.5/install/roomie_safety_monitor/lib/python3.12/site-packages:/home/phj/Test_cursor/05_ros2_ws_0.5/install/roomie_rc_test/lib/python3.12/site-packages:/home/phj/Test_cursor/05_ros2_ws_0.5/install/roomie_gc/lib/python3.12/site-packages:/home/phj/Test_cursor/05_ros2_ws_0.5/install/roomie_rc/lib/python3.12/site-packages:/home/phj/Test_cursor/05_ros2_ws_0.5/install/roomie_gui/lib/python3.12/site-packages:/home/phj/Test_cursor/05_ros2_ws_0.5/install/roomie_ec/lib/python3.12/site-packages:/opt/ros/jazzy/lib/python3.12/site-packages VIRTUAL_ENV_PROMPT=(ros_venv) /usr/bin/python3 -W ignore:setup.py install is deprecated -W ignore:easy_install command is deprecated setup.py egg_info --egg-base ../../build/roomie_static_obstacle build --build-base /home/phj/Test_cursor/05_ros2_ws_0.5/build/roomie_static_obstacle/build install --record /home/phj/Test_cursor/05_ros2_ws_0.5/build/roomie_static_obstacle/install.log --single-version-externally-managed install_data
[2.812s] running egg_info
[2.841s] writing ../../build/roomie_static_obstacle/roomie_static_obstacle.egg-info/PKG-INFO
[2.841s] writing dependency_links to ../../build/roomie_static_obstacle/roomie_static_obstacle.egg-info/dependency_links.txt
[2.841s] writing entry points to ../../build/roomie_static_obstacle/roomie_static_obstacle.egg-info/entry_points.txt
[2.842s] writing requirements to ../../build/roomie_static_obstacle/roomie_static_obstacle.egg-info/requires.txt
[2.842s] writing top-level names to ../../build/roomie_static_obstacle/roomie_static_obstacle.egg-info/top_level.txt
[2.903s] reading manifest file '../../build/roomie_static_obstacle/roomie_static_obstacle.egg-info/SOURCES.txt'
[2.903s] writing manifest file '../../build/roomie_static_obstacle/roomie_static_obstacle.egg-info/SOURCES.txt'
[2.904s] running build
[2.904s] running build_py
[2.904s] running install
[2.911s] running install_lib
[2.953s] running install_data
[2.953s] running install_egg_info
[2.993s] removing '/home/phj/Test_cursor/05_ros2_ws_0.5/install/roomie_static_obstacle/lib/python3.12/site-packages/roomie_static_obstacle-0.0.0-py3.12.egg-info' (and everything under it)
[2.993s] Copying ../../build/roomie_static_obstacle/roomie_static_obstacle.egg-info to /home/phj/Test_cursor/05_ros2_ws_0.5/install/roomie_static_obstacle/lib/python3.12/site-packages/roomie_static_obstacle-0.0.0-py3.12.egg-info
[2.994s] running install_scripts
[3.165s] Installing route_manager script to /home/phj/Test_cursor/05_ros2_ws_0.5/install/roomie_static_obstacle/lib/roomie_static_obstacle
[3.165s] Installing tuner_node script to /home/phj/Test_cursor/05_ros2_ws_0.5/install/roomie_static_obstacle/lib/roomie_static_obstacle
[3.165s] writing list of installed files to '/home/phj/Test_cursor/05_ros2_ws_0.5/build/roomie_static_obstacle/install.log'
[3.246s] Invoked command in '/home/phj/Test_cursor/05_ros2_ws_0.5/src/roomie_static_obstacle' returned '0': DEBUGINFOD_URLS=https://debuginfod.ubuntu.com PS1=(ros_venv) \[\e[1;34m\](ID: ${ROS_DOMAIN_ID:-0})\[\e[1;32m\]\u\[\e[0m\]:\[\e[1;34m\]\w\[\e[0m\]$ PYTHONPATH=/home/phj/Test_cursor/05_ros2_ws_0.5/build/roomie_static_obstacle/prefix_override:/usr/lib/python3/dist-packages/colcon_core/task/python/colcon_distutils_commands:/home/phj/Test_cursor/05_ros2_ws_0.5/install/roomie_static_obstacle/lib/python3.12/site-packages:/home/phj/Test_cursor/05_ros2_ws_0.5/install/roomie_msgs/lib/python3.12/site-packages:/home/phj/Test_cursor/05_ros2_ws_0.5/install/roomie_static_obstacle/lib/python3.12/site-packages:/home/phj/Test_cursor/05_ros2_ws_0.5/install/roomie_simple_navigator/lib/python3.12/site-packages:/home/phj/Test_cursor/05_ros2_ws_0.5/install/roomie_safety_monitor/lib/python3.12/site-packages:/home/phj/Test_cursor/05_ros2_ws_0.5/install/roomie_rc_test/lib/python3.12/site-packages:/home/phj/Test_cursor/05_ros2_ws_0.5/install/roomie_gc/lib/python3.12/site-packages:/home/phj/Test_cursor/05_ros2_ws_0.5/install/roomie_rc/lib/python3.12/site-packages:/home/phj/Test_cursor/05_ros2_ws_0.5/install/roomie_gui/lib/python3.12/site-packages:/home/phj/Test_cursor/05_ros2_ws_0.5/install/roomie_ec/lib/python3.12/site-packages:/opt/ros/jazzy/lib/python3.12/site-packages VIRTUAL_ENV_PROMPT=(ros_venv) /usr/bin/python3 -W ignore:setup.py install is deprecated -W ignore:easy_install command is deprecated setup.py egg_info --egg-base ../../build/roomie_static_obstacle build --build-base /home/phj/Test_cursor/05_ros2_ws_0.5/build/roomie_static_obstacle/build install --record /home/phj/Test_cursor/05_ros2_ws_0.5/build/roomie_static_obstacle/install.log --single-version-externally-managed install_data
