[2.339s] Invoking command in '/home/phj/Test_cursor/05_ros2_ws_0.5/src/roomie_simple_navigator': DEBUGINFOD_URLS=https://debuginfod.ubuntu.com PS1=(ros_venv) \[\e[1;34m\](ID: ${ROS_DOMAIN_ID:-0})\[\e[1;32m\]\u\[\e[0m\]:\[\e[1;34m\]\w\[\e[0m\]$ PYTHONPATH=/home/phj/Test_cursor/05_ros2_ws_0.5/build/roomie_simple_navigator/prefix_override:/usr/lib/python3/dist-packages/colcon_core/task/python/colcon_distutils_commands:/home/phj/Test_cursor/05_ros2_ws_0.5/install/roomie_simple_navigator/lib/python3.12/site-packages:${PYTHONPATH} VIRTUAL_ENV_PROMPT=(ros_venv) /usr/bin/python3 -W ignore:setup.py install is deprecated -W ignore:easy_install command is deprecated setup.py egg_info --egg-base ../../build/roomie_simple_navigator build --build-base /home/phj/Test_cursor/05_ros2_ws_0.5/build/roomie_simple_navigator/build install --record /home/phj/Test_cursor/05_ros2_ws_0.5/build/roomie_simple_navigator/install.log --single-version-externally-managed install_data
[2.863s] running egg_info
[2.910s] writing ../../build/roomie_simple_navigator/roomie_simple_navigator.egg-info/PKG-INFO
[2.910s] writing dependency_links to ../../build/roomie_simple_navigator/roomie_simple_navigator.egg-info/dependency_links.txt
[2.911s] writing entry points to ../../build/roomie_simple_navigator/roomie_simple_navigator.egg-info/entry_points.txt
[2.911s] writing requirements to ../../build/roomie_simple_navigator/roomie_simple_navigator.egg-info/requires.txt
[2.911s] writing top-level names to ../../build/roomie_simple_navigator/roomie_simple_navigator.egg-info/top_level.txt
[2.997s] reading manifest file '../../build/roomie_simple_navigator/roomie_simple_navigator.egg-info/SOURCES.txt'
[3.000s] writing manifest file '../../build/roomie_simple_navigator/roomie_simple_navigator.egg-info/SOURCES.txt'
[3.000s] running build
[3.000s] running build_py
[3.001s] running install
[3.012s] running install_lib
[3.055s] running install_data
[3.055s] running install_egg_info
[3.100s] removing '/home/phj/Test_cursor/05_ros2_ws_0.5/install/roomie_simple_navigator/lib/python3.12/site-packages/roomie_simple_navigator-0.0.0-py3.12.egg-info' (and everything under it)
[3.100s] Copying ../../build/roomie_simple_navigator/roomie_simple_navigator.egg-info to /home/phj/Test_cursor/05_ros2_ws_0.5/install/roomie_simple_navigator/lib/python3.12/site-packages/roomie_simple_navigator-0.0.0-py3.12.egg-info
[3.102s] running install_scripts
[3.360s] Installing simple_navigator script to /home/phj/Test_cursor/05_ros2_ws_0.5/install/roomie_simple_navigator/lib/roomie_simple_navigator
[3.361s] Installing simple_navigator2 script to /home/phj/Test_cursor/05_ros2_ws_0.5/install/roomie_simple_navigator/lib/roomie_simple_navigator
[3.361s] writing list of installed files to '/home/phj/Test_cursor/05_ros2_ws_0.5/build/roomie_simple_navigator/install.log'
[3.409s] Invoked command in '/home/phj/Test_cursor/05_ros2_ws_0.5/src/roomie_simple_navigator' returned '0': DEBUGINFOD_URLS=https://debuginfod.ubuntu.com PS1=(ros_venv) \[\e[1;34m\](ID: ${ROS_DOMAIN_ID:-0})\[\e[1;32m\]\u\[\e[0m\]:\[\e[1;34m\]\w\[\e[0m\]$ PYTHONPATH=/home/phj/Test_cursor/05_ros2_ws_0.5/build/roomie_simple_navigator/prefix_override:/usr/lib/python3/dist-packages/colcon_core/task/python/colcon_distutils_commands:/home/phj/Test_cursor/05_ros2_ws_0.5/install/roomie_simple_navigator/lib/python3.12/site-packages:${PYTHONPATH} VIRTUAL_ENV_PROMPT=(ros_venv) /usr/bin/python3 -W ignore:setup.py install is deprecated -W ignore:easy_install command is deprecated setup.py egg_info --egg-base ../../build/roomie_simple_navigator build --build-base /home/phj/Test_cursor/05_ros2_ws_0.5/build/roomie_simple_navigator/build install --record /home/phj/Test_cursor/05_ros2_ws_0.5/build/roomie_simple_navigator/install.log --single-version-externally-managed install_data
