running egg_info
creating ../../build/roomie_safety_monitor/roomie_safety_monitor.egg-info
writing ../../build/roomie_safety_monitor/roomie_safety_monitor.egg-info/PKG-INFO
writing dependency_links to ../../build/roomie_safety_monitor/roomie_safety_monitor.egg-info/dependency_links.txt
writing entry points to ../../build/roomie_safety_monitor/roomie_safety_monitor.egg-info/entry_points.txt
writing requirements to ../../build/roomie_safety_monitor/roomie_safety_monitor.egg-info/requires.txt
writing top-level names to ../../build/roomie_safety_monitor/roomie_safety_monitor.egg-info/top_level.txt
writing manifest file '../../build/roomie_safety_monitor/roomie_safety_monitor.egg-info/SOURCES.txt'
reading manifest file '../../build/roomie_safety_monitor/roomie_safety_monitor.egg-info/SOURCES.txt'
writing manifest file '../../build/roomie_safety_monitor/roomie_safety_monitor.egg-info/SOURCES.txt'
running build
running build_py
creating /home/phj/Test_cursor/05_ros2_ws_0.5/build/roomie_safety_monitor/build
creating /home/phj/Test_cursor/05_ros2_ws_0.5/build/roomie_safety_monitor/build/lib
creating /home/phj/Test_cursor/05_ros2_ws_0.5/build/roomie_safety_monitor/build/lib/roomie_safety_monitor
copying roomie_safety_monitor/__init__.py -> /home/phj/Test_cursor/05_ros2_ws_0.5/build/roomie_safety_monitor/build/lib/roomie_safety_monitor
copying roomie_safety_monitor/safety_monitor_node.py -> /home/phj/Test_cursor/05_ros2_ws_0.5/build/roomie_safety_monitor/build/lib/roomie_safety_monitor
running install
running install_lib
creating /home/phj/Test_cursor/05_ros2_ws_0.5/install/roomie_safety_monitor/lib/python3.12/site-packages/roomie_safety_monitor
copying /home/phj/Test_cursor/05_ros2_ws_0.5/build/roomie_safety_monitor/build/lib/roomie_safety_monitor/__init__.py -> /home/phj/Test_cursor/05_ros2_ws_0.5/install/roomie_safety_monitor/lib/python3.12/site-packages/roomie_safety_monitor
copying /home/phj/Test_cursor/05_ros2_ws_0.5/build/roomie_safety_monitor/build/lib/roomie_safety_monitor/safety_monitor_node.py -> /home/phj/Test_cursor/05_ros2_ws_0.5/install/roomie_safety_monitor/lib/python3.12/site-packages/roomie_safety_monitor
byte-compiling /home/phj/Test_cursor/05_ros2_ws_0.5/install/roomie_safety_monitor/lib/python3.12/site-packages/roomie_safety_monitor/__init__.py to __init__.cpython-312.pyc
byte-compiling /home/phj/Test_cursor/05_ros2_ws_0.5/install/roomie_safety_monitor/lib/python3.12/site-packages/roomie_safety_monitor/safety_monitor_node.py to safety_monitor_node.cpython-312.pyc
running install_data
creating /home/phj/Test_cursor/05_ros2_ws_0.5/install/roomie_safety_monitor/share/ament_index
creating /home/phj/Test_cursor/05_ros2_ws_0.5/install/roomie_safety_monitor/share/ament_index/resource_index
creating /home/phj/Test_cursor/05_ros2_ws_0.5/install/roomie_safety_monitor/share/ament_index/resource_index/packages
copying resource/roomie_safety_monitor -> /home/phj/Test_cursor/05_ros2_ws_0.5/install/roomie_safety_monitor/share/ament_index/resource_index/packages
copying package.xml -> /home/phj/Test_cursor/05_ros2_ws_0.5/install/roomie_safety_monitor/share/roomie_safety_monitor
running install_egg_info
Copying ../../build/roomie_safety_monitor/roomie_safety_monitor.egg-info to /home/phj/Test_cursor/05_ros2_ws_0.5/install/roomie_safety_monitor/lib/python3.12/site-packages/roomie_safety_monitor-0.0.0-py3.12.egg-info
running install_scripts
Installing obstacle_simulator script to /home/phj/Test_cursor/05_ros2_ws_0.5/install/roomie_safety_monitor/lib/roomie_safety_monitor
Installing safety_monitor_node script to /home/phj/Test_cursor/05_ros2_ws_0.5/install/roomie_safety_monitor/lib/roomie_safety_monitor
writing list of installed files to '/home/phj/Test_cursor/05_ros2_ws_0.5/build/roomie_safety_monitor/install.log'
