[4.422s] Invoking command in '/home/phj/Test_cursor/05_ros2_ws_0.5/src/roomie_safety_monitor': AMENT_PREFIX_PATH=/home/phj/Test_cursor/05_ros2_ws_0.5/install/roomie_msgs:${AMENT_PREFIX_PATH} CMAKE_PREFIX_PATH=/home/phj/Test_cursor/05_ros2_ws_0.5/install/roomie_msgs:${CMAKE_PREFIX_PATH} DEBUGINFOD_URLS=https://debuginfod.ubuntu.com LD_LIBRARY_PATH=/home/phj/Test_cursor/05_ros2_ws_0.5/install/roomie_msgs/lib:${LD_LIBRARY_PATH} PS1=(ros_venv) \[\e[1;34m\](ID: ${ROS_DOMAIN_ID:-0})\[\e[1;32m\]\u\[\e[0m\]:\[\e[1;34m\]\w\[\e[0m\]$ PYTHONPATH=/home/phj/Test_cursor/05_ros2_ws_0.5/build/roomie_safety_monitor/prefix_override:/usr/lib/python3/dist-packages/colcon_core/task/python/colcon_distutils_commands:/home/phj/Test_cursor/05_ros2_ws_0.5/install/roomie_safety_monitor/lib/python3.12/site-packages:/home/phj/Test_cursor/05_ros2_ws_0.5/install/roomie_msgs/lib/python3.12/site-packages:${PYTHONPATH} VIRTUAL_ENV_PROMPT=(ros_venv) /usr/bin/python3 -W ignore:setup.py install is deprecated -W ignore:easy_install command is deprecated setup.py egg_info --egg-base ../../build/roomie_safety_monitor build --build-base /home/phj/Test_cursor/05_ros2_ws_0.5/build/roomie_safety_monitor/build install --record /home/phj/Test_cursor/05_ros2_ws_0.5/build/roomie_safety_monitor/install.log --single-version-externally-managed install_data
[4.860s] running egg_info
[4.860s] creating ../../build/roomie_safety_monitor/roomie_safety_monitor.egg-info
[4.898s] writing ../../build/roomie_safety_monitor/roomie_safety_monitor.egg-info/PKG-INFO
[4.898s] writing dependency_links to ../../build/roomie_safety_monitor/roomie_safety_monitor.egg-info/dependency_links.txt
[4.899s] writing entry points to ../../build/roomie_safety_monitor/roomie_safety_monitor.egg-info/entry_points.txt
[4.899s] writing requirements to ../../build/roomie_safety_monitor/roomie_safety_monitor.egg-info/requires.txt
[4.899s] writing top-level names to ../../build/roomie_safety_monitor/roomie_safety_monitor.egg-info/top_level.txt
[4.899s] writing manifest file '../../build/roomie_safety_monitor/roomie_safety_monitor.egg-info/SOURCES.txt'
[4.974s] reading manifest file '../../build/roomie_safety_monitor/roomie_safety_monitor.egg-info/SOURCES.txt'
[4.974s] writing manifest file '../../build/roomie_safety_monitor/roomie_safety_monitor.egg-info/SOURCES.txt'
[4.975s] running build
[4.975s] running build_py
[4.976s] creating /home/phj/Test_cursor/05_ros2_ws_0.5/build/roomie_safety_monitor/build
[4.976s] creating /home/phj/Test_cursor/05_ros2_ws_0.5/build/roomie_safety_monitor/build/lib
[4.977s] creating /home/phj/Test_cursor/05_ros2_ws_0.5/build/roomie_safety_monitor/build/lib/roomie_safety_monitor
[4.977s] copying roomie_safety_monitor/__init__.py -> /home/phj/Test_cursor/05_ros2_ws_0.5/build/roomie_safety_monitor/build/lib/roomie_safety_monitor
[4.978s] copying roomie_safety_monitor/safety_monitor_node.py -> /home/phj/Test_cursor/05_ros2_ws_0.5/build/roomie_safety_monitor/build/lib/roomie_safety_monitor
[4.978s] running install
[4.985s] running install_lib
[5.028s] creating /home/phj/Test_cursor/05_ros2_ws_0.5/install/roomie_safety_monitor/lib/python3.12/site-packages/roomie_safety_monitor
[5.028s] copying /home/phj/Test_cursor/05_ros2_ws_0.5/build/roomie_safety_monitor/build/lib/roomie_safety_monitor/__init__.py -> /home/phj/Test_cursor/05_ros2_ws_0.5/install/roomie_safety_monitor/lib/python3.12/site-packages/roomie_safety_monitor
[5.028s] copying /home/phj/Test_cursor/05_ros2_ws_0.5/build/roomie_safety_monitor/build/lib/roomie_safety_monitor/safety_monitor_node.py -> /home/phj/Test_cursor/05_ros2_ws_0.5/install/roomie_safety_monitor/lib/python3.12/site-packages/roomie_safety_monitor
[5.029s] byte-compiling /home/phj/Test_cursor/05_ros2_ws_0.5/install/roomie_safety_monitor/lib/python3.12/site-packages/roomie_safety_monitor/__init__.py to __init__.cpython-312.pyc
[5.029s] byte-compiling /home/phj/Test_cursor/05_ros2_ws_0.5/install/roomie_safety_monitor/lib/python3.12/site-packages/roomie_safety_monitor/safety_monitor_node.py to safety_monitor_node.cpython-312.pyc
[5.031s] running install_data
[5.031s] creating /home/phj/Test_cursor/05_ros2_ws_0.5/install/roomie_safety_monitor/share/ament_index
[5.032s] creating /home/phj/Test_cursor/05_ros2_ws_0.5/install/roomie_safety_monitor/share/ament_index/resource_index
[5.032s] creating /home/phj/Test_cursor/05_ros2_ws_0.5/install/roomie_safety_monitor/share/ament_index/resource_index/packages
[5.032s] copying resource/roomie_safety_monitor -> /home/phj/Test_cursor/05_ros2_ws_0.5/install/roomie_safety_monitor/share/ament_index/resource_index/packages
[5.032s] copying package.xml -> /home/phj/Test_cursor/05_ros2_ws_0.5/install/roomie_safety_monitor/share/roomie_safety_monitor
[5.032s] running install_egg_info
[5.071s] Copying ../../build/roomie_safety_monitor/roomie_safety_monitor.egg-info to /home/phj/Test_cursor/05_ros2_ws_0.5/install/roomie_safety_monitor/lib/python3.12/site-packages/roomie_safety_monitor-0.0.0-py3.12.egg-info
[5.072s] running install_scripts
[5.290s] Installing obstacle_simulator script to /home/phj/Test_cursor/05_ros2_ws_0.5/install/roomie_safety_monitor/lib/roomie_safety_monitor
[5.291s] Installing safety_monitor_node script to /home/phj/Test_cursor/05_ros2_ws_0.5/install/roomie_safety_monitor/lib/roomie_safety_monitor
[5.291s] writing list of installed files to '/home/phj/Test_cursor/05_ros2_ws_0.5/build/roomie_safety_monitor/install.log'
[5.338s] Invoked command in '/home/phj/Test_cursor/05_ros2_ws_0.5/src/roomie_safety_monitor' returned '0': AMENT_PREFIX_PATH=/home/phj/Test_cursor/05_ros2_ws_0.5/install/roomie_msgs:${AMENT_PREFIX_PATH} CMAKE_PREFIX_PATH=/home/phj/Test_cursor/05_ros2_ws_0.5/install/roomie_msgs:${CMAKE_PREFIX_PATH} DEBUGINFOD_URLS=https://debuginfod.ubuntu.com LD_LIBRARY_PATH=/home/phj/Test_cursor/05_ros2_ws_0.5/install/roomie_msgs/lib:${LD_LIBRARY_PATH} PS1=(ros_venv) \[\e[1;34m\](ID: ${ROS_DOMAIN_ID:-0})\[\e[1;32m\]\u\[\e[0m\]:\[\e[1;34m\]\w\[\e[0m\]$ PYTHONPATH=/home/phj/Test_cursor/05_ros2_ws_0.5/build/roomie_safety_monitor/prefix_override:/usr/lib/python3/dist-packages/colcon_core/task/python/colcon_distutils_commands:/home/phj/Test_cursor/05_ros2_ws_0.5/install/roomie_safety_monitor/lib/python3.12/site-packages:/home/phj/Test_cursor/05_ros2_ws_0.5/install/roomie_msgs/lib/python3.12/site-packages:${PYTHONPATH} VIRTUAL_ENV_PROMPT=(ros_venv) /usr/bin/python3 -W ignore:setup.py install is deprecated -W ignore:easy_install command is deprecated setup.py egg_info --egg-base ../../build/roomie_safety_monitor build --build-base /home/phj/Test_cursor/05_ros2_ws_0.5/build/roomie_safety_monitor/build install --record /home/phj/Test_cursor/05_ros2_ws_0.5/build/roomie_safety_monitor/install.log --single-version-externally-managed install_data
