[2.664s] Invoking command in '/home/phj/Test_cursor/05_ros2_ws_0.5/src/roomie_gc': AMENT_PREFIX_PATH=/home/phj/Test_cursor/05_ros2_ws_0.5/install/roomie_rc:/home/phj/Test_cursor/05_ros2_ws_0.5/install/roomie_msgs CMAKE_PREFIX_PATH=/home/phj/Test_cursor/05_ros2_ws_0.5/install/roomie_msgs DEBUGINFOD_URLS=https://debuginfod.ubuntu.com LD_LIBRARY_PATH=/home/phj/Test_cursor/05_ros2_ws_0.5/install/roomie_msgs/lib:/tmp/.mount_Cursorg7m635/usr/lib/:/tmp/.mount_Cursorg7m635/usr/lib32/:/tmp/.mount_Cursorg7m635/usr/lib64/:/tmp/.mount_Cursorg7m635/lib/:/tmp/.mount_Cursorg7m635/lib/i386-linux-gnu/:/tmp/.mount_Cursorg7m635/lib/x86_64-linux-gnu/:/tmp/.mount_Cursorg7m635/lib/aarch64-linux-gnu/:/tmp/.mount_Cursorg7m635/lib32/:/tmp/.mount_Cursorg7m635/lib64/ PYTHONPATH=/home/phj/Test_cursor/05_ros2_ws_0.5/build/roomie_gc/prefix_override:/usr/lib/python3/dist-packages/colcon_core/task/python/colcon_distutils_commands:/home/phj/Test_cursor/05_ros2_ws_0.5/install/roomie_gc/lib/python3.12/site-packages:/home/phj/Test_cursor/05_ros2_ws_0.5/install/roomie_rc/lib/python3.12/site-packages:/home/phj/Test_cursor/05_ros2_ws_0.5/install/roomie_msgs/lib/python3.12/site-packages /usr/bin/python3 -W ignore:setup.py install is deprecated -W ignore:easy_install command is deprecated setup.py egg_info --egg-base ../../build/roomie_gc build --build-base /home/phj/Test_cursor/05_ros2_ws_0.5/build/roomie_gc/build install --record /home/phj/Test_cursor/05_ros2_ws_0.5/build/roomie_gc/install.log --single-version-externally-managed install_data
[3.374s] running egg_info
[3.411s] writing ../../build/roomie_gc/roomie_gc.egg-info/PKG-INFO
[3.413s] writing dependency_links to ../../build/roomie_gc/roomie_gc.egg-info/dependency_links.txt
[3.414s] writing entry points to ../../build/roomie_gc/roomie_gc.egg-info/entry_points.txt
[3.415s] writing requirements to ../../build/roomie_gc/roomie_gc.egg-info/requires.txt
[3.416s] writing top-level names to ../../build/roomie_gc/roomie_gc.egg-info/top_level.txt
[3.495s] reading manifest file '../../build/roomie_gc/roomie_gc.egg-info/SOURCES.txt'
[3.497s] writing manifest file '../../build/roomie_gc/roomie_gc.egg-info/SOURCES.txt'
[3.500s] running build
[3.503s] running build_py
[3.504s] copying roomie_gc/scripts/speed_limit_controller.py -> /home/phj/Test_cursor/05_ros2_ws_0.5/build/roomie_gc/build/lib/roomie_gc/scripts
[3.506s] running install
[3.524s] running install_lib
[3.565s] copying /home/phj/Test_cursor/05_ros2_ws_0.5/build/roomie_gc/build/lib/roomie_gc/scripts/speed_limit_controller.py -> /home/phj/Test_cursor/05_ros2_ws_0.5/install/roomie_gc/lib/python3.12/site-packages/roomie_gc/scripts
[3.567s] byte-compiling /home/phj/Test_cursor/05_ros2_ws_0.5/install/roomie_gc/lib/python3.12/site-packages/roomie_gc/scripts/speed_limit_controller.py to speed_limit_controller.cpython-312.pyc
[3.572s] running install_data
[3.573s] running install_egg_info
[3.614s] removing '/home/phj/Test_cursor/05_ros2_ws_0.5/install/roomie_gc/lib/python3.12/site-packages/roomie_gc-0.0.0-py3.12.egg-info' (and everything under it)
[3.619s] Copying ../../build/roomie_gc/roomie_gc.egg-info to /home/phj/Test_cursor/05_ros2_ws_0.5/install/roomie_gc/lib/python3.12/site-packages/roomie_gc-0.0.0-py3.12.egg-info
[3.624s] running install_scripts
[3.950s] Installing roomie_gc_node script to /home/phj/Test_cursor/05_ros2_ws_0.5/install/roomie_gc/lib/roomie_gc
[3.950s] Installing slowdown_test script to /home/phj/Test_cursor/05_ros2_ws_0.5/install/roomie_gc/lib/roomie_gc
[3.951s] Installing speed_limit_controller script to /home/phj/Test_cursor/05_ros2_ws_0.5/install/roomie_gc/lib/roomie_gc
[3.951s] Installing test_servers script to /home/phj/Test_cursor/05_ros2_ws_0.5/install/roomie_gc/lib/roomie_gc
[3.951s] Installing tracking_gui script to /home/phj/Test_cursor/05_ros2_ws_0.5/install/roomie_gc/lib/roomie_gc
[3.952s] writing list of installed files to '/home/phj/Test_cursor/05_ros2_ws_0.5/build/roomie_gc/install.log'
[4.205s] Invoked command in '/home/phj/Test_cursor/05_ros2_ws_0.5/src/roomie_gc' returned '0': AMENT_PREFIX_PATH=/home/phj/Test_cursor/05_ros2_ws_0.5/install/roomie_rc:/home/phj/Test_cursor/05_ros2_ws_0.5/install/roomie_msgs CMAKE_PREFIX_PATH=/home/phj/Test_cursor/05_ros2_ws_0.5/install/roomie_msgs DEBUGINFOD_URLS=https://debuginfod.ubuntu.com LD_LIBRARY_PATH=/home/phj/Test_cursor/05_ros2_ws_0.5/install/roomie_msgs/lib:/tmp/.mount_Cursorg7m635/usr/lib/:/tmp/.mount_Cursorg7m635/usr/lib32/:/tmp/.mount_Cursorg7m635/usr/lib64/:/tmp/.mount_Cursorg7m635/lib/:/tmp/.mount_Cursorg7m635/lib/i386-linux-gnu/:/tmp/.mount_Cursorg7m635/lib/x86_64-linux-gnu/:/tmp/.mount_Cursorg7m635/lib/aarch64-linux-gnu/:/tmp/.mount_Cursorg7m635/lib32/:/tmp/.mount_Cursorg7m635/lib64/ PYTHONPATH=/home/phj/Test_cursor/05_ros2_ws_0.5/build/roomie_gc/prefix_override:/usr/lib/python3/dist-packages/colcon_core/task/python/colcon_distutils_commands:/home/phj/Test_cursor/05_ros2_ws_0.5/install/roomie_gc/lib/python3.12/site-packages:/home/phj/Test_cursor/05_ros2_ws_0.5/install/roomie_rc/lib/python3.12/site-packages:/home/phj/Test_cursor/05_ros2_ws_0.5/install/roomie_msgs/lib/python3.12/site-packages /usr/bin/python3 -W ignore:setup.py install is deprecated -W ignore:easy_install command is deprecated setup.py egg_info --egg-base ../../build/roomie_gc build --build-base /home/phj/Test_cursor/05_ros2_ws_0.5/build/roomie_gc/build install --record /home/phj/Test_cursor/05_ros2_ws_0.5/build/roomie_gc/install.log --single-version-externally-managed install_data
