running egg_info
creating ../../build/roomie_ec/roomie_ec.egg-info
writing ../../build/roomie_ec/roomie_ec.egg-info/PKG-INFO
writing dependency_links to ../../build/roomie_ec/roomie_ec.egg-info/dependency_links.txt
writing entry points to ../../build/roomie_ec/roomie_ec.egg-info/entry_points.txt
writing requirements to ../../build/roomie_ec/roomie_ec.egg-info/requires.txt
writing top-level names to ../../build/roomie_ec/roomie_ec.egg-info/top_level.txt
writing manifest file '../../build/roomie_ec/roomie_ec.egg-info/SOURCES.txt'
reading manifest file '../../build/roomie_ec/roomie_ec.egg-info/SOURCES.txt'
writing manifest file '../../build/roomie_ec/roomie_ec.egg-info/SOURCES.txt'
running build
running build_py
creating /home/phj/Test_cursor/05_ros2_ws_0.5/build/roomie_ec/build
creating /home/phj/Test_cursor/05_ros2_ws_0.5/build/roomie_ec/build/lib
creating /home/phj/Test_cursor/05_ros2_ws_0.5/build/roomie_ec/build/lib/roomie_ec
copying roomie_ec/__init__.py -> /home/phj/Test_cursor/05_ros2_ws_0.5/build/roomie_ec/build/lib/roomie_ec
copying roomie_ec/config.py -> /home/phj/Test_cursor/05_ros2_ws_0.5/build/roomie_ec/build/lib/roomie_ec
copying roomie_ec/roomie_ec_node.py -> /home/phj/Test_cursor/05_ros2_ws_0.5/build/roomie_ec/build/lib/roomie_ec
creating /home/phj/Test_cursor/05_ros2_ws_0.5/build/roomie_ec/build/lib/scripts
copying scripts/button_detector.py -> /home/phj/Test_cursor/05_ros2_ws_0.5/build/roomie_ec/build/lib/scripts
copying scripts/__init__.py -> /home/phj/Test_cursor/05_ros2_ws_0.5/build/roomie_ec/build/lib/scripts
copying scripts/button_controller.py -> /home/phj/Test_cursor/05_ros2_ws_0.5/build/roomie_ec/build/lib/scripts
copying scripts/test_communication_node.py -> /home/phj/Test_cursor/05_ros2_ws_0.5/build/roomie_ec/build/lib/scripts
copying scripts/topic_monitor_node.py -> /home/phj/Test_cursor/05_ros2_ws_0.5/build/roomie_ec/build/lib/scripts
running install
running install_lib
creating /home/phj/Test_cursor/05_ros2_ws_0.5/install/roomie_ec/lib/python3.12/site-packages/roomie_ec
copying /home/phj/Test_cursor/05_ros2_ws_0.5/build/roomie_ec/build/lib/roomie_ec/__init__.py -> /home/phj/Test_cursor/05_ros2_ws_0.5/install/roomie_ec/lib/python3.12/site-packages/roomie_ec
copying /home/phj/Test_cursor/05_ros2_ws_0.5/build/roomie_ec/build/lib/roomie_ec/config.py -> /home/phj/Test_cursor/05_ros2_ws_0.5/install/roomie_ec/lib/python3.12/site-packages/roomie_ec
copying /home/phj/Test_cursor/05_ros2_ws_0.5/build/roomie_ec/build/lib/roomie_ec/roomie_ec_node.py -> /home/phj/Test_cursor/05_ros2_ws_0.5/install/roomie_ec/lib/python3.12/site-packages/roomie_ec
creating /home/phj/Test_cursor/05_ros2_ws_0.5/install/roomie_ec/lib/python3.12/site-packages/scripts
copying /home/phj/Test_cursor/05_ros2_ws_0.5/build/roomie_ec/build/lib/scripts/button_detector.py -> /home/phj/Test_cursor/05_ros2_ws_0.5/install/roomie_ec/lib/python3.12/site-packages/scripts
copying /home/phj/Test_cursor/05_ros2_ws_0.5/build/roomie_ec/build/lib/scripts/__init__.py -> /home/phj/Test_cursor/05_ros2_ws_0.5/install/roomie_ec/lib/python3.12/site-packages/scripts
copying /home/phj/Test_cursor/05_ros2_ws_0.5/build/roomie_ec/build/lib/scripts/button_controller.py -> /home/phj/Test_cursor/05_ros2_ws_0.5/install/roomie_ec/lib/python3.12/site-packages/scripts
copying /home/phj/Test_cursor/05_ros2_ws_0.5/build/roomie_ec/build/lib/scripts/test_communication_node.py -> /home/phj/Test_cursor/05_ros2_ws_0.5/install/roomie_ec/lib/python3.12/site-packages/scripts
copying /home/phj/Test_cursor/05_ros2_ws_0.5/build/roomie_ec/build/lib/scripts/topic_monitor_node.py -> /home/phj/Test_cursor/05_ros2_ws_0.5/install/roomie_ec/lib/python3.12/site-packages/scripts
byte-compiling /home/phj/Test_cursor/05_ros2_ws_0.5/install/roomie_ec/lib/python3.12/site-packages/roomie_ec/__init__.py to __init__.cpython-312.pyc
byte-compiling /home/phj/Test_cursor/05_ros2_ws_0.5/install/roomie_ec/lib/python3.12/site-packages/roomie_ec/config.py to config.cpython-312.pyc
byte-compiling /home/phj/Test_cursor/05_ros2_ws_0.5/install/roomie_ec/lib/python3.12/site-packages/roomie_ec/roomie_ec_node.py to roomie_ec_node.cpython-312.pyc
byte-compiling /home/phj/Test_cursor/05_ros2_ws_0.5/install/roomie_ec/lib/python3.12/site-packages/scripts/button_detector.py to button_detector.cpython-312.pyc
byte-compiling /home/phj/Test_cursor/05_ros2_ws_0.5/install/roomie_ec/lib/python3.12/site-packages/scripts/__init__.py to __init__.cpython-312.pyc
byte-compiling /home/phj/Test_cursor/05_ros2_ws_0.5/install/roomie_ec/lib/python3.12/site-packages/scripts/button_controller.py to button_controller.cpython-312.pyc
byte-compiling /home/phj/Test_cursor/05_ros2_ws_0.5/install/roomie_ec/lib/python3.12/site-packages/scripts/test_communication_node.py to test_communication_node.cpython-312.pyc
byte-compiling /home/phj/Test_cursor/05_ros2_ws_0.5/install/roomie_ec/lib/python3.12/site-packages/scripts/topic_monitor_node.py to topic_monitor_node.cpython-312.pyc
running install_data
creating /home/phj/Test_cursor/05_ros2_ws_0.5/install/roomie_ec/share/ament_index
creating /home/phj/Test_cursor/05_ros2_ws_0.5/install/roomie_ec/share/ament_index/resource_index
creating /home/phj/Test_cursor/05_ros2_ws_0.5/install/roomie_ec/share/ament_index/resource_index/packages
copying resource/roomie_ec -> /home/phj/Test_cursor/05_ros2_ws_0.5/install/roomie_ec/share/ament_index/resource_index/packages
copying package.xml -> /home/phj/Test_cursor/05_ros2_ws_0.5/install/roomie_ec/share/roomie_ec
creating /home/phj/Test_cursor/05_ros2_ws_0.5/install/roomie_ec/share/roomie_ec/launch
copying launch/test_communication_launch.py -> /home/phj/Test_cursor/05_ros2_ws_0.5/install/roomie_ec/share/roomie_ec/launch
copying launch/roomie_ec_launch.py -> /home/phj/Test_cursor/05_ros2_ws_0.5/install/roomie_ec/share/roomie_ec/launch
copying launch/test_integration_launch.py -> /home/phj/Test_cursor/05_ros2_ws_0.5/install/roomie_ec/share/roomie_ec/launch
creating /home/phj/Test_cursor/05_ros2_ws_0.5/install/roomie_ec/share/roomie_ec/models
copying models/best.pt -> /home/phj/Test_cursor/05_ros2_ws_0.5/install/roomie_ec/share/roomie_ec/models
running install_egg_info
Copying ../../build/roomie_ec/roomie_ec.egg-info to /home/phj/Test_cursor/05_ros2_ws_0.5/install/roomie_ec/lib/python3.12/site-packages/roomie_ec-0.0.0-py3.12.egg-info
running install_scripts
Installing button_controller script to /home/phj/Test_cursor/05_ros2_ws_0.5/install/roomie_ec/lib/roomie_ec
Installing button_detector script to /home/phj/Test_cursor/05_ros2_ws_0.5/install/roomie_ec/lib/roomie_ec
Installing roomie_ec_node script to /home/phj/Test_cursor/05_ros2_ws_0.5/install/roomie_ec/lib/roomie_ec
Installing test_communication_node script to /home/phj/Test_cursor/05_ros2_ws_0.5/install/roomie_ec/lib/roomie_ec
Installing topic_monitor_node script to /home/phj/Test_cursor/05_ros2_ws_0.5/install/roomie_ec/lib/roomie_ec
writing list of installed files to '/home/phj/Test_cursor/05_ros2_ws_0.5/build/roomie_ec/install.log'
